#
# A fatal error has been detected by the Java Runtime Environment:
#
#  EXCEPTION_ACCESS_VIOLATION (0xc0000005) at pc=0x00000000031a02d5, pid=2648, tid=10756
#
# JRE version: Java(TM) SE Runtime Environment (8.0_91-b15) (build 1.8.0_91-b15)
# Java VM: Java HotSpot(TM) 64-Bit Server VM (25.91-b15 mixed mode windows-amd64 compressed oops)
# Problematic frame:
# J 1196 C2 com.sun.javafx.image.impl.IntArgb$ToByteBgraPreConv.doConvert([III[BIIII)V (209 bytes) @ 0x00000000031a02d5 [0x00000000031a0280+0x55]
#
# Failed to write core dump. Minidumps are not enabled by default on client versions of Windows
#
# If you would like to submit a bug report, please visit:
#   http://bugreport.java.com/bugreport/crash.jsp
# The crash happened outside the Java Virtual Machine in native code.
# See problematic frame for where to report the bug.
#

---------------  T H R E A D  ---------------

Current thread (0x0000000019567000):  JavaThread "JavaFX Application Thread" [_thread_in_native, id=10756, stack(0x0000000019ac0000,0x0000000019bc0000)]

siginfo: ExceptionCode=0xc0000005, reading address 0x0000000000e40000

Registers:
RAX=0x0000000000144000, RBX=0x0000000000144000, RCX=0x0000000000000000, RDX=0x0000000000510000
RSP=0x0000000019bbd608, RBP=0x0000000019bbd6c0, RSI=0x00000000e1542878, RDI=0x00000000ffaf1800
R8 =0x00000000824af7f8, R9 =0x0000000000000000, R10=0x00000000ffebc600, R11=0x00000000ffffffff
R12=0x0000000000000000, R13=0x00000000ff42522e, R14=0x0000000000006680, R15=0x0000000019567000
RIP=0x00000000031a02d5, EFLAGS=0x0000000000010206

Top of Stack: (sp=0x0000000019bbd608)
0x0000000019bbd608:   0000000002da835d 0000000000001800
0x0000000019bbd618:   0014400000144000 0000000000000001
0x0000000019bbd628:   00000000000a2002 0000000002da835d
0x0000000019bbd638:   0000000000000001 0000000000144000
0x0000000019bbd648:   0000000000001800 0000000000000000
0x0000000019bbd658:   00000000e1542878 0000000000000600
0x0000000019bbd668:   0000000000000000 00000000824af7f8
0x0000000019bbd678:   000000008381bd28 0000000019bbd680
0x0000000019bbd688:   00000000240b6495 0000000019bbd710
0x0000000019bbd698:   00000000240b6aa0 0000000000000000
0x0000000019bbd6a8:   00000000240b64a8 0000000019bbd638
0x0000000019bbd6b8:   0000000019bbd6d0 0000000019bbd758
0x0000000019bbd6c8:   0000000002da83a2 0000000000000001
0x0000000019bbd6d8:   0000000000144000 0000000000001800
0x0000000019bbd6e8:   0000000000000000 00000000e1542878
0x0000000019bbd6f8:   0000000000000600 0000000000000000 

Instructions: (pc=0x00000000031a02d5)
0x00000000031a02b5:   85 db 7c 17 44 8b d7 44 2b 54 24 58 8b 54 24 58
0x00000000031a02c5:   c1 e2 02 8b 7c 24 50 2b fa eb 41 48 83 c4 40 5d
0x00000000031a02d5:   85 05 25 fd c9 fd c3 83 c5 04 8b 5c 24 5c c4 c1
0x00000000031a02e5:   79 7e ca c4 c1 f9 7e c0 c4 c1 79 7e db c5 f9 7e 


Register to memory mapping:

RAX=0x0000000000144000 is an unknown value
RBX=0x0000000000144000 is an unknown value
RCX=0x0000000000000000 is an unknown value
RDX=0x0000000000510000 is an unknown value
RSP=0x0000000019bbd608 is pointing into the stack for thread: 0x0000000019567000
RBP=0x0000000019bbd6c0 is pointing into the stack for thread: 0x0000000019567000
RSI=0x00000000e1542878 is an oop
[B 
 - klass: {type array byte}
 - length: 5308416
RDI=0x00000000ffaf1800 is an oop

[error occurred during error reporting (printing register info), id 0xc0000005]

Stack: [0x0000000019ac0000,0x0000000019bc0000],  sp=0x0000000019bbd608,  free space=1013k
Native frames: (J=compiled Java code, j=interpreted, Vv=VM code, C=native code)
C  0x00000000031a02d5


---------------  P R O C E S S  ---------------

Java Threads: ( => current thread )
  0x00000000206c0000 JavaThread "AWT-EventQueue-0" [_thread_blocked, id=4868, stack(0x0000000034e00000,0x0000000034f00000)]
  0x00000000206c6000 JavaThread "AWT-Windows" daemon [_thread_in_native, id=9260, stack(0x0000000034d00000,0x0000000034e00000)]
  0x00000000206c1800 JavaThread "AWT-Shutdown" [_thread_blocked, id=4120, stack(0x0000000034c00000,0x0000000034d00000)]
  0x00000000206c1000 JavaThread "Java2D Disposer" daemon [_thread_blocked, id=10416, stack(0x00000000340a0000,0x00000000341a0000)]
  0x00000000206c5800 JavaThread "pool-2-thread-5" [_thread_blocked, id=3152, stack(0x0000000033fa0000,0x00000000340a0000)]
  0x00000000206c3000 JavaThread "pool-2-thread-4" [_thread_in_native, id=9340, stack(0x0000000033ca0000,0x0000000033da0000)]
  0x00000000206c4800 JavaThread "TimerQueue" daemon [_thread_blocked, id=8996, stack(0x00000000335c0000,0x00000000336c0000)]
  0x00000000206c7000 JavaThread "Thread-5" [_thread_in_native, id=5804, stack(0x00000000331e0000,0x00000000332e0000)]
  0x0000000020604000 JavaThread "Prism Font Disposer" daemon [_thread_blocked, id=10048, stack(0x0000000032ee0000,0x0000000032fe0000)]
  0x00000000204ee000 JavaThread "pool-2-thread-3" [_thread_in_native, id=7040, stack(0x0000000023360000,0x0000000023460000)]
  0x00000000204df000 JavaThread "pool-2-thread-2" [_thread_in_native, id=10472, stack(0x0000000023060000,0x0000000023160000)]
  0x00000000204c5000 JavaThread "pool-2-thread-1" [_thread_in_native, id=11180, stack(0x0000000022f60000,0x0000000023060000)]
  0x000000002017b800 JavaThread "JavaFX-Launcher" [_thread_blocked, id=4556, stack(0x0000000020a30000,0x0000000020b30000)]
  0x0000000020176800 JavaThread "Thread-2" daemon [_thread_in_native, id=1200, stack(0x0000000020930000,0x0000000020a30000)]
=>0x0000000019567000 JavaThread "JavaFX Application Thread" [_thread_in_native, id=10756, stack(0x0000000019ac0000,0x0000000019bc0000)]
  0x0000000019557800 JavaThread "Thread-1" daemon [_thread_blocked, id=9696, stack(0x00000000199c0000,0x0000000019ac0000)]
  0x000000001952c000 JavaThread "QuantumRenderer-0" daemon [_thread_blocked, id=9244, stack(0x00000000197a0000,0x00000000198a0000)]
  0x00000000191d0800 JavaThread "Service Thread" daemon [_thread_blocked, id=9832, stack(0x00000000195a0000,0x00000000196a0000)]
  0x0000000017869800 JavaThread "C1 CompilerThread2" daemon [_thread_blocked, id=11244, stack(0x00000000190a0000,0x00000000191a0000)]
  0x0000000017862800 JavaThread "C2 CompilerThread1" daemon [_thread_blocked, id=9076, stack(0x0000000018fa0000,0x00000000190a0000)]
  0x000000001785e800 JavaThread "C2 CompilerThread0" daemon [_thread_in_native, id=5904, stack(0x0000000018ea0000,0x0000000018fa0000)]
  0x000000001785d000 JavaThread "Attach Listener" daemon [_thread_blocked, id=7556, stack(0x0000000018da0000,0x0000000018ea0000)]
  0x000000001785c000 JavaThread "Signal Dispatcher" daemon [_thread_blocked, id=11024, stack(0x0000000018ca0000,0x0000000018da0000)]
  0x000000001784a800 JavaThread "Finalizer" daemon [_thread_blocked, id=9536, stack(0x0000000018ac0000,0x0000000018bc0000)]
  0x0000000002d91800 JavaThread "Reference Handler" daemon [_thread_blocked, id=5284, stack(0x00000000189c0000,0x0000000018ac0000)]
  0x00000000029dd800 JavaThread "main" [_thread_blocked, id=4492, stack(0x0000000002ba0000,0x0000000002ca0000)]

Other Threads:
  0x0000000017827800 VMThread [stack: 0x00000000188c0000,0x00000000189c0000] [id=868]
  0x00000000191f2800 WatcherThread [stack: 0x00000000196a0000,0x00000000197a0000] [id=7728]

VM state:not at safepoint (normal execution)

VM Mutex/Monitor currently owned by a thread: None

Heap:
 PSYoungGen      total 654336K, used 195301K [0x00000000d6180000, 0x00000000ffe80000, 0x0000000100000000)
  eden space 624640K, 31% used [0x00000000d6180000,0x00000000e2009670,0x00000000fc380000)
  from space 29696K, 0% used [0x00000000fe180000,0x00000000fe1b0000,0x00000000ffe80000)
  to   space 30208K, 0% used [0x00000000fc380000,0x00000000fc380000,0x00000000fe100000)
 ParOldGen       total 96768K, used 37584K [0x0000000082400000, 0x0000000088280000, 0x00000000d6180000)
  object space 96768K, 38% used [0x0000000082400000,0x00000000848b43f0,0x0000000088280000)
 Metaspace       used 20679K, capacity 21304K, committed 21504K, reserved 1069056K
  class space    used 2619K, capacity 2756K, committed 2816K, reserved 1048576K

Card table byte_map: [0x0000000012160000,0x0000000012550000] byte_map_base: 0x0000000011d4e000

Marking Bits: (ParMarkBitMap*) 0x0000000077032f70
 Begin Bits: [0x0000000012bf0000, 0x0000000014b60000)
 End Bits:   [0x0000000014b60000, 0x0000000016ad0000)

Polling page: 0x0000000000e40000

CodeCache: size=245760Kb used=9398Kb max_used=9421Kb free=236361Kb
 bounds [0x0000000002da0000, 0x00000000036f0000, 0x0000000011da0000]
 total_blobs=3665 nmethods=2933 adapters=644
 compilation: enabled

Compilation events (10 events):
Event: 14.392 Thread 0x000000001785e800 3155       4       org.apache.http.HttpHost::<init> (63 bytes)
Event: 14.395 Thread 0x000000001785e800 nmethod 3155 0x00000000036d2150 code [0x00000000036d22c0, 0x00000000036d2558]
Event: 14.428 Thread 0x000000001785e800 3156   !   4       java.net.URI$Parser::parseIPv4Address (62 bytes)
Event: 14.433 Thread 0x000000001785e800 nmethod 3156 0x00000000036d17d0 code [0x00000000036d1920, 0x00000000036d1cd8]
Event: 14.446 Thread 0x000000001785e800 3157       4       org.apache.http.message.ParserCursor::updatePos (100 bytes)
Event: 14.446 Thread 0x000000001785e800 nmethod 3157 0x0000000003687890 code [0x00000000036879c0, 0x0000000003687a58]
Event: 14.451 Thread 0x000000001785e800 3158       4       java.net.URI$Parser::parseHostname (202 bytes)
Event: 14.481 Thread 0x0000000017869800 3159       1       ch.aplu.xboxcontroller.XboxController::access$1000 (5 bytes)
Event: 14.481 Thread 0x0000000017869800 nmethod 3159 0x00000000036c2810 code [0x00000000036c2960, 0x00000000036c2a50]
Event: 14.483 Thread 0x0000000017862800 nmethod 3151 0x00000000036dc6d0 code [0x00000000036dc960, 0x00000000036df580]

GC Heap History (10 events):
Event: 6.638 GC heap before
{Heap before GC invocations=9 (full 1):
 PSYoungGen      total 553984K, used 524472K [0x00000000d6180000, 0x00000000f9e80000, 0x0000000100000000)
  eden space 523264K, 99% used [0x00000000d6180000,0x00000000f5c5f018,0x00000000f6080000)
  from space 30720K, 17% used [0x00000000f8080000,0x00000000f85cf190,0x00000000f9e80000)
  to   space 31744K, 0% used [0x00000000f6080000,0x00000000f6080000,0x00000000f7f80000)
 ParOldGen       total 86016K, used 65584K [0x0000000082400000, 0x0000000087800000, 0x00000000d6180000)
  object space 86016K, 76% used [0x0000000082400000,0x000000008640c2a0,0x0000000087800000)
 Metaspace       used 20388K, capacity 21054K, committed 21248K, reserved 1067008K
  class space    used 2621K, capacity 2759K, committed 2816K, reserved 1048576K
Event: 6.671 GC heap after
Heap after GC invocations=9 (full 1):
 PSYoungGen      total 553984K, used 0K [0x00000000d6180000, 0x00000000f9e80000, 0x0000000100000000)
  eden space 523264K, 0% used [0x00000000d6180000,0x00000000d6180000,0x00000000f6080000)
  from space 30720K, 0% used [0x00000000f8080000,0x00000000f8080000,0x00000000f9e80000)
  to   space 31744K, 0% used [0x00000000f6080000,0x00000000f6080000,0x00000000f7f80000)
 ParOldGen       total 96768K, used 31704K [0x0000000082400000, 0x0000000088280000, 0x00000000d6180000)
  object space 96768K, 32% used [0x0000000082400000,0x00000000842f6340,0x0000000088280000)
 Metaspace       used 20380K, capacity 21036K, committed 21248K, reserved 1067008K
  class space    used 2619K, capacity 2756K, committed 2816K, reserved 1048576K
}
Event: 9.061 GC heap before
{Heap before GC invocations=10 (full 1):
 PSYoungGen      total 553984K, used 523264K [0x00000000d6180000, 0x00000000f9e80000, 0x0000000100000000)
  eden space 523264K, 100% used [0x00000000d6180000,0x00000000f6080000,0x00000000f6080000)
  from space 30720K, 0% used [0x00000000f8080000,0x00000000f8080000,0x00000000f9e80000)
  to   space 31744K, 0% used [0x00000000f6080000,0x00000000f6080000,0x00000000f7f80000)
 ParOldGen       total 96768K, used 36892K [0x0000000082400000, 0x0000000088280000, 0x00000000d6180000)
  object space 96768K, 38% used [0x0000000082400000,0x0000000084807050,0x0000000088280000)
 Metaspace       used 20435K, capacity 21044K, committed 21248K, reserved 1067008K
  class space    used 2619K, capacity 2756K, committed 2816K, reserved 1048576K
Event: 9.066 GC heap after
Heap after GC invocations=10 (full 1):
 PSYoungGen      total 555008K, used 734K [0x00000000d6180000, 0x0000000100000000, 0x0000000100000000)
  eden space 523264K, 0% used [0x00000000d6180000,0x00000000d6180000,0x00000000f6080000)
  from space 31744K, 2% used [0x00000000f6080000,0x00000000f61379f8,0x00000000f7f80000)
  to   space 31744K, 0% used [0x00000000fe100000,0x00000000fe100000,0x0000000100000000)
 ParOldGen       total 96768K, used 36900K [0x0000000082400000, 0x0000000088280000, 0x00000000d6180000)
  object space 96768K, 38% used [0x0000000082400000,0x0000000084809050,0x0000000088280000)
 Metaspace       used 20435K, capacity 21044K, committed 21248K, reserved 1067008K
  class space    used 2619K, capacity 2756K, committed 2816K, reserved 1048576K
}
Event: 10.569 GC heap before
{Heap before GC invocations=11 (full 1):
 PSYoungGen      total 555008K, used 518830K [0x00000000d6180000, 0x0000000100000000, 0x0000000100000000)
  eden space 523264K, 99% used [0x00000000d6180000,0x00000000f5b740a0,0x00000000f6080000)
  from space 31744K, 2% used [0x00000000f6080000,0x00000000f61379f8,0x00000000f7f80000)
  to   space 31744K, 0% used [0x00000000fe100000,0x00000000fe100000,0x0000000100000000)
 ParOldGen       total 96768K, used 36900K [0x0000000082400000, 0x0000000088280000, 0x00000000d6180000)
  object space 96768K, 38% used [0x0000000082400000,0x0000000084809050,0x0000000088280000)
 Metaspace       used 20500K, capacity 21108K, committed 21248K, reserved 1067008K
  class space    used 2619K, capacity 2756K, committed 2816K, reserved 1048576K
Event: 10.570 GC heap after
Heap after GC invocations=11 (full 1):
 PSYoungGen      total 653824K, used 782K [0x00000000d6180000, 0x00000000fff00000, 0x0000000100000000)
  eden space 623104K, 0% used [0x00000000d6180000,0x00000000d6180000,0x00000000fc200000)
  from space 30720K, 2% used [0x00000000fe100000,0x00000000fe1c3848,0x00000000fff00000)
  to   space 31232K, 0% used [0x00000000fc200000,0x00000000fc200000,0x00000000fe080000)
 ParOldGen       total 96768K, used 36908K [0x0000000082400000, 0x0000000088280000, 0x00000000d6180000)
  object space 96768K, 38% used [0x0000000082400000,0x000000008480b050,0x0000000088280000)
 Metaspace       used 20500K, capacity 21108K, committed 21248K, reserved 1067008K
  class space    used 2619K, capacity 2756K, committed 2816K, reserved 1048576K
}
Event: 12.496 GC heap before
{Heap before GC invocations=12 (full 1):
 PSYoungGen      total 653824K, used 623886K [0x00000000d6180000, 0x00000000fff00000, 0x0000000100000000)
  eden space 623104K, 100% used [0x00000000d6180000,0x00000000fc200000,0x00000000fc200000)
  from space 30720K, 2% used [0x00000000fe100000,0x00000000fe1c3848,0x00000000fff00000)
  to   space 31232K, 0% used [0x00000000fc200000,0x00000000fc200000,0x00000000fe080000)
 ParOldGen       total 96768K, used 36908K [0x0000000082400000, 0x0000000088280000, 0x00000000d6180000)
  object space 96768K, 38% used [0x0000000082400000,0x000000008480b050,0x0000000088280000)
 Metaspace       used 20557K, capacity 21172K, committed 21504K, reserved 1069056K
  class space    used 2619K, capacity 2756K, committed 2816K, reserved 1048576K
Event: 12.498 GC heap after
Heap after GC invocations=12 (full 1):
 PSYoungGen      total 654336K, used 224K [0x00000000d6180000, 0x00000000fff80000, 0x0000000100000000)
  eden space 623104K, 0% used [0x00000000d6180000,0x00000000d6180000,0x00000000fc200000)
  from space 31232K, 0% used [0x00000000fc200000,0x00000000fc238000,0x00000000fe080000)
  to   space 30720K, 0% used [0x00000000fe180000,0x00000000fe180000,0x00000000fff80000)
 ParOldGen       total 96768K, used 37554K [0x0000000082400000, 0x0000000088280000, 0x00000000d6180000)
  object space 96768K, 38% used [0x0000000082400000,0x00000000848acb50,0x0000000088280000)
 Metaspace       used 20557K, capacity 21172K, committed 21504K, reserved 1069056K
  class space    used 2619K, capacity 2756K, committed 2816K, reserved 1048576K
}
Event: 14.040 GC heap before
{Heap before GC invocations=13 (full 1):
 PSYoungGen      total 654336K, used 618925K [0x00000000d6180000, 0x00000000fff80000, 0x0000000100000000)
  eden space 623104K, 99% used [0x00000000d6180000,0x00000000fbdb3748,0x00000000fc200000)
  from space 31232K, 0% used [0x00000000fc200000,0x00000000fc238000,0x00000000fe080000)
  to   space 30720K, 0% used [0x00000000fe180000,0x00000000fe180000,0x00000000fff80000)
 ParOldGen       total 96768K, used 37554K [0x0000000082400000, 0x0000000088280000, 0x00000000d6180000)
  object space 96768K, 38% used [0x0000000082400000,0x00000000848acb50,0x0000000088280000)
 Metaspace       used 20670K, capacity 21304K, committed 21504K, reserved 1069056K
  class space    used 2619K, capacity 2756K, committed 2816K, reserved 1048576K
Event: 14.042 GC heap after
Heap after GC invocations=13 (full 1):
 PSYoungGen      total 654336K, used 192K [0x00000000d6180000, 0x00000000ffe80000, 0x0000000100000000)
  eden space 624640K, 0% used [0x00000000d6180000,0x00000000d6180000,0x00000000fc380000)
  from space 29696K, 0% used [0x00000000fe180000,0x00000000fe1b0000,0x00000000ffe80000)
  to   space 30208K, 0% used [0x00000000fc380000,0x00000000fc380000,0x00000000fe100000)
 ParOldGen       total 96768K, used 37584K [0x0000000082400000, 0x0000000088280000, 0x00000000d6180000)
  object space 96768K, 38% used [0x0000000082400000,0x00000000848b43f0,0x0000000088280000)
 Metaspace       used 20670K, capacity 21304K, committed 21504K, reserved 1069056K
  class space    used 2619K, capacity 2756K, committed 2816K, reserved 1048576K
}

Deoptimization events (10 events):
Event: 1.248 Thread 0x00000000204c5000 Uncommon trap: reason=unstable_if action=reinterpret pc=0x00000000030b431c method=java.lang.CharacterDataLatin1.digit(II)I @ 82
Event: 1.248 Thread 0x00000000204ee000 Uncommon trap: reason=unstable_if action=reinterpret pc=0x00000000030b2354 method=java.lang.CharacterDataLatin1.digit(II)I @ 82
Event: 1.264 Thread 0x00000000204c5000 Uncommon trap: reason=predicate action=maybe_recompile pc=0x000000000318a4e4 method=sun.net.www.ParseUtil.encodePath(Ljava/lang/String;Z)Ljava/lang/String; @ 36
Event: 1.264 Thread 0x00000000204df000 Uncommon trap: reason=predicate action=maybe_recompile pc=0x000000000318a4e4 method=sun.net.www.ParseUtil.encodePath(Ljava/lang/String;Z)Ljava/lang/String; @ 36
Event: 2.643 Thread 0x00000000206c5800 Uncommon trap: reason=unstable_if action=reinterpret pc=0x00000000030e6b50 method=java.io.ByteArrayInputStream.read()I @ 8
Event: 2.643 Thread 0x00000000206c5800 Uncommon trap: reason=class_check action=maybe_recompile pc=0x0000000003171fb0 method=java.io.FilterInputStream.read()I @ 4
Event: 2.643 Thread 0x00000000206c5800 Uncommon trap: reason=class_check action=maybe_recompile pc=0x0000000003171fb0 method=java.io.FilterInputStream.read()I @ 4
Event: 2.643 Thread 0x00000000206c5800 Uncommon trap: reason=class_check action=maybe_recompile pc=0x0000000003171fb0 method=java.io.FilterInputStream.read()I @ 4
Event: 2.643 Thread 0x00000000206c5800 Uncommon trap: reason=class_check action=maybe_recompile pc=0x0000000003171fb0 method=java.io.FilterInputStream.read()I @ 4
Event: 9.085 Thread 0x000000001952c000 Uncommon trap: reason=unstable_if action=reinterpret pc=0x00000000033a5c0c method=java.util.WeakHashMap.expungeStaleEntries()V @ 66

Internal exceptions (10 events):
Event: 14.421 Thread 0x00000000206c3000 Exception <a 'java/net/SocketTimeoutException': Read timed out> (0x00000000ddc00cf0) thrown at [C:\re\workspace\8-2-build-windows-amd64-cygwin\jdk8u91\7017\hotspot\src\share\vm\prims\jni.cpp, line 735]
Event: 14.421 Thread 0x00000000204ee000 Exception <a 'java/net/SocketTimeoutException': Read timed out> (0x00000000dfe8bc38) thrown at [C:\re\workspace\8-2-build-windows-amd64-cygwin\jdk8u91\7017\hotspot\src\share\vm\prims\jni.cpp, line 735]
Event: 14.423 Thread 0x00000000206c5800 Exception <a 'java/net/SocketTimeoutException': Read timed out> (0x00000000deb44898) thrown at [C:\re\workspace\8-2-build-windows-amd64-cygwin\jdk8u91\7017\hotspot\src\share\vm\prims\jni.cpp, line 735]
Event: 14.428 Thread 0x00000000204df000 Exception <a 'java/net/SocketTimeoutException': Read timed out> (0x00000000dd104318) thrown at [C:\re\workspace\8-2-build-windows-amd64-cygwin\jdk8u91\7017\hotspot\src\share\vm\prims\jni.cpp, line 735]
Event: 14.452 Thread 0x00000000204ee000 Exception <a 'java/net/SocketTimeoutException': Read timed out> (0x00000000dfe98900) thrown at [C:\re\workspace\8-2-build-windows-amd64-cygwin\jdk8u91\7017\hotspot\src\share\vm\prims\jni.cpp, line 735]
Event: 14.455 Thread 0x00000000204c5000 Exception <a 'java/net/SocketTimeoutException': Read timed out> (0x00000000df2ebbd8) thrown at [C:\re\workspace\8-2-build-windows-amd64-cygwin\jdk8u91\7017\hotspot\src\share\vm\prims\jni.cpp, line 735]
Event: 14.459 Thread 0x00000000206c3000 Exception <a 'java/net/SocketTimeoutException': Read timed out> (0x00000000e0ccb750) thrown at [C:\re\workspace\8-2-build-windows-amd64-cygwin\jdk8u91\7017\hotspot\src\share\vm\prims\jni.cpp, line 735]
Event: 14.460 Thread 0x00000000206c5800 Exception <a 'java/net/SocketTimeoutException': Read timed out> (0x00000000deb4e530) thrown at [C:\re\workspace\8-2-build-windows-amd64-cygwin\jdk8u91\7017\hotspot\src\share\vm\prims\jni.cpp, line 735]
Event: 14.481 Thread 0x00000000204df000 Exception <a 'java/net/SocketTimeoutException': Read timed out> (0x00000000e0c7b808) thrown at [C:\re\workspace\8-2-build-windows-amd64-cygwin\jdk8u91\7017\hotspot\src\share\vm\prims\jni.cpp, line 735]
Event: 14.482 Thread 0x00000000204c5000 Exception <a 'java/net/SocketTimeoutException': Read timed out> (0x00000000df2f0f20) thrown at [C:\re\workspace\8-2-build-windows-amd64-cygwin\jdk8u91\7017\hotspot\src\share\vm\prims\jni.cpp, line 735]

Events (10 events):
Event: 14.465 Thread 0x00000000206c4000 Thread exited: 0x00000000206c4000
Event: 14.465 Thread 0x0000000019264000 Thread exited: 0x0000000019264000
Event: 14.471 Thread 0x000000002082c800 Thread added: 0x000000002082c800
Event: 14.471 Thread 0x000000002082c800 Thread exited: 0x000000002082c800
Event: 14.471 Thread 0x000000002082b800 Thread added: 0x000000002082b800
Event: 14.471 Thread 0x000000002082b800 Thread exited: 0x000000002082b800
Event: 14.481 Thread 0x0000000019266800 Thread added: 0x0000000019266800
Event: 14.483 Executing VM operation: RevokeBias
Event: 14.483 Executing VM operation: RevokeBias done
Event: 14.483 Thread 0x0000000019266800 Thread exited: 0x0000000019266800


Dynamic libraries:
0x00007ff7b1ea0000 - 0x00007ff7b1ed7000 	C:\Program Files\Java\jdk1.8.0_91\bin\javaw.exe
0x00007ffe04a90000 - 0x00007ffe04c51000 	C:\WINDOWS\SYSTEM32\ntdll.dll
0x00007ffe04960000 - 0x00007ffe04a0d000 	C:\WINDOWS\system32\KERNEL32.DLL
0x00007ffe01380000 - 0x00007ffe01568000 	C:\WINDOWS\system32\KERNELBASE.dll
0x00007ffe040a0000 - 0x00007ffe04147000 	C:\WINDOWS\system32\ADVAPI32.dll
0x00007ffe03c70000 - 0x00007ffe03d0d000 	C:\WINDOWS\system32\msvcrt.dll
0x00007ffe01e90000 - 0x00007ffe01eeb000 	C:\WINDOWS\system32\sechost.dll
0x00007ffe04840000 - 0x00007ffe0495c000 	C:\WINDOWS\system32\RPCRT4.dll
0x00007ffe04460000 - 0x00007ffe045b6000 	C:\WINDOWS\system32\USER32.dll
0x00007ffe03990000 - 0x00007ffe03b16000 	C:\WINDOWS\system32\GDI32.dll
0x00007ffdf6b10000 - 0x00007ffdf6d84000 	C:\WINDOWS\WinSxS\amd64_microsoft.windows.common-controls_6595b64144ccf1df_6.0.10586.494_none_a2d8b04ea53e3145\COMCTL32.dll
0x00007ffe03e20000 - 0x00007ffe0409d000 	C:\WINDOWS\system32\combase.dll
0x00007ffe01290000 - 0x00007ffe012fa000 	C:\WINDOWS\system32\bcryptPrimitives.dll
0x00007ffe04670000 - 0x00007ffe046ab000 	C:\WINDOWS\system32\IMM32.DLL
0x0000000077710000 - 0x00000000777e2000 	C:\Program Files\Java\jdk1.8.0_91\jre\bin\msvcr100.dll
0x0000000076820000 - 0x00000000770b3000 	C:\Program Files\Java\jdk1.8.0_91\jre\bin\server\jvm.dll
0x00007ffe03980000 - 0x00007ffe03988000 	C:\WINDOWS\system32\PSAPI.DLL
0x00007ffdff3c0000 - 0x00007ffdff3e3000 	C:\WINDOWS\SYSTEM32\WINMM.dll
0x00007ffdf7db0000 - 0x00007ffdf7dba000 	C:\WINDOWS\SYSTEM32\VERSION.dll
0x00007ffdff2d0000 - 0x00007ffdff2fc000 	C:\WINDOWS\SYSTEM32\WINMMBASE.dll
0x00007ffe01740000 - 0x00007ffe01783000 	C:\WINDOWS\system32\cfgmgr32.dll
0x00007ffdfd980000 - 0x00007ffdfd989000 	C:\WINDOWS\SYSTEM32\WSOCK32.dll
0x00007ffe03900000 - 0x00007ffe0396b000 	C:\WINDOWS\system32\WS2_32.dll
0x0000000050060000 - 0x000000005006f000 	C:\Program Files\Java\jdk1.8.0_91\jre\bin\verify.dll
0x0000000050030000 - 0x0000000050059000 	C:\Program Files\Java\jdk1.8.0_91\jre\bin\java.dll
0x0000000050010000 - 0x0000000050026000 	C:\Program Files\Java\jdk1.8.0_91\jre\bin\zip.dll
0x00007ffe023a0000 - 0x00007ffe038fc000 	C:\WINDOWS\system32\SHELL32.dll
0x00007ffe01790000 - 0x00007ffe01dd5000 	C:\WINDOWS\system32\windows.storage.dll
0x00007ffe04710000 - 0x00007ffe04762000 	C:\WINDOWS\system32\shlwapi.dll
0x00007ffe010e0000 - 0x00007ffe010ef000 	C:\WINDOWS\system32\kernel.appcore.dll
0x00007ffe011d0000 - 0x00007ffe01285000 	C:\WINDOWS\system32\shcore.dll
0x00007ffe010f0000 - 0x00007ffe0113b000 	C:\WINDOWS\system32\powrprof.dll
0x00007ffe010c0000 - 0x00007ffe010d4000 	C:\WINDOWS\system32\profapi.dll
0x00007ffdf1470000 - 0x00007ffdf155f000 	C:\Program Files\Java\jdk1.8.0_91\jre\bin\msvcr120.dll
0x00007ffde7b50000 - 0x00007ffde7bf6000 	C:\Program Files\Java\jdk1.8.0_91\jre\bin\msvcp120.dll
0x00000000776e0000 - 0x0000000077703000 	C:\Program Files\Java\jdk1.8.0_91\jre\bin\prism_d3d.dll
0x00007ffddf5b0000 - 0x00007ffddf7c0000 	C:\WINDOWS\system32\d3d9.dll
0x00007ffdfeee0000 - 0x00007ffdfef02000 	C:\WINDOWS\SYSTEM32\dwmapi.dll
0x00007ffdffa30000 - 0x00007ffdffac6000 	C:\WINDOWS\system32\uxtheme.dll
0x00007ffdcac30000 - 0x00007ffdccce9000 	C:\WINDOWS\SYSTEM32\igdumdim64.dll
0x00007ffe01f10000 - 0x00007ffe02339000 	C:\WINDOWS\system32\SETUPAPI.dll
0x00007ffe04770000 - 0x00007ffe04831000 	C:\WINDOWS\system32\OLEAUT32.dll
0x00007ffe03b20000 - 0x00007ffe03c63000 	C:\WINDOWS\system32\ole32.dll
0x0000000077690000 - 0x00000000776d3000 	C:\Program Files\Java\jdk1.8.0_91\jre\bin\glass.dll
0x00007ffe03d10000 - 0x00007ffe03e1b000 	C:\WINDOWS\system32\COMDLG32.dll
0x00007ffe01140000 - 0x00007ffe011c6000 	C:\WINDOWS\system32\FirewallAPI.dll
0x00007ffe01360000 - 0x00007ffe01377000 	C:\WINDOWS\system32\NETAPI32.dll
0x00007ffdf69a0000 - 0x00007ffdf69ac000 	C:\WINDOWS\SYSTEM32\DAVHLPR.DLL
0x00007ffdffe30000 - 0x00007ffdffe62000 	C:\WINDOWS\SYSTEM32\fwbase.dll
0x00007ffe04300000 - 0x00007ffe0445a000 	C:\WINDOWS\system32\MSCTF.dll
0x00007ffdf5d20000 - 0x00007ffdf5dc3000 	C:\Program Files\Common Files\microsoft shared\ink\tiptsf.dll
0x00007ffdcff40000 - 0x00007ffdd0dac000 	C:\WINDOWS\SYSTEM32\igc64.dll
0x00007ffdc8340000 - 0x00007ffdcac2c000 	C:\googledrive\projects\HackNC\jniLibs\WIN64\runtimecore_java.dll
0x00007ffde7ab0000 - 0x00007ffde7b4d000 	C:\WINDOWS\SYSTEM32\MSVCP140.dll
0x00007ffdff260000 - 0x00007ffdff277000 	C:\WINDOWS\SYSTEM32\VCRUNTIME140.dll
0x00007ffe00250000 - 0x00007ffe00344000 	C:\WINDOWS\SYSTEM32\ucrtbase.dll
0x0000000077670000 - 0x0000000077684000 	C:\Program Files\Java\jdk1.8.0_91\jre\bin\javafx_font.dll
0x00007ffdf7370000 - 0x00007ffdf75d0000 	C:\WINDOWS\SYSTEM32\dwrite.dll
0x00007ffe00b50000 - 0x00007ffe00b5b000 	C:\WINDOWS\SYSTEM32\CRYPTBASE.DLL
0x00007ffdfeb70000 - 0x00007ffdfee18000 	C:\WINDOWS\SYSTEM32\d3d11.dll
0x00007ffdfea80000 - 0x00007ffdfeb22000 	C:\WINDOWS\SYSTEM32\dxgi.dll
0x00007ffdd0db0000 - 0x00007ffdd1ab3000 	C:\WINDOWS\SYSTEM32\igd10iumd64.dll
0x00007ffe00fe0000 - 0x00007ffe01009000 	C:\WINDOWS\SYSTEM32\bcrypt.dll
0x00007ffe00c20000 - 0x00007ffe00c47000 	C:\WINDOWS\SYSTEM32\ncrypt.dll
0x00007ffe00be0000 - 0x00007ffe00c1a000 	C:\WINDOWS\SYSTEM32\NTASN1.dll
0x00007ffe045c0000 - 0x00007ffe04667000 	C:\WINDOWS\system32\clbcatq.dll
0x00007ffdfe400000 - 0x00007ffdfe5b1000 	C:\WINDOWS\SYSTEM32\WindowsCodecs.dll
0x00007ffde90a0000 - 0x00007ffde90ea000 	C:\WINDOWS\system32\dataexchange.dll
0x00007ffdff420000 - 0x00007ffdff503000 	C:\WINDOWS\system32\dcomp.dll
0x00007ffdffbd0000 - 0x00007ffdffcd0000 	C:\WINDOWS\system32\twinapi.appcore.dll
0x00007ffdf4660000 - 0x00007ffdf4694000 	C:\Program Files\Common Files\Microsoft Shared\Ink\rtscom.dll
0x00000000777f0000 - 0x0000000077814000 	C:\Program Files\Java\jdk1.8.0_91\jre\bin\sunec.dll
0x00007ffe00a30000 - 0x00007ffe00a47000 	C:\WINDOWS\SYSTEM32\CRYPTSP.dll
0x00007ffe006c0000 - 0x00007ffe006f4000 	C:\WINDOWS\system32\rsaenh.dll
0x00007ffe00810000 - 0x00007ffe0082f000 	C:\WINDOWS\SYSTEM32\USERENV.dll
0x0000000077840000 - 0x000000007785a000 	C:\Program Files\Java\jdk1.8.0_91\jre\bin\net.dll
0x00007ffe00980000 - 0x00007ffe009dc000 	C:\WINDOWS\system32\mswsock.dll
0x00007ffdfb8a0000 - 0x00007ffdfb8d8000 	C:\WINDOWS\SYSTEM32\IPHLPAPI.DLL
0x00007ffe04a80000 - 0x00007ffe04a88000 	C:\WINDOWS\system32\NSI.dll
0x00007ffdfb530000 - 0x00007ffdfb546000 	C:\WINDOWS\SYSTEM32\dhcpcsvc6.DLL
0x00007ffdfb6c0000 - 0x00007ffdfb6da000 	C:\WINDOWS\SYSTEM32\dhcpcsvc.DLL
0x0000000077820000 - 0x0000000077831000 	C:\Program Files\Java\jdk1.8.0_91\jre\bin\nio.dll
0x00007ffdf5520000 - 0x00007ffdf5531000 	C:\googledrive\projects\HackNC\xboxcontroller64.dll
0x00000000775d0000 - 0x0000000077668000 	C:\WINDOWS\SYSTEM32\MSVCP100.dll
0x00007ffdfeeb0000 - 0x00007ffdfeeb7000 	C:\WINDOWS\SYSTEM32\XINPUT9_1_0.dll
0x00007ffdffad0000 - 0x00007ffdffb7a000 	C:\WINDOWS\SYSTEM32\DNSAPI.dll
0x00007ffdf7bc0000 - 0x00007ffdf7bca000 	C:\Windows\System32\rasadhlp.dll
0x00007ffdfb560000 - 0x00007ffdfb5c7000 	C:\WINDOWS\System32\fwpuclnt.dll
0x00007ffdfaf20000 - 0x00007ffdfaf2e000 	C:\WINDOWS\SYSTEM32\XInput1_4.dll
0x00007ffdffb80000 - 0x00007ffdffba7000 	C:\WINDOWS\SYSTEM32\DEVOBJ.dll
0x0000000077430000 - 0x00000000775c8000 	C:\Program Files\Java\jdk1.8.0_91\jre\bin\awt.dll
0x00007ffdff8a0000 - 0x00007ffdff919000 	C:\WINDOWS\system32\apphelp.dll
0x00007ffdf5bc0000 - 0x00007ffdf5d1c000 	C:\Windows\System32\uiautomationcore.dll
0x00007ffe00f40000 - 0x00007ffe00fd9000 	C:\WINDOWS\SYSTEM32\sxs.dll
0x00007ffdf4cf0000 - 0x00007ffdf4d5a000 	C:\WINDOWS\SYSTEM32\OLEACC.dll
0x00007ffdfcdb0000 - 0x00007ffdfd2f5000 	C:\WINDOWS\SYSTEM32\d2d1.dll
0x00007ffdfd4f0000 - 0x00007ffdfd75f000 	C:\WINDOWS\SYSTEM32\D3D10Warp.dll
0x0000000077410000 - 0x0000000077421000 	C:\Program Files\Java\jdk1.8.0_91\jre\bin\prism_common.dll
0x00007ffdfcbd0000 - 0x00007ffdfcd5c000 	C:\WINDOWS\SYSTEM32\dbghelp.dll

VM Arguments:
jvm_args: -Dfile.encoding=UTF-8 
java_command: demoApp.Test
java_class_path (initial): C:\googledrive\projects\HackNC\bin;C:\googledrive\projects\HackNC\arcgis-java-sdk-100.0.0-beta-2\libs\arcgis-java-api.jar;C:\googledrive\projects\HackNC\arcgis-java-sdk-100.0.0-beta-2\libs\arcgis-java-javadoc.jar;C:\googledrive\projects\HackNC\arcgis-java-sdk-100.0.0-beta-2\libs\commons-codec-1.6.jar;C:\googledrive\projects\HackNC\arcgis-java-sdk-100.0.0-beta-2\libs\commons-logging-1.1.3.jar;C:\googledrive\projects\HackNC\arcgis-java-sdk-100.0.0-beta-2\libs\gson-2.3.1.jar;C:\googledrive\projects\HackNC\arcgis-java-sdk-100.0.0-beta-2\libs\httpclient-4.3.6.jar;C:\googledrive\projects\HackNC\arcgis-java-sdk-100.0.0-beta-2\libs\httpcore-4.3.3.jar;C:\googledrive\projects\HackNC\XboxController (1)\lib\jaw.jar;C:\googledrive\projects\HackNC\XboxController (1)\lib\XboxController.jar
Launcher Type: SUN_STANDARD

Environment Variables:
PATH=C:/Program Files/Java/jdk1.8.0_91/jre/bin/server;C:/Program Files/Java/jdk1.8.0_91/jre/bin;C:/Program Files/Java/jdk1.8.0_91/jre/lib/amd64;C:\Program Files\Oculus\Support\oculus-runtime;C:\ProgramData\Oracle\Java\javapath;C:\WINDOWS\system32;C:\WINDOWS;C:\WINDOWS\System32\Wbem;C:\WINDOWS\System32\WindowsPowerShell\v1.0\;C:\Program Files (x86)\PharosSystems\Core;C:\Program Files\Java\jdk1.8.0_73\bin;C:\Program Files\Java\jdk1.8.0_73\lib\tools.jar;C:\Program Files\Java\jdk1.8.0_73\lib\dt.jar;C:\Vagrant\bin;C:\Program Files (x86)\Calibre2\;C:\Program Files\nodejs\;C:\Program Files\wkhtmltopdf\bin;C:\Program Files (x86)\NVIDIA Corporation\PhysX\Common;C:\Users\Stephen\Anaconda2;C:\Users\Stephen\Anaconda2\Scripts;C:\Users\Stephen\Anaconda2\Library\bin;C:\Users\Stephen\AppData\Roaming\npm;C:\Users\Stephen\eclipse\java-neon2\eclipse;
USERNAME=Stephen
OS=Windows_NT
PROCESSOR_IDENTIFIER=Intel64 Family 6 Model 94 Stepping 3, GenuineIntel



---------------  S Y S T E M  ---------------

OS: Windows 10.0 , 64 bit Build 10586 (10.0.10586.0)

CPU:total 4 (4 cores per cpu, 1 threads per core) family 6 model 94 stepping 3, cmov, cx8, fxsr, mmx, sse, sse2, sse3, ssse3, sse4.1, sse4.2, popcnt, avx, avx2, aes, clmul, erms, rtm, 3dnowpref, lzcnt, tsc, tscinvbit, bmi1, bmi2, adx

Memory: 4k page, physical 8240396k(908376k free), swap 13137304k(2802692k free)

vm_info: Java HotSpot(TM) 64-Bit Server VM (25.91-b15) for windows-amd64 JRE (1.8.0_91-b15), built on May 20 2016 17:43:15 by "java_re" with MS VC++ 10.0 (VS2010)

time: Sun Oct 30 04:31:18 2016
elapsed time: 14 seconds (0d 0h 0m 14s)

