#
# A fatal error has been detected by the Java Runtime Environment:
#
#  EXCEPTION_ACCESS_VIOLATION (0xc0000005) at pc=0x00000000768e2bc0, pid=1452, tid=3268
#
# JRE version: Java(TM) SE Runtime Environment (8.0_91-b15) (build 1.8.0_91-b15)
# Java VM: Java HotSpot(TM) 64-Bit Server VM (25.91-b15 mixed mode windows-amd64 compressed oops)
# Problematic frame:
# V  [jvm.dll+0xc2bc0]
#
# Failed to write core dump. Minidumps are not enabled by default on client versions of Windows
#
# If you would like to submit a bug report, please visit:
#   http://bugreport.java.com/bugreport/crash.jsp
#

---------------  T H R E A D  ---------------

Current thread (0x0000000018d60000):  JavaThread "JavaFX Application Thread" [_thread_in_vm, id=3268, stack(0x00000000198d0000,0x00000000199d0000)]

siginfo: ExceptionCode=0xc0000005, reading address 0x000000000000000d

Registers:
RAX=0x0000000018d784e0, RBX=0x00000001002b3048, RCX=0x0000000018d78550, RDX=0x0000000018d5edb0
RSP=0x00000000199cd8f0, RBP=0x00000000199cda30, RSI=0x0000000000000005, RDI=0x0000000100003a78
R8 =0x000000000000000f, R9 =0x00000000187b2a50, R10=0x0000000016492810, R11=0x00000001002b3048
R12=0x0000000018d60000, R13=0x00000000199cd950, R14=0x00000000022a8a60, R15=0x00000000022a9150
RIP=0x00000000768e2bc0, EFLAGS=0x0000000000010202

Top of Stack: (sp=0x00000000199cd8f0)
0x00000000199cd8f0:   00000000199cda30 0000000000000000
0x00000000199cd900:   0000000018d60000 0000000000000000
0x00000000199cd910:   0000000018d60000 00000000768d6c70
0x00000000199cd920:   000000000000002f 000000007691a79c
0x00000000199cd930:   0000000018d60000 00000000199cdc00
0x00000000199cd940:   00000000199cdb80 0000000002373b43
0x00000000199cd950:   0000000016492810 0000000018d60000
0x00000000199cd960:   0000000016492810 0000000018d60000
0x00000000199cd970:   00000000000000b9 00000000199cdb00
0x00000000199cd980:   000000000000003b 00000000187b2a50
0x00000000199cd990:   00000000199cdb20 000000000000003b
0x00000000199cd9a0:   00000000199cdab0 00000000768e3195
0x00000000199cd9b0:   00000000199cdab0 0000000018d5edb0
0x00000000199cd9c0:   0000000018d60000 0000000018d60000
0x00000000199cd9d0:   0000000018d60000 0000000000000086
0x00000000199cd9e0:   0000000018d60000 00000000768d6c70 

Instructions: (pc=0x00000000768e2bc0)
0x00000000768e2ba0:   49 39 74 24 08 75 63 48 8b 94 24 c8 00 00 00 48
0x00000000768e2bb0:   85 d2 74 25 80 3d 76 10 74 00 00 48 8b 32 74 15
0x00000000768e2bc0:   8b 76 08 8b 0d d7 4b 6d 00 48 d3 e6 48 03 35 c5
0x00000000768e2bd0:   4b 6d 00 eb 04 48 8b 76 08 48 8b 8c 24 c0 00 00 


Register to memory mapping:

RAX=0x0000000018d784e0 is an unknown value
RBX=0x00000001002b3048 is pointing into metadata
RCX=0x0000000018d78550 is an unknown value
RDX=0x0000000018d5edb0 is an unknown value
RSP=0x00000000199cd8f0 is pointing into the stack for thread: 0x0000000018d60000
RBP=0x00000000199cda30 is pointing into the stack for thread: 0x0000000018d60000
RSI=0x0000000000000005 is an unknown value
RDI=0x0000000100003a78 is pointing into metadata
R8 =0x000000000000000f is an unknown value
R9 =0x00000000187b2a50 is an unknown value
R10=0x0000000016492810 is pointing into metadata
R11=0x00000001002b3048 is pointing into metadata
R12=0x0000000018d60000 is a thread
R13=0x00000000199cd950 is pointing into the stack for thread: 0x0000000018d60000
R14=0x00000000022a8a60 is an unknown value
R15=0x00000000022a9150 is an unknown value


Stack: [0x00000000198d0000,0x00000000199d0000],  sp=0x00000000199cd8f0,  free space=1014k
Native frames: (J=compiled Java code, j=interpreted, Vv=VM code, C=native code)
V  [jvm.dll+0xc2bc0]
V  [jvm.dll+0xc3195]
V  [jvm.dll+0xbb5d6]
C  0x00000000023745ac

Java frames: (J=compiled Java code, j=interpreted, Vv=VM code)
j  java.security.AccessControlContext.optimize()Ljava/security/AccessControlContext;+167
J 3063 C1 com.sun.javafx.application.PlatformImpl.runLater(Ljava/lang/Runnable;Z)V (100 bytes) @ 0x0000000002c2832c [0x0000000002c27380+0xfac]
J 3225 C1 javafx.scene.Scene$ScenePulseListener.pulse()V (397 bytes) @ 0x0000000002c910c4 [0x0000000002c8f760+0x1964]
J 3830 C2 com.sun.javafx.tk.Toolkit$$Lambda$113.run()Ljava/lang/Object; (8 bytes) @ 0x00000000029ec674 [0x00000000029ec620+0x54]
v  ~StubRoutines::call_stub
J 1563  java.security.AccessController.doPrivileged(Ljava/security/PrivilegedAction;Ljava/security/AccessControlContext;)Ljava/lang/Object; (0 bytes) @ 0x000000000282dba6 [0x000000000282db40+0x66]
J 3218 C1 com.sun.javafx.tk.Toolkit.firePulse()V (279 bytes) @ 0x000000000262edac [0x000000000262cde0+0x1fcc]
J 3032 C1 com.sun.javafx.tk.quantum.QuantumToolkit.pulse(Z)V (164 bytes) @ 0x0000000002c137c4 [0x0000000002c13180+0x644]
J 3046 C1 com.sun.javafx.tk.quantum.QuantumToolkit$$Lambda$42.run()V (8 bytes) @ 0x0000000002c1b454 [0x0000000002c1b240+0x214]
J 2874 C1 com.sun.glass.ui.InvokeLaterDispatcher$Future.run()V (91 bytes) @ 0x0000000002b9730c [0x0000000002b97200+0x10c]
v  ~StubRoutines::call_stub
j  com.sun.glass.ui.win.WinApplication._runLoop(Ljava/lang/Runnable;)V+0
j  com.sun.glass.ui.win.WinApplication.lambda$null$148(ILjava/lang/Runnable;)V+8
j  com.sun.glass.ui.win.WinApplication$$Lambda$38.run()V+12
j  java.lang.Thread.run()V+11
v  ~StubRoutines::call_stub

---------------  P R O C E S S  ---------------

Java Threads: ( => current thread )
  0x00000000194f2000 JavaThread "pool-2-thread-16" [_thread_in_native, id=9684, stack(0x0000000055f80000,0x0000000056080000)]
  0x0000000019503800 JavaThread "pool-2-thread-15" [_thread_in_native, id=5876, stack(0x0000000052610000,0x0000000052710000)]
  0x00000000194f0000 JavaThread "pool-2-thread-14" [_thread_blocked, id=3888, stack(0x0000000051fe0000,0x00000000520e0000)]
  0x0000000032fb7800 JavaThread "pool-2-thread-13" [_thread_in_native, id=5700, stack(0x0000000051ee0000,0x0000000051fe0000)]
  0x0000000019501000 JavaThread "pool-2-thread-12" [_thread_in_native, id=9412, stack(0x000000004fe70000,0x000000004ff70000)]
  0x00000000193ef000 JavaThread "AWT-EventQueue-0" [_thread_blocked, id=10440, stack(0x0000000035700000,0x0000000035800000)]
  0x00000000193f4800 JavaThread "AWT-Windows" daemon [_thread_in_native, id=5256, stack(0x0000000035600000,0x0000000035700000)]
  0x00000000193f3000 JavaThread "AWT-Shutdown" [_thread_blocked, id=9332, stack(0x0000000035500000,0x0000000035600000)]
  0x00000000193f1800 JavaThread "Java2D Disposer" daemon [_thread_blocked, id=10568, stack(0x0000000035400000,0x0000000035500000)]
  0x00000000193f2800 JavaThread "TimerQueue" daemon [_thread_blocked, id=9864, stack(0x0000000033ac0000,0x0000000033bc0000)]
  0x00000000193f4000 JavaThread "Thread-4" [_thread_in_native, id=864, stack(0x0000000032810000,0x0000000032910000)]
  0x0000000019381000 JavaThread "Prism Font Disposer" daemon [_thread_blocked, id=8500, stack(0x0000000032510000,0x0000000032610000)]
  0x0000000018e4b800 JavaThread "JavaFX-Launcher" [_thread_blocked, id=7528, stack(0x0000000020040000,0x0000000020140000)]
  0x0000000018e02000 JavaThread "Thread-2" daemon [_thread_in_native, id=4208, stack(0x000000001ff40000,0x0000000020040000)]
=>0x0000000018d60000 JavaThread "JavaFX Application Thread" [_thread_in_vm, id=3268, stack(0x00000000198d0000,0x00000000199d0000)]
  0x0000000018d63000 JavaThread "Thread-1" daemon [_thread_blocked, id=1724, stack(0x00000000197d0000,0x00000000198d0000)]
  0x0000000018a23000 JavaThread "QuantumRenderer-0" daemon [_thread_blocked, id=464, stack(0x0000000019550000,0x0000000019650000)]
  0x0000000018681800 JavaThread "Service Thread" daemon [_thread_blocked, id=10992, stack(0x0000000018b50000,0x0000000018c50000)]
  0x0000000018658800 JavaThread "C1 CompilerThread2" daemon [_thread_blocked, id=9184, stack(0x0000000018a50000,0x0000000018b50000)]
  0x0000000016e31000 JavaThread "C2 CompilerThread1" daemon [_thread_blocked, id=4680, stack(0x0000000018550000,0x0000000018650000)]
  0x0000000016e0e800 JavaThread "C2 CompilerThread0" daemon [_thread_blocked, id=7952, stack(0x0000000018450000,0x0000000018550000)]
  0x0000000016e0d000 JavaThread "Attach Listener" daemon [_thread_blocked, id=4868, stack(0x0000000018350000,0x0000000018450000)]
  0x0000000016e0c000 JavaThread "Signal Dispatcher" daemon [_thread_blocked, id=9260, stack(0x0000000018250000,0x0000000018350000)]
  0x000000000234e800 JavaThread "Finalizer" daemon [_thread_blocked, id=4120, stack(0x0000000018070000,0x0000000018170000)]
  0x0000000002343000 JavaThread "Reference Handler" daemon [_thread_blocked, id=10416, stack(0x0000000017f70000,0x0000000018070000)]
  0x000000000224d800 JavaThread "main" [_thread_blocked, id=9440, stack(0x00000000020f0000,0x00000000021f0000)]

Other Threads:
  0x0000000016dd7000 VMThread [stack: 0x0000000017e70000,0x0000000017f70000] [id=3152]
  0x0000000016e6e800 WatcherThread [stack: 0x0000000018c50000,0x0000000018d50000] [id=9952]

VM state:not at safepoint (normal execution)

VM Mutex/Monitor currently owned by a thread: None

Heap:
 PSYoungGen      total 74240K, used 69900K [0x00000000d6180000, 0x00000000f4180000, 0x0000000100000000)
  eden space 73216K, 95% used [0x00000000d6180000,0x00000000da5759c0,0x00000000da900000)
  from space 1024K, 30% used [0x00000000f3f80000,0x00000000f3fcd9f0,0x00000000f4080000)
  to   space 1024K, 0% used [0x00000000f4080000,0x00000000f4080000,0x00000000f4180000)
 ParOldGen       total 71168K, used 29432K [0x0000000082400000, 0x0000000086980000, 0x00000000d6180000)
  object space 71168K, 41% used [0x0000000082400000,0x00000000840be098,0x0000000086980000)
 Metaspace       used 20983K, capacity 21602K, committed 21760K, reserved 1069056K
  class space    used 2626K, capacity 2789K, committed 2816K, reserved 1048576K

Card table byte_map: [0x0000000011710000,0x0000000011b00000] byte_map_base: 0x00000000112fe000

Marking Bits: (ParMarkBitMap*) 0x0000000077032f70
 Begin Bits: [0x00000000121a0000, 0x0000000014110000)
 End Bits:   [0x0000000014110000, 0x0000000016080000)

Polling page: 0x0000000000970000

CodeCache: size=245760Kb used=10552Kb max_used=10933Kb free=235207Kb
 bounds [0x0000000002350000, 0x0000000002e50000, 0x0000000011350000]
 total_blobs=4022 nmethods=3290 adapters=644
 compilation: enabled

Compilation events (10 events):
Event: 100.505 Thread 0x0000000016e0e800 3830       4       com.sun.javafx.tk.Toolkit$$Lambda$113/1459591023::run (8 bytes)
Event: 100.507 Thread 0x0000000016e0e800 nmethod 3830 0x00000000029ec4d0 code [0x00000000029ec620, 0x00000000029ec708]
Event: 102.027 Thread 0x0000000016e31000 3831       4       org.apache.http.protocol.BasicHttpContext::<init> (21 bytes)
Event: 102.029 Thread 0x0000000016e31000 nmethod 3831 0x0000000002c3b2d0 code [0x0000000002c3b420, 0x0000000002c3b518]
Event: 104.654 Thread 0x0000000018658800 3832       3       com.esri.arcgisruntime.internal.jni.ad::values (10 bytes)
Event: 104.654 Thread 0x0000000018658800 nmethod 3832 0x000000000288e550 code [0x000000000288e6c0, 0x000000000288e9a8]
Event: 104.791 Thread 0x0000000018658800 3834       3       com.esri.arcgisruntime.internal.jni.ad::a (47 bytes)
Event: 104.791 Thread 0x0000000018658800 nmethod 3834 0x000000000290a090 code [0x000000000290a220, 0x000000000290a688]
Event: 104.792 Thread 0x0000000018658800 3833       3       com.esri.arcgisruntime.internal.jni.CoreGeoView::onDrawStatusChanged (37 bytes)
Event: 104.792 Thread 0x0000000018658800 nmethod 3833 0x00000000028d0f10 code [0x00000000028d10a0, 0x00000000028d14f8]

GC Heap History (10 events):
Event: 103.395 GC heap before
{Heap before GC invocations=79 (full 2):
 PSYoungGen      total 85504K, used 80737K [0x00000000d6180000, 0x00000000f4280000, 0x0000000100000000)
  eden space 84992K, 94% used [0x00000000d6180000,0x00000000db0305b8,0x00000000db480000)
  from space 512K, 31% used [0x00000000f4200000,0x00000000f4228000,0x00000000f4280000)
  to   space 1024K, 0% used [0x00000000f4080000,0x00000000f4080000,0x00000000f4180000)
 ParOldGen       total 71168K, used 29416K [0x0000000082400000, 0x0000000086980000, 0x00000000d6180000)
  object space 71168K, 41% used [0x0000000082400000,0x00000000840ba098,0x0000000086980000)
 Metaspace       used 20967K, capacity 21602K, committed 21760K, reserved 1069056K
  class space    used 2624K, capacity 2789K, committed 2816K, reserved 1048576K
Event: 103.396 GC heap after
Heap after GC invocations=79 (full 2):
 PSYoungGen      total 83456K, used 235K [0x00000000d6180000, 0x00000000f4280000, 0x0000000100000000)
  eden space 82432K, 0% used [0x00000000d6180000,0x00000000d6180000,0x00000000db200000)
  from space 1024K, 22% used [0x00000000f4080000,0x00000000f40bacf8,0x00000000f4180000)
  to   space 1024K, 0% used [0x00000000f4180000,0x00000000f4180000,0x00000000f4280000)
 ParOldGen       total 71168K, used 29416K [0x0000000082400000, 0x0000000086980000, 0x00000000d6180000)
  object space 71168K, 41% used [0x0000000082400000,0x00000000840ba098,0x0000000086980000)
 Metaspace       used 20967K, capacity 21602K, committed 21760K, reserved 1069056K
  class space    used 2624K, capacity 2789K, committed 2816K, reserved 1048576K
}
Event: 103.936 GC heap before
{Heap before GC invocations=80 (full 2):
 PSYoungGen      total 83456K, used 81661K [0x00000000d6180000, 0x00000000f4280000, 0x0000000100000000)
  eden space 82432K, 98% used [0x00000000d6180000,0x00000000db1049a0,0x00000000db200000)
  from space 1024K, 22% used [0x00000000f4080000,0x00000000f40bacf8,0x00000000f4180000)
  to   space 1024K, 0% used [0x00000000f4180000,0x00000000f4180000,0x00000000f4280000)
 ParOldGen       total 71168K, used 29416K [0x0000000082400000, 0x0000000086980000, 0x00000000d6180000)
  object space 71168K, 41% used [0x0000000082400000,0x00000000840ba098,0x0000000086980000)
 Metaspace       used 20967K, capacity 21602K, committed 21760K, reserved 1069056K
  class space    used 2624K, capacity 2789K, committed 2816K, reserved 1048576K
Event: 103.937 GC heap after
Heap after GC invocations=80 (full 2):
 PSYoungGen      total 80384K, used 235K [0x00000000d6180000, 0x00000000f4200000, 0x0000000100000000)
  eden space 79872K, 0% used [0x00000000d6180000,0x00000000d6180000,0x00000000daf80000)
  from space 512K, 45% used [0x00000000f4180000,0x00000000f41bacf8,0x00000000f4200000)
  to   space 1024K, 0% used [0x00000000f4000000,0x00000000f4000000,0x00000000f4100000)
 ParOldGen       total 71168K, used 29424K [0x0000000082400000, 0x0000000086980000, 0x00000000d6180000)
  object space 71168K, 41% used [0x0000000082400000,0x00000000840bc098,0x0000000086980000)
 Metaspace       used 20967K, capacity 21602K, committed 21760K, reserved 1069056K
  class space    used 2624K, capacity 2789K, committed 2816K, reserved 1048576K
}
Event: 104.422 GC heap before
{Heap before GC invocations=81 (full 2):
 PSYoungGen      total 80384K, used 76181K [0x00000000d6180000, 0x00000000f4200000, 0x0000000100000000)
  eden space 79872K, 95% used [0x00000000d6180000,0x00000000dabaa8e8,0x00000000daf80000)
  from space 512K, 45% used [0x00000000f4180000,0x00000000f41bacf8,0x00000000f4200000)
  to   space 1024K, 0% used [0x00000000f4000000,0x00000000f4000000,0x00000000f4100000)
 ParOldGen       total 71168K, used 29424K [0x0000000082400000, 0x0000000086980000, 0x00000000d6180000)
  object space 71168K, 41% used [0x0000000082400000,0x00000000840bc098,0x0000000086980000)
 Metaspace       used 20967K, capacity 21602K, committed 21760K, reserved 1069056K
  class space    used 2624K, capacity 2789K, committed 2816K, reserved 1048576K
Event: 104.424 GC heap after
Heap after GC invocations=81 (full 2):
 PSYoungGen      total 78336K, used 310K [0x00000000d6180000, 0x00000000f4200000, 0x0000000100000000)
  eden space 77312K, 0% used [0x00000000d6180000,0x00000000d6180000,0x00000000dad00000)
  from space 1024K, 30% used [0x00000000f4000000,0x00000000f404d9f0,0x00000000f4100000)
  to   space 1024K, 0% used [0x00000000f4100000,0x00000000f4100000,0x00000000f4200000)
 ParOldGen       total 71168K, used 29424K [0x0000000082400000, 0x0000000086980000, 0x00000000d6180000)
  object space 71168K, 41% used [0x0000000082400000,0x00000000840bc098,0x0000000086980000)
 Metaspace       used 20967K, capacity 21602K, committed 21760K, reserved 1069056K
  class space    used 2624K, capacity 2789K, committed 2816K, reserved 1048576K
}
Event: 104.917 GC heap before
{Heap before GC invocations=82 (full 2):
 PSYoungGen      total 78336K, used 77309K [0x00000000d6180000, 0x00000000f4200000, 0x0000000100000000)
  eden space 77312K, 99% used [0x00000000d6180000,0x00000000dacb1ab8,0x00000000dad00000)
  from space 1024K, 30% used [0x00000000f4000000,0x00000000f404d9f0,0x00000000f4100000)
  to   space 1024K, 0% used [0x00000000f4100000,0x00000000f4100000,0x00000000f4200000)
 ParOldGen       total 71168K, used 29424K [0x0000000082400000, 0x0000000086980000, 0x00000000d6180000)
  object space 71168K, 41% used [0x0000000082400000,0x00000000840bc098,0x0000000086980000)
 Metaspace       used 20969K, capacity 21602K, committed 21760K, reserved 1069056K
  class space    used 2624K, capacity 2789K, committed 2816K, reserved 1048576K
Event: 104.918 GC heap after
Heap after GC invocations=82 (full 2):
 PSYoungGen      total 75776K, used 235K [0x00000000d6180000, 0x00000000f4180000, 0x0000000100000000)
  eden space 75264K, 0% used [0x00000000d6180000,0x00000000d6180000,0x00000000dab00000)
  from space 512K, 45% used [0x00000000f4100000,0x00000000f413acf8,0x00000000f4180000)
  to   space 1024K, 0% used [0x00000000f3f80000,0x00000000f3f80000,0x00000000f4080000)
 ParOldGen       total 71168K, used 29432K [0x0000000082400000, 0x0000000086980000, 0x00000000d6180000)
  object space 71168K, 41% used [0x0000000082400000,0x00000000840be098,0x0000000086980000)
 Metaspace       used 20969K, capacity 21602K, committed 21760K, reserved 1069056K
  class space    used 2624K, capacity 2789K, committed 2816K, reserved 1048576K
}
Event: 105.372 GC heap before
{Heap before GC invocations=83 (full 2):
 PSYoungGen      total 75776K, used 71008K [0x00000000d6180000, 0x00000000f4180000, 0x0000000100000000)
  eden space 75264K, 94% used [0x00000000d6180000,0x00000000da69d628,0x00000000dab00000)
  from space 512K, 45% used [0x00000000f4100000,0x00000000f413acf8,0x00000000f4180000)
  to   space 1024K, 0% used [0x00000000f3f80000,0x00000000f3f80000,0x00000000f4080000)
 ParOldGen       total 71168K, used 29432K [0x0000000082400000, 0x0000000086980000, 0x00000000d6180000)
  object space 71168K, 41% used [0x0000000082400000,0x00000000840be098,0x0000000086980000)
 Metaspace       used 20969K, capacity 21602K, committed 21760K, reserved 1069056K
  class space    used 2624K, capacity 2789K, committed 2816K, reserved 1048576K
Event: 105.373 GC heap after
Heap after GC invocations=83 (full 2):
 PSYoungGen      total 74240K, used 310K [0x00000000d6180000, 0x00000000f4180000, 0x0000000100000000)
  eden space 73216K, 0% used [0x00000000d6180000,0x00000000d6180000,0x00000000da900000)
  from space 1024K, 30% used [0x00000000f3f80000,0x00000000f3fcd9f0,0x00000000f4080000)
  to   space 1024K, 0% used [0x00000000f4080000,0x00000000f4080000,0x00000000f4180000)
 ParOldGen       total 71168K, used 29432K [0x0000000082400000, 0x0000000086980000, 0x00000000d6180000)
  object space 71168K, 41% used [0x0000000082400000,0x00000000840be098,0x0000000086980000)
 Metaspace       used 20969K, capacity 21602K, committed 21760K, reserved 1069056K
  class space    used 2624K, capacity 2789K, committed 2816K, reserved 1048576K
}

Deoptimization events (10 events):
Event: 43.380 Thread 0x00000000193ef000 Uncommon trap: reason=bimorphic action=maybe_recompile pc=0x0000000002d1c220 method=java.lang.ThreadLocal.get()Ljava/lang/Object; @ 6
Event: 43.380 Thread 0x00000000193ef000 Uncommon trap: reason=bimorphic action=maybe_recompile pc=0x0000000002d1c220 method=java.lang.ThreadLocal.get()Ljava/lang/Object; @ 6
Event: 43.380 Thread 0x00000000193ef000 Uncommon trap: reason=bimorphic action=maybe_recompile pc=0x0000000002d1c220 method=java.lang.ThreadLocal.get()Ljava/lang/Object; @ 6
Event: 43.380 Thread 0x00000000193ef000 Uncommon trap: reason=bimorphic action=maybe_recompile pc=0x0000000002d1c220 method=java.lang.ThreadLocal.get()Ljava/lang/Object; @ 6
Event: 47.368 Thread 0x0000000032fb8800 Uncommon trap: reason=unstable_if action=reinterpret pc=0x0000000002d04b3c method=java.security.AccessControlContext.optimize()Ljava/security/AccessControlContext; @ 206
Event: 47.368 Thread 0x00000000193ed800 Uncommon trap: reason=unstable_if action=reinterpret pc=0x0000000002d04b3c method=java.security.AccessControlContext.optimize()Ljava/security/AccessControlContext; @ 206
Event: 47.389 Thread 0x00000000193ee800 Uncommon trap: reason=unstable_if action=reinterpret pc=0x0000000002487658 method=java.util.concurrent.locks.AbstractQueuedSynchronizer$ConditionObject.addConditionWaiter()Ljava/util/concurrent/locks/AbstractQueuedSynchronizer$Node; @ 15
Event: 66.180 Thread 0x0000000018e02000 Uncommon trap: reason=unstable_if action=reinterpret pc=0x0000000002805830 method=java.util.concurrent.atomic.AtomicBoolean.getAndSet(Z)Z @ 11
Event: 105.378 Thread 0x0000000018a23000 Uncommon trap: reason=unstable_if action=reinterpret pc=0x00000000027a2984 method=com.sun.prism.impl.BaseResourcePool.cleanup(Lcom/sun/prism/impl/BaseResourcePool$Predicate;)V @ 25
Event: 105.748 Thread 0x0000000018d60000 Uncommon trap: reason=null_assert action=make_not_entrant pc=0x000000000285d3c0 method=java.security.AccessControlContext.optimize()Ljava/security/AccessControlContext; @ 138

Internal exceptions (10 events):
Event: 102.756 Thread 0x00000000194f0000 Exception <a 'java/net/SocketTimeoutException': Read timed out> (0x00000000da6ffd68) thrown at [C:\re\workspace\8-2-build-windows-amd64-cygwin\jdk8u91\7017\hotspot\src\share\vm\prims\jni.cpp, line 735]
Event: 105.378 Thread 0x0000000018a23000 Implicit null exception at 0x00000000027a275f to 0x00000000027a296d
Event: 105.553 Thread 0x0000000019501000 Exception <a 'java/net/SocketTimeoutException': Read timed out> (0x00000000d8369ec8) thrown at [C:\re\workspace\8-2-build-windows-amd64-cygwin\jdk8u91\7017\hotspot\src\share\vm\prims\jni.cpp, line 735]
Event: 105.553 Thread 0x0000000032fb7800 Exception <a 'java/net/SocketTimeoutException': Read timed out> (0x00000000d8369678) thrown at [C:\re\workspace\8-2-build-windows-amd64-cygwin\jdk8u91\7017\hotspot\src\share\vm\prims\jni.cpp, line 735]
Event: 105.555 Thread 0x00000000194f0000 Exception <a 'java/net/SocketTimeoutException': Read timed out> (0x00000000d8371720) thrown at [C:\re\workspace\8-2-build-windows-amd64-cygwin\jdk8u91\7017\hotspot\src\share\vm\prims\jni.cpp, line 735]
Event: 105.555 Thread 0x00000000194f2000 Exception <a 'java/net/SocketTimeoutException': Read timed out> (0x00000000d83763e8) thrown at [C:\re\workspace\8-2-build-windows-amd64-cygwin\jdk8u91\7017\hotspot\src\share\vm\prims\jni.cpp, line 735]
Event: 105.684 Thread 0x0000000019503800 Exception <a 'java/net/SocketTimeoutException': Read timed out> (0x00000000d836d1f0) thrown at [C:\re\workspace\8-2-build-windows-amd64-cygwin\jdk8u91\7017\hotspot\src\share\vm\prims\jni.cpp, line 735]
Event: 105.686 Thread 0x0000000019501000 Exception <a 'java/net/SocketTimeoutException': Read timed out> (0x00000000d97b4c40) thrown at [C:\re\workspace\8-2-build-windows-amd64-cygwin\jdk8u91\7017\hotspot\src\share\vm\prims\jni.cpp, line 735]
Event: 105.691 Thread 0x0000000032fb7800 Exception <a 'java/net/SocketTimeoutException': Read timed out> (0x00000000d97adff0) thrown at [C:\re\workspace\8-2-build-windows-amd64-cygwin\jdk8u91\7017\hotspot\src\share\vm\prims\jni.cpp, line 735]
Event: 105.694 Thread 0x00000000194f2000 Exception <a 'java/net/SocketTimeoutException': Read timed out> (0x00000000d8384188) thrown at [C:\re\workspace\8-2-build-windows-amd64-cygwin\jdk8u91\7017\hotspot\src\share\vm\prims\jni.cpp, line 735]

Events (10 events):
Event: 105.748 loading class java/security/Policy
Event: 105.748 loading class java/security/Policy done
Event: 105.748 loading class java/security/Policy$UnsupportedEmptyCollection
Event: 105.748 Thread 0x0000000032fb9000 Thread added: 0x0000000032fb9000
Event: 105.748 loading class java/security/Policy$UnsupportedEmptyCollection done
Event: 105.748 Thread 0x0000000032fb9000 Thread exited: 0x0000000032fb9000
Event: 105.748 loading class java/security/Policy$PolicyInfo
Event: 105.748 loading class java/security/Policy$PolicyInfo done
Event: 105.748 loading class java/security/DomainCombiner
Event: 105.748 loading class java/security/DomainCombiner done


Dynamic libraries:
0x00007ff7b1ea0000 - 0x00007ff7b1ed7000 	C:\Program Files\Java\jdk1.8.0_91\bin\javaw.exe
0x00007ffe04a90000 - 0x00007ffe04c51000 	C:\WINDOWS\SYSTEM32\ntdll.dll
0x00007ffe04960000 - 0x00007ffe04a0d000 	C:\WINDOWS\system32\KERNEL32.DLL
0x00007ffe01380000 - 0x00007ffe01568000 	C:\WINDOWS\system32\KERNELBASE.dll
0x00007ffe040a0000 - 0x00007ffe04147000 	C:\WINDOWS\system32\ADVAPI32.dll
0x00007ffe03c70000 - 0x00007ffe03d0d000 	C:\WINDOWS\system32\msvcrt.dll
0x00007ffe01e90000 - 0x00007ffe01eeb000 	C:\WINDOWS\system32\sechost.dll
0x00007ffe04840000 - 0x00007ffe0495c000 	C:\WINDOWS\system32\RPCRT4.dll
0x00007ffe04460000 - 0x00007ffe045b6000 	C:\WINDOWS\system32\USER32.dll
0x00007ffe03990000 - 0x00007ffe03b16000 	C:\WINDOWS\system32\GDI32.dll
0x00007ffdf6b10000 - 0x00007ffdf6d84000 	C:\WINDOWS\WinSxS\amd64_microsoft.windows.common-controls_6595b64144ccf1df_6.0.10586.494_none_a2d8b04ea53e3145\COMCTL32.dll
0x00007ffe03e20000 - 0x00007ffe0409d000 	C:\WINDOWS\system32\combase.dll
0x00007ffe01290000 - 0x00007ffe012fa000 	C:\WINDOWS\system32\bcryptPrimitives.dll
0x00007ffe04670000 - 0x00007ffe046ab000 	C:\WINDOWS\system32\IMM32.DLL
0x0000000077710000 - 0x00000000777e2000 	C:\Program Files\Java\jdk1.8.0_91\jre\bin\msvcr100.dll
0x0000000076820000 - 0x00000000770b3000 	C:\Program Files\Java\jdk1.8.0_91\jre\bin\server\jvm.dll
0x00007ffe03980000 - 0x00007ffe03988000 	C:\WINDOWS\system32\PSAPI.DLL
0x00007ffdfd980000 - 0x00007ffdfd989000 	C:\WINDOWS\SYSTEM32\WSOCK32.dll
0x00007ffdff3c0000 - 0x00007ffdff3e3000 	C:\WINDOWS\SYSTEM32\WINMM.dll
0x00007ffe03900000 - 0x00007ffe0396b000 	C:\WINDOWS\system32\WS2_32.dll
0x00007ffdf7db0000 - 0x00007ffdf7dba000 	C:\WINDOWS\SYSTEM32\VERSION.dll
0x0000000000920000 - 0x000000000094c000 	C:\WINDOWS\SYSTEM32\WINMMBASE.dll
0x00007ffe01740000 - 0x00007ffe01783000 	C:\WINDOWS\system32\cfgmgr32.dll
0x0000000050060000 - 0x000000005006f000 	C:\Program Files\Java\jdk1.8.0_91\jre\bin\verify.dll
0x0000000050030000 - 0x0000000050059000 	C:\Program Files\Java\jdk1.8.0_91\jre\bin\java.dll
0x0000000050010000 - 0x0000000050026000 	C:\Program Files\Java\jdk1.8.0_91\jre\bin\zip.dll
0x00007ffe023a0000 - 0x00007ffe038fc000 	C:\WINDOWS\system32\SHELL32.dll
0x00007ffe01790000 - 0x00007ffe01dd5000 	C:\WINDOWS\system32\windows.storage.dll
0x00007ffe04710000 - 0x00007ffe04762000 	C:\WINDOWS\system32\shlwapi.dll
0x00007ffe010e0000 - 0x00007ffe010ef000 	C:\WINDOWS\system32\kernel.appcore.dll
0x00007ffe011d0000 - 0x00007ffe01285000 	C:\WINDOWS\system32\shcore.dll
0x00007ffe010f0000 - 0x00007ffe0113b000 	C:\WINDOWS\system32\powrprof.dll
0x00007ffe010c0000 - 0x00007ffe010d4000 	C:\WINDOWS\system32\profapi.dll
0x00007ffdf1470000 - 0x00007ffdf155f000 	C:\Program Files\Java\jdk1.8.0_91\jre\bin\msvcr120.dll
0x00007ffde7b50000 - 0x00007ffde7bf6000 	C:\Program Files\Java\jdk1.8.0_91\jre\bin\msvcp120.dll
0x00000000776e0000 - 0x0000000077703000 	C:\Program Files\Java\jdk1.8.0_91\jre\bin\prism_d3d.dll
0x00007ffddf5b0000 - 0x00007ffddf7c0000 	C:\WINDOWS\system32\d3d9.dll
0x00007ffdfeee0000 - 0x00007ffdfef02000 	C:\WINDOWS\SYSTEM32\dwmapi.dll
0x00007ffdffa30000 - 0x00007ffdffac6000 	C:\WINDOWS\system32\uxtheme.dll
0x00007ffdcac30000 - 0x00007ffdccce9000 	C:\WINDOWS\SYSTEM32\igdumdim64.dll
0x00007ffe01f10000 - 0x00007ffe02339000 	C:\WINDOWS\system32\SETUPAPI.dll
0x00007ffe04770000 - 0x00007ffe04831000 	C:\WINDOWS\system32\OLEAUT32.dll
0x00007ffe03b20000 - 0x00007ffe03c63000 	C:\WINDOWS\system32\ole32.dll
0x0000000077690000 - 0x00000000776d3000 	C:\Program Files\Java\jdk1.8.0_91\jre\bin\glass.dll
0x00007ffe03d10000 - 0x00007ffe03e1b000 	C:\WINDOWS\system32\COMDLG32.dll
0x00007ffe01140000 - 0x00007ffe011c6000 	C:\WINDOWS\system32\FirewallAPI.dll
0x00007ffe01360000 - 0x00007ffe01377000 	C:\WINDOWS\system32\NETAPI32.dll
0x00007ffdf69a0000 - 0x00007ffdf69ac000 	C:\WINDOWS\SYSTEM32\DAVHLPR.DLL
0x00007ffdffe30000 - 0x00007ffdffe62000 	C:\WINDOWS\SYSTEM32\fwbase.dll
0x00007ffe04300000 - 0x00007ffe0445a000 	C:\WINDOWS\system32\MSCTF.dll
0x00007ffdf5d20000 - 0x00007ffdf5dc3000 	C:\Program Files\Common Files\microsoft shared\ink\tiptsf.dll
0x00007ffdcff40000 - 0x00007ffdd0dac000 	C:\WINDOWS\SYSTEM32\igc64.dll
0x00007ffdc8340000 - 0x00007ffdcac2c000 	C:\googledrive\projects\HackNC\jniLibs\WIN64\runtimecore_java.dll
0x00007ffdff260000 - 0x00007ffdff277000 	C:\WINDOWS\SYSTEM32\VCRUNTIME140.dll
0x00007ffde7ab0000 - 0x00007ffde7b4d000 	C:\WINDOWS\SYSTEM32\MSVCP140.dll
0x00007ffe00250000 - 0x00007ffe00344000 	C:\WINDOWS\SYSTEM32\ucrtbase.dll
0x0000000077670000 - 0x0000000077684000 	C:\Program Files\Java\jdk1.8.0_91\jre\bin\javafx_font.dll
0x00007ffdf7370000 - 0x00007ffdf75d0000 	C:\WINDOWS\SYSTEM32\dwrite.dll
0x00007ffe00b50000 - 0x00007ffe00b5b000 	C:\WINDOWS\SYSTEM32\CRYPTBASE.DLL
0x00007ffdfeb70000 - 0x00007ffdfee18000 	C:\WINDOWS\SYSTEM32\d3d11.dll
0x00007ffdfea80000 - 0x00007ffdfeb22000 	C:\WINDOWS\SYSTEM32\dxgi.dll
0x00007ffdd0db0000 - 0x00007ffdd1ab3000 	C:\WINDOWS\SYSTEM32\igd10iumd64.dll
0x00007ffe00fe0000 - 0x00007ffe01009000 	C:\WINDOWS\SYSTEM32\bcrypt.dll
0x00007ffe00c20000 - 0x00007ffe00c47000 	C:\WINDOWS\SYSTEM32\ncrypt.dll
0x00007ffe00be0000 - 0x00007ffe00c1a000 	C:\WINDOWS\SYSTEM32\NTASN1.dll
0x00007ffe045c0000 - 0x00007ffe04667000 	C:\WINDOWS\system32\clbcatq.dll
0x00007ffdfe400000 - 0x00007ffdfe5b1000 	C:\WINDOWS\SYSTEM32\WindowsCodecs.dll
0x00007ffde90a0000 - 0x00007ffde90ea000 	C:\WINDOWS\system32\dataexchange.dll
0x00007ffdff420000 - 0x00007ffdff503000 	C:\WINDOWS\system32\dcomp.dll
0x00007ffdffbd0000 - 0x00007ffdffcd0000 	C:\WINDOWS\system32\twinapi.appcore.dll
0x00007ffdf4660000 - 0x00007ffdf4694000 	C:\Program Files\Common Files\Microsoft Shared\Ink\rtscom.dll
0x00000000777f0000 - 0x0000000077814000 	C:\Program Files\Java\jdk1.8.0_91\jre\bin\sunec.dll
0x00007ffe00a30000 - 0x00007ffe00a47000 	C:\WINDOWS\SYSTEM32\CRYPTSP.dll
0x00007ffe006c0000 - 0x00007ffe006f4000 	C:\WINDOWS\system32\rsaenh.dll
0x00007ffe00810000 - 0x00007ffe0082f000 	C:\WINDOWS\SYSTEM32\USERENV.dll
0x0000000077840000 - 0x000000007785a000 	C:\Program Files\Java\jdk1.8.0_91\jre\bin\net.dll
0x00007ffe00980000 - 0x00007ffe009dc000 	C:\WINDOWS\system32\mswsock.dll
0x00007ffdfb8a0000 - 0x00007ffdfb8d8000 	C:\WINDOWS\SYSTEM32\IPHLPAPI.DLL
0x00007ffe04a80000 - 0x00007ffe04a88000 	C:\WINDOWS\system32\NSI.dll
0x00007ffdfb530000 - 0x00007ffdfb546000 	C:\WINDOWS\SYSTEM32\dhcpcsvc6.DLL
0x00007ffdfb6c0000 - 0x00007ffdfb6da000 	C:\WINDOWS\SYSTEM32\dhcpcsvc.DLL
0x0000000077820000 - 0x0000000077831000 	C:\Program Files\Java\jdk1.8.0_91\jre\bin\nio.dll
0x00007ffdf5520000 - 0x00007ffdf5531000 	C:\googledrive\projects\HackNC\xboxcontroller64.dll
0x00007ffdfeeb0000 - 0x00007ffdfeeb7000 	C:\WINDOWS\SYSTEM32\XINPUT9_1_0.dll
0x00000000775d0000 - 0x0000000077668000 	C:\WINDOWS\SYSTEM32\MSVCP100.dll
0x00007ffdfaf20000 - 0x00007ffdfaf2e000 	C:\WINDOWS\SYSTEM32\XInput1_4.dll
0x00007ffdffb80000 - 0x00007ffdffba7000 	C:\WINDOWS\SYSTEM32\DEVOBJ.dll
0x00007ffdffad0000 - 0x00007ffdffb7a000 	C:\WINDOWS\SYSTEM32\DNSAPI.dll
0x00007ffdf7bc0000 - 0x00007ffdf7bca000 	C:\Windows\System32\rasadhlp.dll
0x0000000077430000 - 0x00000000775c8000 	C:\Program Files\Java\jdk1.8.0_91\jre\bin\awt.dll
0x00007ffdff8a0000 - 0x00007ffdff919000 	C:\WINDOWS\system32\apphelp.dll
0x00007ffdf5bc0000 - 0x00007ffdf5d1c000 	C:\Windows\System32\uiautomationcore.dll
0x00007ffe00f40000 - 0x00007ffe00fd9000 	C:\WINDOWS\SYSTEM32\sxs.dll
0x00007ffdf4cf0000 - 0x00007ffdf4d5a000 	C:\WINDOWS\SYSTEM32\OLEACC.dll
0x00007ffdfb560000 - 0x00007ffdfb5c7000 	C:\WINDOWS\System32\fwpuclnt.dll
0x00007ffdfcdb0000 - 0x00007ffdfd2f5000 	C:\WINDOWS\SYSTEM32\d2d1.dll
0x00007ffdfd4f0000 - 0x00007ffdfd75f000 	C:\WINDOWS\SYSTEM32\D3D10Warp.dll
0x0000000077410000 - 0x0000000077421000 	C:\Program Files\Java\jdk1.8.0_91\jre\bin\prism_common.dll
0x00007ffdfcbd0000 - 0x00007ffdfcd5c000 	C:\WINDOWS\SYSTEM32\dbghelp.dll

VM Arguments:
jvm_args: -Dfile.encoding=UTF-8 
java_command: demoApp.Test
java_class_path (initial): C:\googledrive\projects\HackNC\bin;C:\googledrive\projects\HackNC\arcgis-java-sdk-100.0.0-beta-2\libs\arcgis-java-api.jar;C:\googledrive\projects\HackNC\arcgis-java-sdk-100.0.0-beta-2\libs\arcgis-java-javadoc.jar;C:\googledrive\projects\HackNC\arcgis-java-sdk-100.0.0-beta-2\libs\commons-codec-1.6.jar;C:\googledrive\projects\HackNC\arcgis-java-sdk-100.0.0-beta-2\libs\commons-logging-1.1.3.jar;C:\googledrive\projects\HackNC\arcgis-java-sdk-100.0.0-beta-2\libs\gson-2.3.1.jar;C:\googledrive\projects\HackNC\arcgis-java-sdk-100.0.0-beta-2\libs\httpclient-4.3.6.jar;C:\googledrive\projects\HackNC\arcgis-java-sdk-100.0.0-beta-2\libs\httpcore-4.3.3.jar;C:\googledrive\projects\HackNC\XboxController (1)\lib\jaw.jar;C:\googledrive\projects\HackNC\XboxController (1)\lib\XboxController.jar
Launcher Type: SUN_STANDARD

Environment Variables:
PATH=C:/Program Files/Java/jdk1.8.0_91/jre/bin/server;C:/Program Files/Java/jdk1.8.0_91/jre/bin;C:/Program Files/Java/jdk1.8.0_91/jre/lib/amd64;C:\Program Files\Oculus\Support\oculus-runtime;C:\ProgramData\Oracle\Java\javapath;C:\WINDOWS\system32;C:\WINDOWS;C:\WINDOWS\System32\Wbem;C:\WINDOWS\System32\WindowsPowerShell\v1.0\;C:\Program Files (x86)\PharosSystems\Core;C:\Program Files\Java\jdk1.8.0_73\bin;C:\Program Files\Java\jdk1.8.0_73\lib\tools.jar;C:\Program Files\Java\jdk1.8.0_73\lib\dt.jar;C:\Vagrant\bin;C:\Program Files (x86)\Calibre2\;C:\Program Files\nodejs\;C:\Program Files\wkhtmltopdf\bin;C:\Program Files (x86)\NVIDIA Corporation\PhysX\Common;C:\Users\Stephen\Anaconda2;C:\Users\Stephen\Anaconda2\Scripts;C:\Users\Stephen\Anaconda2\Library\bin;C:\Users\Stephen\AppData\Roaming\npm;C:\Users\Stephen\eclipse\java-neon2\eclipse;
USERNAME=Stephen
OS=Windows_NT
PROCESSOR_IDENTIFIER=Intel64 Family 6 Model 94 Stepping 3, GenuineIntel



---------------  S Y S T E M  ---------------

OS: Windows 10.0 , 64 bit Build 10586 (10.0.10586.0)

CPU:total 4 (4 cores per cpu, 1 threads per core) family 6 model 94 stepping 3, cmov, cx8, fxsr, mmx, sse, sse2, sse3, ssse3, sse4.1, sse4.2, popcnt, avx, avx2, aes, clmul, erms, rtm, 3dnowpref, lzcnt, tsc, tscinvbit, bmi1, bmi2, adx

Memory: 4k page, physical 8240396k(1029716k free), swap 13137304k(2991576k free)

vm_info: Java HotSpot(TM) 64-Bit Server VM (25.91-b15) for windows-amd64 JRE (1.8.0_91-b15), built on May 20 2016 17:43:15 by "java_re" with MS VC++ 10.0 (VS2010)

time: Sun Oct 30 04:27:43 2016
elapsed time: 105 seconds (0d 0h 1m 45s)

