#
# A fatal error has been detected by the Java Runtime Environment:
#
#  EXCEPTION_ACCESS_VIOLATION (0xc0000005) at pc=0x0000000002c9dd15, pid=13448, tid=5452
#
# JRE version: Java(TM) SE Runtime Environment (8.0_91-b14) (build 1.8.0_91-b14)
# Java VM: Java HotSpot(TM) 64-Bit Server VM (25.91-b14 mixed mode windows-amd64 compressed oops)
# Problematic frame:
# J 1193 C2 com.sun.javafx.image.impl.IntArgb$ToByteBgraPreConv.doConvert([III[BIIII)V (209 bytes) @ 0x0000000002c9dd15 [0x0000000002c9dcc0+0x55]
#
# Failed to write core dump. Minidumps are not enabled by default on client versions of Windows
#
# If you would like to submit a bug report, please visit:
#   http://bugreport.java.com/bugreport/crash.jsp
# The crash happened outside the Java Virtual Machine in native code.
# See problematic frame for where to report the bug.
#

---------------  T H R E A D  ---------------

Current thread (0x000000001a4b6800):  JavaThread "JavaFX Application Thread" [_thread_in_native, id=5452, stack(0x000000001afe0000,0x000000001b0e0000)]

siginfo: ExceptionCode=0xc0000005, reading address 0x0000000002400000

Registers:
RAX=0x00000000000f3048, RBX=0x00000000000f3048, RCX=0x0000000000000000, RDX=0x00000000003cc120
RSP=0x000000001b0dd8d8, RBP=0x0000000083045a60, RSI=0x00000000d9b4e0b8, RDI=0x00000000ffc35518
R8 =0x0000000083045a60, R9 =0x0000000000000000, R10=0x00000000fff0d546, R11=0x00000000ffffffff
R12=0x0000000000000000, R13=0x0000000000000013, R14=0x00000000000015bc, R15=0x000000001a4b6800
RIP=0x0000000002c9dd15, EFLAGS=0x0000000000010202

Top of Stack: (sp=0x000000001b0dd8d8)
0x000000001b0dd8d8:   0000000002a18424 00007ffa00001638
0x000000001b0dd8e8:   000f3048000f3048 0000000000000001
0x000000001b0dd8f8:   00007ffac098f391 000000001a4b69f8
0x000000001b0dd908:   000000008300d8a8 0000000000000000
0x000000001b0dd918:   000002bc0000058e 00000000830421c8
0x000000001b0dd928:   00000000813c32f8 00000000819698d0
0x000000001b0dd938:   00000000d60299f0 0000000083045a60
0x000000001b0dd948:   0000000002c9c41c 0000000000001638
0x000000001b0dd958:   ffffffff0000058e 00000000000002bc
0x000000001b0dd968:   0000feda1de9d71b 000000001a4b6800
0x000000001b0dd978:   00000000d6029a90 000000000000058e
0x000000001b0dd988:   00000000000002bc 000000001b0ddb20
0x000000001b0dd998:   0000000002bd16e4 00000000d6029a18
0x000000001b0dd9a8:   00000000031861c1 0000058e000002bc
0x000000001b0dd9b8:   00000000830421c8 000000008300d8a8
0x000000001b0dd9c8:   0000000000000000 000002bc0000058e 

Instructions: (pc=0x0000000002c9dd15)
0x0000000002c9dcf5:   85 db 7c 17 44 8b d7 44 2b 54 24 58 8b 54 24 58
0x0000000002c9dd05:   c1 e2 02 8b 7c 24 50 2b fa eb 41 48 83 c4 40 5d
0x0000000002c9dd15:   85 05 e5 22 76 ff c3 83 c5 04 8b 5c 24 5c c4 c1
0x0000000002c9dd25:   79 7e ca c4 c1 f9 7e c0 c4 c1 79 7e db c5 f9 7e 


Register to memory mapping:

RAX=0x00000000000f3048 is an unknown value
RBX=0x00000000000f3048 is an unknown value
RCX=0x0000000000000000 is an unknown value
RDX=0x00000000003cc120 is an unknown value
RSP=0x000000001b0dd8d8 is pointing into the stack for thread: 0x000000001a4b6800
RBP=0x0000000083045a60 is an oop
[I 
 - klass: {type array int}
 - length: 995400
RSI=0x00000000d9b4e0b8 is an oop
[B 
 - klass: {type array byte}
 - length: 3981600
RDI=0x00000000ffc35518 is an unallocated location in the heap
R8 =0x0000000083045a60 is an oop
[I 
 - klass: {type array int}
 - length: 995400
R9 =0x0000000000000000 is an unknown value
R10=0x00000000fff0d546 is an unallocated location in the heap
R11=0x00000000ffffffff is an unallocated location in the heap
R12=0x0000000000000000 is an unknown value
R13=0x0000000000000013 is an unknown value
R14=0x00000000000015bc is an unknown value
R15=0x000000001a4b6800 is a thread


Stack: [0x000000001afe0000,0x000000001b0e0000],  sp=0x000000001b0dd8d8,  free space=1014k
Native frames: (J=compiled Java code, j=interpreted, Vv=VM code, C=native code)
C  0x0000000002c9dd15


---------------  P R O C E S S  ---------------

Java Threads: ( => current thread )
  0x0000000023155000 JavaThread "pool-2-thread-27" [_thread_blocked, id=15204, stack(0x0000000043570000,0x0000000043670000)]
  0x000000001a9b8800 JavaThread "pool-2-thread-25" [_thread_blocked, id=12244, stack(0x0000000043470000,0x0000000043570000)]
  0x0000000023157800 JavaThread "pool-2-thread-26" [_thread_blocked, id=15264, stack(0x0000000043370000,0x0000000043470000)]
  0x0000000023187800 JavaThread "pool-2-thread-24" [_thread_in_native, id=6124, stack(0x0000000043270000,0x0000000043370000)]
  0x0000000023157000 JavaThread "pool-2-thread-23" [_thread_in_native, id=9692, stack(0x0000000043170000,0x0000000043270000)]
  0x0000000023185800 JavaThread "pool-2-thread-22" [_thread_blocked, id=11308, stack(0x0000000043070000,0x0000000043170000)]
  0x000000001a9ba000 JavaThread "pool-2-thread-21" [_thread_blocked, id=14228, stack(0x0000000042f70000,0x0000000043070000)]
  0x000000001a9bb800 JavaThread "pool-2-thread-20" [_thread_in_native, id=11324, stack(0x0000000042e70000,0x0000000042f70000)]
  0x000000001ab27000 JavaThread "pool-2-thread-19" [_thread_in_native, id=8716, stack(0x0000000042d70000,0x0000000042e70000)]
  0x000000001ab2b000 JavaThread "AWT-EventQueue-0" [_thread_blocked, id=12120, stack(0x0000000026ca0000,0x0000000026da0000)]
  0x000000001ab28800 JavaThread "AWT-Windows" daemon [_thread_in_native, id=2756, stack(0x0000000026ba0000,0x0000000026ca0000)]
  0x000000001ab2a000 JavaThread "AWT-Shutdown" [_thread_blocked, id=2112, stack(0x0000000026aa0000,0x0000000026ba0000)]
  0x000000001ab29800 JavaThread "Java2D Disposer" daemon [_thread_blocked, id=13748, stack(0x00000000269a0000,0x0000000026aa0000)]
  0x000000001abff000 JavaThread "TimerQueue" daemon [_thread_blocked, id=14128, stack(0x00000000245c0000,0x00000000246c0000)]
  0x000000001abb1000 JavaThread "Thread-5" [_thread_in_native, id=5552, stack(0x0000000023fe0000,0x00000000240e0000)]
  0x000000001a532000 JavaThread "JavaFX-Launcher" [_thread_blocked, id=5132, stack(0x000000001fa10000,0x000000001fb10000)]
  0x000000001a584000 JavaThread "Thread-2" daemon [_thread_in_native, id=8064, stack(0x000000001f910000,0x000000001fa10000)]
=>0x000000001a4b6800 JavaThread "JavaFX Application Thread" [_thread_in_native, id=5452, stack(0x000000001afe0000,0x000000001b0e0000)]
  0x000000001a495800 JavaThread "Thread-1" daemon [_thread_blocked, id=4968, stack(0x000000001aee0000,0x000000001afe0000)]
  0x000000001a4a3000 JavaThread "QuantumRenderer-0" daemon [_thread_blocked, id=4920, stack(0x000000001ac60000,0x000000001ad60000)]
  0x000000001982b000 JavaThread "Service Thread" daemon [_thread_blocked, id=8120, stack(0x000000001a260000,0x000000001a360000)]
  0x000000001979c000 JavaThread "C1 CompilerThread3" daemon [_thread_blocked, id=1516, stack(0x000000001a160000,0x000000001a260000)]
  0x0000000019795000 JavaThread "C2 CompilerThread2" daemon [_thread_blocked, id=13440, stack(0x000000001a060000,0x000000001a160000)]
  0x000000001978d000 JavaThread "C2 CompilerThread1" daemon [_thread_blocked, id=13444, stack(0x0000000019f60000,0x000000001a060000)]
  0x000000001978a800 JavaThread "C2 CompilerThread0" daemon [_thread_blocked, id=12944, stack(0x0000000019e60000,0x0000000019f60000)]
  0x0000000019789000 JavaThread "Attach Listener" daemon [_thread_blocked, id=12624, stack(0x0000000019d60000,0x0000000019e60000)]
  0x0000000019788000 JavaThread "Signal Dispatcher" daemon [_thread_blocked, id=14752, stack(0x0000000019c60000,0x0000000019d60000)]
  0x0000000002889000 JavaThread "Finalizer" daemon [_thread_blocked, id=7928, stack(0x0000000019b60000,0x0000000019c60000)]
  0x0000000002886000 JavaThread "Reference Handler" daemon [_thread_blocked, id=14824, stack(0x0000000019660000,0x0000000019760000)]
  0x000000000258e000 JavaThread "main" [_thread_blocked, id=14760, stack(0x0000000002690000,0x0000000002790000)]

Other Threads:
  0x0000000017859800 VMThread [stack: 0x0000000019560000,0x0000000019660000] [id=15068]
  0x0000000019836800 WatcherThread [stack: 0x000000001a360000,0x000000001a460000] [id=7992]

VM state:not at safepoint (normal execution)

VM Mutex/Monitor currently owned by a thread: None

Heap:
 PSYoungGen      total 336384K, used 71081K [0x00000000d5b80000, 0x00000000fcc80000, 0x0000000100000000)
  eden space 335872K, 21% used [0x00000000d5b80000,0x00000000da092420,0x00000000ea380000)
  from space 512K, 68% used [0x00000000fcc00000,0x00000000fcc58000,0x00000000fcc80000)
  to   space 16896K, 0% used [0x00000000fab80000,0x00000000fab80000,0x00000000fbc00000)
 ParOldGen       total 87552K, used 39775K [0x0000000081200000, 0x0000000086780000, 0x00000000d5b80000)
  object space 87552K, 45% used [0x0000000081200000,0x00000000838d7c08,0x0000000086780000)
 Metaspace       used 19456K, capacity 20110K, committed 20352K, reserved 1067008K
  class space    used 2417K, capacity 2591K, committed 2688K, reserved 1048576K

Card table byte_map: [0x0000000011c50000,0x0000000012050000] byte_map_base: 0x0000000011847000

Marking Bits: (ParMarkBitMap*) 0x0000000071c52f70
 Begin Bits: [0x0000000012b00000, 0x0000000014ab8000)
 End Bits:   [0x0000000014ab8000, 0x0000000016a70000)

Polling page: 0x0000000002400000

CodeCache: size=245760Kb used=9777Kb max_used=9804Kb free=235982Kb
 bounds [0x0000000002890000, 0x0000000003230000, 0x0000000011890000]
 total_blobs=3708 nmethods=2995 adapters=625
 compilation: enabled

Compilation events (10 events):
Event: 295.575 Thread 0x000000001979c000 nmethod 3280 0x000000000322af90 code [0x000000000322b100, 0x000000000322b3e8]
Event: 295.575 Thread 0x000000001979c000 3282       3       com.sun.javafx.sg.prism.GrowableDataBuffer::getObject (37 bytes)
Event: 295.575 Thread 0x000000001979c000 nmethod 3282 0x00000000031f2990 code [0x00000000031f2b00, 0x00000000031f2d88]
Event: 295.575 Thread 0x000000001979c000 3283       3       com.sun.prism.Image::fromByteBgraPreData (14 bytes)
Event: 295.576 Thread 0x000000001979c000 nmethod 3283 0x000000000322b550 code [0x000000000322b720, 0x000000000322bc68]
Event: 295.596 Thread 0x0000000019795000 3284       4       java.util.HashMap::isEmpty (13 bytes)
Event: 295.596 Thread 0x0000000019795000 nmethod 3284 0x0000000002c14510 code [0x0000000002c14640, 0x0000000002c146b8]
Event: 295.783 Thread 0x000000001978d000 3285   !   4       java.util.concurrent.ConcurrentHashMap::putVal (362 bytes)
Event: 295.783 Thread 0x000000001978a800 3286       4       java.util.ArrayList$Itr::hasNext (20 bytes)
Event: 295.784 Thread 0x000000001978a800 nmethod 3286 0x0000000002cf4850 code [0x0000000002cf4980, 0x0000000002cf4a18]

GC Heap History (10 events):
Event: 9.138 GC heap before
{Heap before GC invocations=12 (full 0):
 PSYoungGen      total 442368K, used 422544K [0x00000000d5b80000, 0x0000000100000000, 0x0000000100000000)
  eden space 423936K, 99% used [0x00000000d5b80000,0x00000000ef7d41a8,0x00000000ef980000)
  from space 18432K, 1% used [0x00000000ef980000,0x00000000ef9d0000,0x00000000f0b80000)
  to   space 18432K, 0% used [0x00000000fee00000,0x00000000fee00000,0x0000000100000000)
 ParOldGen       total 87552K, used 39440K [0x0000000081200000, 0x0000000086780000, 0x00000000d5b80000)
  object space 87552K, 45% used [0x0000000081200000,0x00000000838841f0,0x0000000086780000)
 Metaspace       used 19121K, capacity 19714K, committed 19840K, reserved 1067008K
  class space    used 2414K, capacity 2591K, committed 2688K, reserved 1048576K
Event: 9.139 GC heap after
Heap after GC invocations=12 (full 0):
 PSYoungGen      total 404992K, used 449K [0x00000000d5b80000, 0x00000000fee80000, 0x0000000100000000)
  eden space 404480K, 0% used [0x00000000d5b80000,0x00000000d5b80000,0x00000000ee680000)
  from space 512K, 87% used [0x00000000fee00000,0x00000000fee70680,0x00000000fee80000)
  to   space 18432K, 0% used [0x00000000fca80000,0x00000000fca80000,0x00000000fdc80000)
 ParOldGen       total 87552K, used 39504K [0x0000000081200000, 0x0000000086780000, 0x00000000d5b80000)
  object space 87552K, 45% used [0x0000000081200000,0x00000000838941f0,0x0000000086780000)
 Metaspace       used 19121K, capacity 19714K, committed 19840K, reserved 1067008K
  class space    used 2414K, capacity 2591K, committed 2688K, reserved 1048576K
}
Event: 18.741 GC heap before
{Heap before GC invocations=13 (full 0):
 PSYoungGen      total 404992K, used 403109K [0x00000000d5b80000, 0x00000000fee80000, 0x0000000100000000)
  eden space 404480K, 99% used [0x00000000d5b80000,0x00000000ee4b8fe0,0x00000000ee680000)
  from space 512K, 87% used [0x00000000fee00000,0x00000000fee70680,0x00000000fee80000)
  to   space 18432K, 0% used [0x00000000fca80000,0x00000000fca80000,0x00000000fdc80000)
 ParOldGen       total 87552K, used 39504K [0x0000000081200000, 0x0000000086780000, 0x00000000d5b80000)
  object space 87552K, 45% used [0x0000000081200000,0x00000000838941f0,0x0000000086780000)
 Metaspace       used 19238K, capacity 19918K, committed 20096K, reserved 1067008K
  class space    used 2414K, capacity 2591K, committed 2688K, reserved 1048576K
Event: 18.742 GC heap after
Heap after GC invocations=13 (full 0):
 PSYoungGen      total 404480K, used 288K [0x00000000d5b80000, 0x00000000fee80000, 0x0000000100000000)
  eden space 386048K, 0% used [0x00000000d5b80000,0x00000000d5b80000,0x00000000ed480000)
  from space 18432K, 1% used [0x00000000fca80000,0x00000000fcac8000,0x00000000fdc80000)
  to   space 18432K, 0% used [0x00000000fdc80000,0x00000000fdc80000,0x00000000fee80000)
 ParOldGen       total 87552K, used 39560K [0x0000000081200000, 0x0000000086780000, 0x00000000d5b80000)
  object space 87552K, 45% used [0x0000000081200000,0x00000000838a21f0,0x0000000086780000)
 Metaspace       used 19238K, capacity 19918K, committed 20096K, reserved 1067008K
  class space    used 2414K, capacity 2591K, committed 2688K, reserved 1048576K
}
Event: 292.014 GC heap before
{Heap before GC invocations=14 (full 0):
 PSYoungGen      total 404480K, used 386029K [0x00000000d5b80000, 0x00000000fee80000, 0x0000000100000000)
  eden space 386048K, 99% used [0x00000000d5b80000,0x00000000ed433448,0x00000000ed480000)
  from space 18432K, 1% used [0x00000000fca80000,0x00000000fcac8000,0x00000000fdc80000)
  to   space 18432K, 0% used [0x00000000fdc80000,0x00000000fdc80000,0x00000000fee80000)
 ParOldGen       total 87552K, used 39560K [0x0000000081200000, 0x0000000086780000, 0x00000000d5b80000)
  object space 87552K, 45% used [0x0000000081200000,0x00000000838a21f0,0x0000000086780000)
 Metaspace       used 19315K, capacity 19982K, committed 20096K, reserved 1067008K
  class space    used 2417K, capacity 2591K, committed 2688K, reserved 1048576K
Event: 292.015 GC heap after
Heap after GC invocations=14 (full 0):
 PSYoungGen      total 369152K, used 256K [0x00000000d5b80000, 0x00000000fdd00000, 0x0000000100000000)
  eden space 368640K, 0% used [0x00000000d5b80000,0x00000000d5b80000,0x00000000ec380000)
  from space 512K, 50% used [0x00000000fdc80000,0x00000000fdcc0000,0x00000000fdd00000)
  to   space 17920K, 0% used [0x00000000fba00000,0x00000000fba00000,0x00000000fcb80000)
 ParOldGen       total 87552K, used 39647K [0x0000000081200000, 0x0000000086780000, 0x00000000d5b80000)
  object space 87552K, 45% used [0x0000000081200000,0x00000000838b7c08,0x0000000086780000)
 Metaspace       used 19315K, capacity 19982K, committed 20096K, reserved 1067008K
  class space    used 2417K, capacity 2591K, committed 2688K, reserved 1048576K
}
Event: 293.719 GC heap before
{Heap before GC invocations=15 (full 0):
 PSYoungGen      total 369152K, used 368509K [0x00000000d5b80000, 0x00000000fdd00000, 0x0000000100000000)
  eden space 368640K, 99% used [0x00000000d5b80000,0x00000000ec31f560,0x00000000ec380000)
  from space 512K, 50% used [0x00000000fdc80000,0x00000000fdcc0000,0x00000000fdd00000)
  to   space 17920K, 0% used [0x00000000fba00000,0x00000000fba00000,0x00000000fcb80000)
 ParOldGen       total 87552K, used 39647K [0x0000000081200000, 0x0000000086780000, 0x00000000d5b80000)
  object space 87552K, 45% used [0x0000000081200000,0x00000000838b7c08,0x0000000086780000)
 Metaspace       used 19333K, capacity 19982K, committed 20096K, reserved 1067008K
  class space    used 2417K, capacity 2591K, committed 2688K, reserved 1048576K
Event: 293.720 GC heap after
Heap after GC invocations=15 (full 0):
 PSYoungGen      total 369664K, used 288K [0x00000000d5b80000, 0x00000000fdd00000, 0x0000000100000000)
  eden space 351744K, 0% used [0x00000000d5b80000,0x00000000d5b80000,0x00000000eb300000)
  from space 17920K, 1% used [0x00000000fba00000,0x00000000fba48000,0x00000000fcb80000)
  to   space 17408K, 0% used [0x00000000fcc00000,0x00000000fcc00000,0x00000000fdd00000)
 ParOldGen       total 87552K, used 39711K [0x0000000081200000, 0x0000000086780000, 0x00000000d5b80000)
  object space 87552K, 45% used [0x0000000081200000,0x00000000838c7c08,0x0000000086780000)
 Metaspace       used 19333K, capacity 19982K, committed 20096K, reserved 1067008K
  class space    used 2417K, capacity 2591K, committed 2688K, reserved 1048576K
}
Event: 295.448 GC heap before
{Heap before GC invocations=16 (full 0):
 PSYoungGen      total 369664K, used 352032K [0x00000000d5b80000, 0x00000000fdd00000, 0x0000000100000000)
  eden space 351744K, 100% used [0x00000000d5b80000,0x00000000eb300000,0x00000000eb300000)
  from space 17920K, 1% used [0x00000000fba00000,0x00000000fba48000,0x00000000fcb80000)
  to   space 17408K, 0% used [0x00000000fcc00000,0x00000000fcc00000,0x00000000fdd00000)
 ParOldGen       total 87552K, used 39711K [0x0000000081200000, 0x0000000086780000, 0x00000000d5b80000)
  object space 87552K, 45% used [0x0000000081200000,0x00000000838c7c08,0x0000000086780000)
 Metaspace       used 19356K, capacity 19982K, committed 20096K, reserved 1067008K
  class space    used 2417K, capacity 2591K, committed 2688K, reserved 1048576K
Event: 295.449 GC heap after
Heap after GC invocations=16 (full 0):
 PSYoungGen      total 336384K, used 352K [0x00000000d5b80000, 0x00000000fcc80000, 0x0000000100000000)
  eden space 335872K, 0% used [0x00000000d5b80000,0x00000000d5b80000,0x00000000ea380000)
  from space 512K, 68% used [0x00000000fcc00000,0x00000000fcc58000,0x00000000fcc80000)
  to   space 16896K, 0% used [0x00000000fab80000,0x00000000fab80000,0x00000000fbc00000)
 ParOldGen       total 87552K, used 39775K [0x0000000081200000, 0x0000000086780000, 0x00000000d5b80000)
  object space 87552K, 45% used [0x0000000081200000,0x00000000838d7c08,0x0000000086780000)
 Metaspace       used 19356K, capacity 19982K, committed 20096K, reserved 1067008K
  class space    used 2417K, capacity 2591K, committed 2688K, reserved 1048576K
}

Deoptimization events (10 events):
Event: 0.816 Thread 0x000000001a931000 Uncommon trap: reason=unstable_if action=reinterpret pc=0x0000000002b8a6dc method=java.lang.CharacterDataLatin1.digit(II)I @ 82
Event: 0.816 Thread 0x000000001a997000 Uncommon trap: reason=unstable_if action=reinterpret pc=0x0000000002b8a6dc method=java.lang.CharacterDataLatin1.digit(II)I @ 82
Event: 0.816 Thread 0x000000001aac2000 Uncommon trap: reason=unstable_if action=reinterpret pc=0x0000000002b8f114 method=java.lang.CharacterDataLatin1.digit(II)I @ 82
Event: 0.958 Thread 0x000000001a4b6800 Uncommon trap: reason=unstable_if action=reinterpret pc=0x0000000002c329e8 method=jdk.internal.org.objectweb.asm.Type.getArgumentsAndReturnSizes(Ljava/lang/String;)I @ 47
Event: 0.960 Thread 0x000000001aac2000 Uncommon trap: reason=unstable_if action=reinterpret pc=0x0000000002b55bdc method=java.lang.String.regionMatches(ZILjava/lang/String;II)Z @ 123
Event: 0.960 Thread 0x000000001a997000 Uncommon trap: reason=unstable_if action=reinterpret pc=0x0000000002b55bdc method=java.lang.String.regionMatches(ZILjava/lang/String;II)Z @ 123
Event: 1.104 Thread 0x000000001a4b6800 Uncommon trap: reason=unstable_if action=reinterpret pc=0x0000000002c98abc method=com.sun.javafx.image.impl.IntArgb$ToByteBgraPreConv.doConvert([III[BIIII)V @ 70
Event: 2.962 Thread 0x000000001ab35800 Uncommon trap: reason=unstable_if action=reinterpret pc=0x0000000002bb05d0 method=java.io.ByteArrayInputStream.read()I @ 8
Event: 16.992 Thread 0x000000001a4b6800 Uncommon trap: reason=unstable_if action=reinterpret pc=0x0000000002af6524 method=java.util.concurrent.locks.ReentrantLock$Sync.isHeldExclusively()Z @ 7
Event: 291.218 Thread 0x000000001ab2b000 Uncommon trap: reason=unstable_if action=reinterpret pc=0x0000000002c664ac method=java.util.concurrent.ConcurrentHashMap.putVal(Ljava/lang/Object;Ljava/lang/Object;Z)Ljava/lang/Object; @ 147

Internal exceptions (10 events):
Event: 295.645 Thread 0x0000000023187800 Exception <a 'java/net/SocketTimeoutException': Read timed out> (0x00000000d6ad02e8) thrown at [C:\re\workspace\8-2-build-windows-amd64-cygwin\jdk8u91\6644\hotspot\src\share\vm\prims\jni.cpp, line 735]
Event: 295.662 Thread 0x0000000023185800 Exception <a 'java/net/SocketTimeoutException': Read timed out> (0x00000000d6904538) thrown at [C:\re\workspace\8-2-build-windows-amd64-cygwin\jdk8u91\6644\hotspot\src\share\vm\prims\jni.cpp, line 735]
Event: 295.662 Thread 0x0000000023157000 Exception <a 'java/net/SocketTimeoutException': Read timed out> (0x00000000d60224d0) thrown at [C:\re\workspace\8-2-build-windows-amd64-cygwin\jdk8u91\6644\hotspot\src\share\vm\prims\jni.cpp, line 735]
Event: 295.694 Thread 0x000000001a9b8800 Exception <a 'java/net/SocketTimeoutException': Read timed out> (0x00000000d82bd3c8) thrown at [C:\re\workspace\8-2-build-windows-amd64-cygwin\jdk8u91\6644\hotspot\src\share\vm\prims\jni.cpp, line 735]
Event: 295.697 Thread 0x000000001a9ba000 Exception <a 'java/net/SocketTimeoutException': Read timed out> (0x00000000d68ccae0) thrown at [C:\re\workspace\8-2-build-windows-amd64-cygwin\jdk8u91\6644\hotspot\src\share\vm\prims\jni.cpp, line 735]
Event: 295.716 Thread 0x0000000023155000 Exception <a 'java/net/SocketTimeoutException': Read timed out> (0x00000000d5b9e698) thrown at [C:\re\workspace\8-2-build-windows-amd64-cygwin\jdk8u91\6644\hotspot\src\share\vm\prims\jni.cpp, line 735]
Event: 295.749 Thread 0x0000000023157800 Exception <a 'java/net/SocketTimeoutException': Read timed out> (0x00000000d79479e8) thrown at [C:\re\workspace\8-2-build-windows-amd64-cygwin\jdk8u91\6644\hotspot\src\share\vm\prims\jni.cpp, line 735]
Event: 295.770 Thread 0x000000001a9bb800 Exception <a 'java/net/SocketTimeoutException': Read timed out> (0x00000000d85f6ab0) thrown at [C:\re\workspace\8-2-build-windows-amd64-cygwin\jdk8u91\6644\hotspot\src\share\vm\prims\jni.cpp, line 735]
Event: 295.774 Thread 0x0000000023187800 Exception <a 'java/net/SocketTimeoutException': Read timed out> (0x00000000d8b1ba58) thrown at [C:\re\workspace\8-2-build-windows-amd64-cygwin\jdk8u91\6644\hotspot\src\share\vm\prims\jni.cpp, line 735]
Event: 295.774 Thread 0x000000001ab27000 Exception <a 'java/net/SocketTimeoutException': Read timed out> (0x00000000d5c52eb8) thrown at [C:\re\workspace\8-2-build-windows-amd64-cygwin\jdk8u91\6644\hotspot\src\share\vm\prims\jni.cpp, line 735]

Events (10 events):
Event: 295.783 Thread 0x0000000023158800 Thread added: 0x0000000023158800
Event: 295.783 Thread 0x0000000023158800 Thread exited: 0x0000000023158800
Event: 295.783 Thread 0x0000000023163000 Thread exited: 0x0000000023163000
Event: 295.783 Thread 0x0000000023152000 Thread exited: 0x0000000023152000
Event: 295.800 Thread 0x0000000023169000 Thread added: 0x0000000023169000
Event: 295.801 Thread 0x0000000023169000 Thread exited: 0x0000000023169000
Event: 295.801 Thread 0x0000000023168800 Thread added: 0x0000000023168800
Event: 295.801 Thread 0x0000000023168800 Thread exited: 0x0000000023168800
Event: 295.809 Thread 0x0000000023153800 Thread added: 0x0000000023153800
Event: 295.809 Executing VM operation: RevokeBias


Dynamic libraries:
0x00007ff736360000 - 0x00007ff736397000 	C:\Program Files\Java\jre1.8.0_91\bin\javaw.exe
0x00007ffb02720000 - 0x00007ffb028e1000 	C:\WINDOWS\SYSTEM32\ntdll.dll
0x00007ffb00360000 - 0x00007ffb0040d000 	C:\WINDOWS\system32\KERNEL32.DLL
0x00007ffafef40000 - 0x00007ffaff128000 	C:\WINDOWS\system32\KERNELBASE.dll
0x00007ffb02650000 - 0x00007ffb026f7000 	C:\WINDOWS\system32\ADVAPI32.dll
0x00007ffb001b0000 - 0x00007ffb0024d000 	C:\WINDOWS\system32\msvcrt.dll
0x00007ffb00930000 - 0x00007ffb0098b000 	C:\WINDOWS\system32\sechost.dll
0x00007ffaffb20000 - 0x00007ffaffc3c000 	C:\WINDOWS\system32\RPCRT4.dll
0x00007ffb00b60000 - 0x00007ffb00cb6000 	C:\WINDOWS\system32\USER32.dll
0x00007ffb00cc0000 - 0x00007ffb00e46000 	C:\WINDOWS\system32\GDI32.dll
0x00007ffafa450000 - 0x00007ffafa6c4000 	C:\WINDOWS\WinSxS\amd64_microsoft.windows.common-controls_6595b64144ccf1df_6.0.10586.589_none_a2ddb3caa539acce\COMCTL32.dll
0x00007ffb00560000 - 0x00007ffb007dd000 	C:\WINDOWS\system32\combase.dll
0x00007ffaffab0000 - 0x00007ffaffb1a000 	C:\WINDOWS\system32\bcryptPrimitives.dll
0x00007ffb00520000 - 0x00007ffb0055b000 	C:\WINDOWS\system32\IMM32.DLL
0x00000000711e0000 - 0x00000000712b2000 	C:\Program Files\Java\jre1.8.0_91\bin\msvcr100.dll
0x0000000071440000 - 0x0000000071cd3000 	C:\Program Files\Java\jre1.8.0_91\bin\server\jvm.dll
0x00007ffb00e50000 - 0x00007ffb00e58000 	C:\WINDOWS\system32\PSAPI.DLL
0x00007ffae8300000 - 0x00007ffae8309000 	C:\WINDOWS\SYSTEM32\WSOCK32.dll
0x00007ffb00af0000 - 0x00007ffb00b5b000 	C:\WINDOWS\system32\WS2_32.dll
0x00007ffafd300000 - 0x00007ffafd323000 	C:\WINDOWS\SYSTEM32\WINMM.dll
0x00007ffafab90000 - 0x00007ffafab9a000 	C:\WINDOWS\SYSTEM32\VERSION.dll
0x00007ffafd2a0000 - 0x00007ffafd2cc000 	C:\WINDOWS\SYSTEM32\winmmbase.dll
0x00007ffaff130000 - 0x00007ffaff173000 	C:\WINDOWS\system32\cfgmgr32.dll
0x0000000071350000 - 0x000000007135f000 	C:\Program Files\Java\jre1.8.0_91\bin\verify.dll
0x0000000071320000 - 0x0000000071349000 	C:\Program Files\Java\jre1.8.0_91\bin\java.dll
0x0000000071300000 - 0x0000000071316000 	C:\Program Files\Java\jre1.8.0_91\bin\zip.dll
0x00007ffb00ec0000 - 0x00007ffb0241c000 	C:\WINDOWS\system32\SHELL32.dll
0x00007ffaff230000 - 0x00007ffaff875000 	C:\WINDOWS\system32\windows.storage.dll
0x00007ffb02440000 - 0x00007ffb02492000 	C:\WINDOWS\system32\shlwapi.dll
0x00007ffafed60000 - 0x00007ffafed6f000 	C:\WINDOWS\system32\kernel.appcore.dll
0x00007ffafedd0000 - 0x00007ffafee85000 	C:\WINDOWS\system32\shcore.dll
0x00007ffafed70000 - 0x00007ffafedbb000 	C:\WINDOWS\system32\powrprof.dll
0x00007ffafed40000 - 0x00007ffafed54000 	C:\WINDOWS\system32\profapi.dll
0x00007ffad8210000 - 0x00007ffad82ff000 	C:\Program Files\Java\jre1.8.0_91\bin\msvcr120.dll
0x00007ffae9c30000 - 0x00007ffae9cd6000 	C:\Program Files\Java\jre1.8.0_91\bin\msvcp120.dll
0x0000000071120000 - 0x0000000071143000 	C:\Program Files\Java\jre1.8.0_91\bin\prism_d3d.dll
0x00007ffae70e0000 - 0x00007ffae72f0000 	C:\WINDOWS\system32\d3d9.dll
0x00007ffafc5a0000 - 0x00007ffafc5c2000 	C:\WINDOWS\SYSTEM32\dwmapi.dll
0x00007ffafd770000 - 0x00007ffafd806000 	C:\WINDOWS\system32\uxtheme.dll
0x00007ffac7620000 - 0x00007ffac96d9000 	C:\WINDOWS\SYSTEM32\igdumdim64.dll
0x00007ffaffd80000 - 0x00007ffb001a9000 	C:\WINDOWS\system32\SETUPAPI.dll
0x00007ffaffcb0000 - 0x00007ffaffd76000 	C:\WINDOWS\system32\OLEAUT32.dll
0x00007ffb007e0000 - 0x00007ffb00923000 	C:\WINDOWS\system32\ole32.dll
0x0000000070cc0000 - 0x0000000070d03000 	C:\Program Files\Java\jre1.8.0_91\bin\glass.dll
0x00007ffb00410000 - 0x00007ffb0051b000 	C:\WINDOWS\system32\COMDLG32.dll
0x00007ffafeeb0000 - 0x00007ffafef36000 	C:\WINDOWS\system32\FirewallAPI.dll
0x00007ffafee90000 - 0x00007ffafeea7000 	C:\WINDOWS\system32\NETAPI32.dll
0x00007ffaf99f0000 - 0x00007ffaf99fc000 	C:\WINDOWS\SYSTEM32\DAVHLPR.DLL
0x00007ffafdac0000 - 0x00007ffafdaf2000 	C:\WINDOWS\SYSTEM32\fwbase.dll
0x00007ffb00990000 - 0x00007ffb00aea000 	C:\WINDOWS\system32\MSCTF.dll
0x00007ffad0ff0000 - 0x00007ffad1058000 	C:\Program Files (x86)\Overwolf\0.98.211.0\x64\OWExplorer.dll
0x00007ffae6000000 - 0x00007ffae618c000 	C:\WINDOWS\SYSTEM32\dbghelp.dll
0x00007ffae26a0000 - 0x00007ffae26c5000 	C:\WINDOWS\SYSTEM32\dbgcore.DLL
0x00007ffae7e20000 - 0x00007ffae7ec3000 	C:\Program Files\Common Files\microsoft shared\ink\tiptsf.dll
0x00007ffaf8290000 - 0x00007ffaf8caf000 	C:\WINDOWS\SYSTEM32\igdusc64.dll
0x0000000070ca0000 - 0x0000000070cb4000 	C:\Program Files\Java\jre1.8.0_91\bin\javafx_font.dll
0x00007ffaed0b0000 - 0x00007ffaed30f000 	C:\WINDOWS\SYSTEM32\dwrite.dll
0x00007ffac0900000 - 0x00007ffac31ec000 	C:\Users\Benjamin\110workspace\HackNC\jniLibs\WIN64\runtimecore_java.dll
0x00007ffad0810000 - 0x00007ffad08ad000 	C:\WINDOWS\SYSTEM32\MSVCP140.dll
0x00007ffad08b0000 - 0x00007ffad08c7000 	C:\WINDOWS\SYSTEM32\VCRUNTIME140.dll
0x00007ffafdee0000 - 0x00007ffafdfd4000 	C:\WINDOWS\SYSTEM32\ucrtbase.dll
0x00007ffafe7e0000 - 0x00007ffafe7eb000 	C:\WINDOWS\SYSTEM32\CRYPTBASE.DLL
0x00007ffafc2f0000 - 0x00007ffafc598000 	C:\WINDOWS\SYSTEM32\d3d11.dll
0x00007ffafc220000 - 0x00007ffafc2c2000 	C:\WINDOWS\SYSTEM32\dxgi.dll
0x00007ffaf8cb0000 - 0x00007ffaf99b3000 	C:\WINDOWS\SYSTEM32\igd10iumd64.dll
0x00007ffafe8b0000 - 0x00007ffafe8d7000 	C:\WINDOWS\SYSTEM32\ncrypt.dll
0x00007ffafec70000 - 0x00007ffafec99000 	C:\WINDOWS\SYSTEM32\bcrypt.dll
0x00007ffafe870000 - 0x00007ffafe8aa000 	C:\WINDOWS\SYSTEM32\NTASN1.dll
0x00000000710f0000 - 0x0000000071114000 	C:\Program Files\Java\jre1.8.0_91\bin\sunec.dll
0x00007ffafe6c0000 - 0x00007ffafe6d7000 	C:\WINDOWS\SYSTEM32\CRYPTSP.dll
0x00007ffafe350000 - 0x00007ffafe384000 	C:\WINDOWS\system32\rsaenh.dll
0x00007ffafe4a0000 - 0x00007ffafe4bf000 	C:\WINDOWS\SYSTEM32\USERENV.dll
0x00000000712e0000 - 0x00000000712fa000 	C:\Program Files\Java\jre1.8.0_91\bin\net.dll
0x00007ffafe610000 - 0x00007ffafe66c000 	C:\WINDOWS\system32\mswsock.dll
0x00007ffafbc40000 - 0x00007ffafbc78000 	C:\WINDOWS\SYSTEM32\IPHLPAPI.DLL
0x00007ffb02710000 - 0x00007ffb02718000 	C:\WINDOWS\system32\NSI.dll
0x00007ffaf5880000 - 0x00007ffaf5896000 	C:\WINDOWS\SYSTEM32\dhcpcsvc6.DLL
0x00007ffaf5860000 - 0x00007ffaf587a000 	C:\WINDOWS\SYSTEM32\dhcpcsvc.DLL
0x00000000712c0000 - 0x00000000712d1000 	C:\Program Files\Java\jre1.8.0_91\bin\nio.dll
0x00007ffb002b0000 - 0x00007ffb00357000 	C:\WINDOWS\system32\clbcatq.dll
0x00007ffafb3c0000 - 0x00007ffafb571000 	C:\WINDOWS\SYSTEM32\WindowsCodecs.dll
0x00007ffae1f80000 - 0x00007ffae1fca000 	C:\WINDOWS\system32\dataexchange.dll
0x00007ffafce80000 - 0x00007ffafcf63000 	C:\WINDOWS\system32\dcomp.dll
0x00007ffafd860000 - 0x00007ffafd960000 	C:\WINDOWS\system32\twinapi.appcore.dll
0x00007ffaed490000 - 0x00007ffaed4c4000 	C:\Program Files\Common Files\Microsoft Shared\Ink\rtscom.dll
0x00007ffafd6c0000 - 0x00007ffafd76a000 	C:\WINDOWS\SYSTEM32\DNSAPI.dll
0x0000000072670000 - 0x0000000072696000 	C:\Program Files\Bonjour\mdnsNSP.dll
0x00007ffaf1a40000 - 0x00007ffaf1a4a000 	C:\Windows\System32\rasadhlp.dll
0x00007ffaeb9f0000 - 0x00007ffaeba01000 	C:\Users\Benjamin\110workspace\HackNC\xboxcontroller64.dll
0x00007ffafcaa0000 - 0x00007ffafcaa7000 	C:\WINDOWS\SYSTEM32\XINPUT9_1_0.dll
0x0000000070c00000 - 0x0000000070c98000 	C:\WINDOWS\SYSTEM32\MSVCP100.dll
0x00007ffaf59a0000 - 0x00007ffaf5a07000 	C:\WINDOWS\System32\fwpuclnt.dll
0x00007ffaf3540000 - 0x00007ffaf354e000 	C:\WINDOWS\SYSTEM32\XInput1_4.dll
0x00007ffafd810000 - 0x00007ffafd837000 	C:\WINDOWS\SYSTEM32\DEVOBJ.dll
0x0000000070de0000 - 0x0000000070f78000 	C:\Program Files\Java\jre1.8.0_91\bin\awt.dll
0x00007ffafd420000 - 0x00007ffafd499000 	C:\WINDOWS\system32\apphelp.dll
0x00007ffae7970000 - 0x00007ffae7acc000 	C:\Windows\System32\uiautomationcore.dll
0x00007ffafebd0000 - 0x00007ffafec69000 	C:\WINDOWS\SYSTEM32\sxs.dll
0x00007ffaf7f80000 - 0x00007ffaf7fea000 	C:\WINDOWS\SYSTEM32\OLEACC.dll

VM Arguments:
jvm_args: -Dfile.encoding=UTF-8 
java_command: demoApp.Test
java_class_path (initial): C:\Users\Benjamin\110workspace\HackNC\bin;C:\Users\Benjamin\110workspace\HackNC\arcgis-java-sdk-100.0.0-beta-2\libs\arcgis-java-api.jar;C:\Users\Benjamin\110workspace\HackNC\arcgis-java-sdk-100.0.0-beta-2\libs\arcgis-java-javadoc.jar;C:\Users\Benjamin\110workspace\HackNC\arcgis-java-sdk-100.0.0-beta-2\libs\commons-codec-1.6.jar;C:\Users\Benjamin\110workspace\HackNC\arcgis-java-sdk-100.0.0-beta-2\libs\commons-logging-1.1.3.jar;C:\Users\Benjamin\110workspace\HackNC\arcgis-java-sdk-100.0.0-beta-2\libs\gson-2.3.1.jar;C:\Users\Benjamin\110workspace\HackNC\arcgis-java-sdk-100.0.0-beta-2\libs\httpclient-4.3.6.jar;C:\Users\Benjamin\110workspace\HackNC\arcgis-java-sdk-100.0.0-beta-2\libs\httpcore-4.3.3.jar;C:\Users\Benjamin\110workspace\HackNC\XboxController (1)\lib\jaw.jar;C:\Users\Benjamin\110workspace\HackNC\XboxController (1)\lib\XboxController.jar
Launcher Type: SUN_STANDARD

Environment Variables:
CLASSPATH=;C\introcs
PATH=C:/Program Files/Java/jre1.8.0_91/bin/server;C:/Program Files/Java/jre1.8.0_91/bin;C:/Program Files/Java/jre1.8.0_91/lib/amd64;C:\Program Files\Oculus\Support\oculus-runtime;C:\Program Files (x86)\Razer Chroma SDK\bin;C:\Program Files\Razer Chroma SDK\bin;C:\ProgramData\Oracle\Java\javapath;C:\Program Files (x86)\Intel\iCLS Client\;C:\Program Files\Intel\iCLS Client\;C:\WINDOWS\system32;C:\WINDOWS;C:\WINDOWS\System32\Wbem;C:\WINDOWS\System32\WindowsPowerShell\v1.0\;C:\Program Files (x86)\Hewlett-Packard\HP Performance Advisor;c:\Program Files\Intel\WiFi\bin\;c:\Program Files\Common Files\Intel\WirelessCommon\;C:\Program Files\Intel\Intel(R) Management Engine Components\DAL;C:\Program Files (x86)\Intel\Intel(R) Management Engine Components\DAL;C:\Program Files\Intel\Intel(R) Management Engine Components\IPT;C:\Program Files (x86)\Intel\Intel(R) Management Engine Components\IPT;C:\Program Files (x86)\NVIDIA Corporation\PhysX\Common;C:\WINDOWS\system32;C:\WINDOWS;C:\WINDOWS\System32\Wbem;C:\WINDOWS\System32\WindowsPowerShell\v1.0\;C:\TDM-GCC-64\bin;C:\Program Files\Java\jdk1.8.0_51\bin;C:\Users\Benjamin\.dnx\bin;C:\Program Files\Microsoft DNX\Dnvm\;C:\Program Files (x86)\Windows Kits\8.1\Windows Performance Toolkit\;C:\Program Files (x86)\GtkSharp\2.12\bin;C:\Program Files (x86)\Skype\Phone\;C:\Program Files (x86)\Google\Google Apps Sync\;C:\Program Files (x86)\Google\Google Apps Migration\;C:\HashiCorp\Vagrant\bin;C:\Program Files (x86)\SSH Communications Security\SSH Secure Shell;C:\Users\Benjamin\Desktop;
USERNAME=Benjamin
OS=Windows_NT
PROCESSOR_IDENTIFIER=Intel64 Family 6 Model 60 Stepping 3, GenuineIntel



---------------  S Y S T E M  ---------------

OS: Windows 10.0 , 64 bit Build 10586 (10.0.10586.589)

CPU:total 8 (4 cores per cpu, 2 threads per core) family 6 model 60 stepping 3, cmov, cx8, fxsr, mmx, sse, sse2, sse3, ssse3, sse4.1, sse4.2, popcnt, avx, avx2, aes, clmul, erms, lzcnt, ht, tsc, tscinvbit, bmi1, bmi2

Memory: 4k page, physical 8312856k(1532064k free), swap 12769304k(1412500k free)

vm_info: Java HotSpot(TM) 64-Bit Server VM (25.91-b14) for windows-amd64 JRE (1.8.0_91-b14), built on Apr  1 2016 00:58:32 by "java_re" with MS VC++ 10.0 (VS2010)

time: Sat Oct 29 23:01:02 2016
elapsed time: 295 seconds (0d 0h 4m 55s)

