#
# A fatal error has been detected by the Java Runtime Environment:
#
#  EXCEPTION_ACCESS_VIOLATION (0xc0000005) at pc=0x00000000031ef295, pid=8476, tid=10208
#
# JRE version: Java(TM) SE Runtime Environment (8.0_91-b15) (build 1.8.0_91-b15)
# Java VM: Java HotSpot(TM) 64-Bit Server VM (25.91-b15 mixed mode windows-amd64 compressed oops)
# Problematic frame:
# J 1186 C2 com.sun.javafx.image.impl.IntArgb$ToByteBgraPreConv.doConvert([III[BIIII)V (209 bytes) @ 0x00000000031ef295 [0x00000000031ef240+0x55]
#
# Failed to write core dump. Minidumps are not enabled by default on client versions of Windows
#
# If you would like to submit a bug report, please visit:
#   http://bugreport.java.com/bugreport/crash.jsp
# The crash happened outside the Java Virtual Machine in native code.
# See problematic frame for where to report the bug.
#

---------------  T H R E A D  ---------------

Current thread (0x00000000195cc800):  JavaThread "JavaFX Application Thread" [_thread_in_native, id=10208, stack(0x0000000019b70000,0x0000000019c70000)]

siginfo: ExceptionCode=0xc0000005, reading address 0x0000000000fe0000

Registers:
RAX=0x0000000000144000, RBX=0x0000000000144000, RCX=0x0000000000000000, RDX=0x0000000000510000
RSP=0x0000000019c6d5d8, RBP=0x0000000019c6d7e0, RSI=0x00000000eeee2dc0, RDI=0x00000000ffaf1800
R8 =0x00000000824025b0, R9 =0x0000000000000000, R10=0x00000000ffebc600, R11=0x00000000ffffffff
R12=0x0000000000000000, R13=0x00000000ff3d4b2d, R14=0x0000000000004c13, R15=0x00000000195cc800
RIP=0x00000000031ef295, EFLAGS=0x0000000000010202

Top of Stack: (sp=0x0000000019c6d5d8)
0x0000000019c6d5d8:   000000000373b0a4 0000000000001800
0x0000000019c6d5e8:   0014400000144000 0000000000000001
0x0000000019c6d5f8:   0000000000000360 0000000019c6d698
0x0000000019c6d608:   00000000838aac00 0000000000000000
0x0000000019c6d618:   0000036000000600 00000000836d9628
0x0000000019c6d628:   00000000836ee868 00000000836ee840
0x0000000019c6d638:   0000000019c6d638 0000000019c6d7e0
0x0000000019c6d648:   000000000373711c 0000000000001800
0x0000000019c6d658:   0000000000000600 0000000000000360
0x0000000019c6d668:   0000000000000000 0000000019c6d6e0
0x0000000019c6d678:   0000000019c6d7e0 000000000372e4a4
0x0000000019c6d688:   0000000000000000 0000000002e019d8
0x0000000019c6d698:   00000000824025b0 0000000000000360
0x0000000019c6d6a8:   0000000000000600 0000060000000360
0x0000000019c6d6b8:   00000000836d9628 00000000838aac00
0x0000000019c6d6c8:   0000000000000000 0000036000000600 

Instructions: (pc=0x00000000031ef295)
0x00000000031ef275:   85 db 7c 17 44 8b d7 44 2b 54 24 58 8b 54 24 58
0x00000000031ef285:   c1 e2 02 8b 7c 24 50 2b fa eb 41 48 83 c4 40 5d
0x00000000031ef295:   85 05 65 0d df fd c3 83 c5 04 8b 5c 24 5c c4 c1
0x00000000031ef2a5:   79 7e ca c4 c1 f9 7e c0 c4 c1 79 7e db c5 f9 7e 


Register to memory mapping:

RAX=0x0000000000144000 is an unknown value
RBX=0x0000000000144000 is an unknown value
RCX=0x0000000000000000 is an unknown value
RDX=0x0000000000510000 is an unknown value
RSP=0x0000000019c6d5d8 is pointing into the stack for thread: 0x00000000195cc800
RBP=0x0000000019c6d7e0 is pointing into the stack for thread: 0x00000000195cc800
RSI=0x00000000eeee2dc0 is an oop
[B 
 - klass: {type array byte}
 - length: 5308416
RDI=0x00000000ffaf1800 is an unallocated location in the heap
R8 =0x00000000824025b0 is an oop
[I 
 - klass: {type array int}
 - length: 1327104
R9 =0x0000000000000000 is an unknown value
R10=0x00000000ffebc600 is an unallocated location in the heap
R11=0x00000000ffffffff is an unallocated location in the heap
R12=0x0000000000000000 is an unknown value
R13=0x00000000ff3d4b2d is an unallocated location in the heap
R14=0x0000000000004c13 is an unknown value
R15=0x00000000195cc800 is a thread


Stack: [0x0000000019b70000,0x0000000019c70000],  sp=0x0000000019c6d5d8,  free space=1013k
Native frames: (J=compiled Java code, j=interpreted, Vv=VM code, C=native code)
C  0x00000000031ef295


---------------  P R O C E S S  ---------------

Java Threads: ( => current thread )
  0x00000000208f0000 JavaThread "pool-2-thread-5" [_thread_blocked, id=10628, stack(0x0000000037a60000,0x0000000037b60000)]
  0x00000000208f2000 JavaThread "pool-2-thread-4" [_thread_blocked, id=1152, stack(0x0000000036210000,0x0000000036310000)]
  0x00000000208f0800 JavaThread "AWT-EventQueue-0" [_thread_blocked, id=10104, stack(0x0000000036110000,0x0000000036210000)]
  0x00000000208f3800 JavaThread "AWT-Windows" daemon [_thread_in_native, id=10076, stack(0x0000000036010000,0x0000000036110000)]
  0x00000000208ef000 JavaThread "AWT-Shutdown" [_thread_blocked, id=2440, stack(0x0000000035f10000,0x0000000036010000)]
  0x00000000208ee800 JavaThread "Java2D Disposer" daemon [_thread_blocked, id=9668, stack(0x0000000035e10000,0x0000000035f10000)]
  0x00000000208ed800 JavaThread "TimerQueue" daemon [_thread_blocked, id=8148, stack(0x00000000344d0000,0x00000000345d0000)]
  0x00000000208f3000 JavaThread "Thread-5" [_thread_in_native, id=692, stack(0x00000000341f0000,0x00000000342f0000)]
  0x0000000020844000 JavaThread "Prism Font Disposer" daemon [_thread_blocked, id=10752, stack(0x0000000032f20000,0x0000000033020000)]
  0x00000000206f2000 JavaThread "pool-2-thread-3" [_thread_in_native, id=5336, stack(0x0000000023430000,0x0000000023530000)]
  0x00000000206d6000 JavaThread "pool-2-thread-2" [_thread_in_native, id=9068, stack(0x0000000023130000,0x0000000023230000)]
  0x00000000206c0800 JavaThread "pool-2-thread-1" [_thread_in_native, id=9988, stack(0x0000000023030000,0x0000000023130000)]
  0x00000000202ba800 JavaThread "JavaFX-Launcher" [_thread_blocked, id=10212, stack(0x0000000020af0000,0x0000000020bf0000)]
  0x0000000020257800 JavaThread "Thread-2" daemon [_thread_in_native, id=5808, stack(0x00000000209f0000,0x0000000020af0000)]
=>0x00000000195cc800 JavaThread "JavaFX Application Thread" [_thread_in_native, id=10208, stack(0x0000000019b70000,0x0000000019c70000)]
  0x00000000195cb000 JavaThread "Thread-1" daemon [_thread_blocked, id=4568, stack(0x0000000019a70000,0x0000000019b70000)]
  0x000000001959a800 JavaThread "QuantumRenderer-0" daemon [_thread_blocked, id=10132, stack(0x00000000197f0000,0x00000000198f0000)]
  0x000000001790e800 JavaThread "Service Thread" daemon [_thread_blocked, id=10032, stack(0x00000000195f0000,0x00000000196f0000)]
  0x00000000178b9800 JavaThread "C1 CompilerThread2" daemon [_thread_blocked, id=10424, stack(0x00000000190f0000,0x00000000191f0000)]
  0x00000000178b2800 JavaThread "C2 CompilerThread1" daemon [_thread_blocked, id=10152, stack(0x0000000018ff0000,0x00000000190f0000)]
  0x00000000178ac800 JavaThread "C2 CompilerThread0" daemon [_thread_blocked, id=4984, stack(0x0000000018ef0000,0x0000000018ff0000)]
  0x00000000178ab000 JavaThread "Attach Listener" daemon [_thread_blocked, id=1848, stack(0x0000000018df0000,0x0000000018ef0000)]
  0x00000000178aa000 JavaThread "Signal Dispatcher" daemon [_thread_blocked, id=10956, stack(0x0000000018cf0000,0x0000000018df0000)]
  0x0000000002dea800 JavaThread "Finalizer" daemon [_thread_blocked, id=6268, stack(0x0000000018b10000,0x0000000018c10000)]
  0x0000000002ddf800 JavaThread "Reference Handler" daemon [_thread_blocked, id=6060, stack(0x0000000018a10000,0x0000000018b10000)]
  0x0000000002ced800 JavaThread "main" [_thread_blocked, id=7876, stack(0x0000000002be0000,0x0000000002ce0000)]

Other Threads:
  0x0000000017878000 VMThread [stack: 0x0000000018910000,0x0000000018a10000] [id=4960]
  0x0000000019236000 WatcherThread [stack: 0x00000000196f0000,0x00000000197f0000] [id=1304]

VM state:not at safepoint (normal execution)

VM Mutex/Monitor currently owned by a thread: None

Heap:
 PSYoungGen      total 393728K, used 4027K [0x00000000d6180000, 0x00000000f7400000, 0x0000000100000000)
  eden space 393216K, 0% used [0x00000000d6180000,0x00000000d6526e90,0x00000000ee180000)
  from space 512K, 56% used [0x00000000f7380000,0x00000000f73c8010,0x00000000f7400000)
  to   space 19456K, 0% used [0x00000000f4e00000,0x00000000f4e00000,0x00000000f6100000)
 ParOldGen       total 81408K, used 31252K [0x0000000082400000, 0x0000000087380000, 0x00000000d6180000)
  object space 81408K, 38% used [0x0000000082400000,0x0000000084285038,0x0000000087380000)
 Metaspace       used 20902K, capacity 21538K, committed 21760K, reserved 1069056K
  class space    used 2623K, capacity 2789K, committed 2816K, reserved 1048576K

Card table byte_map: [0x00000000121b0000,0x00000000125a0000] byte_map_base: 0x0000000011d9e000

Marking Bits: (ParMarkBitMap*) 0x0000000077032f70
 Begin Bits: [0x0000000012c40000, 0x0000000014bb0000)
 End Bits:   [0x0000000014bb0000, 0x0000000016b20000)

Polling page: 0x0000000000fe0000

CodeCache: size=245760Kb used=9942Kb max_used=9994Kb free=235817Kb
 bounds [0x0000000002df0000, 0x00000000037c0000, 0x0000000011df0000]
 total_blobs=3891 nmethods=3158 adapters=644
 compilation: enabled

Compilation events (10 events):
Event: 23.291 Thread 0x00000000178b9800 3419       3       javafx.scene.Node::contains (33 bytes)
Event: 23.292 Thread 0x00000000178b9800 nmethod 3419 0x0000000003307590 code [0x0000000003307740, 0x0000000003307e68]
Event: 23.362 Thread 0x00000000178b2800 3420       4       java.lang.AbstractStringBuilder::append (54 bytes)
Event: 23.366 Thread 0x00000000178ac800 3421       4       java.lang.StringBuilder::append (6 bytes)
Event: 23.368 Thread 0x00000000178b2800 nmethod 3420 0x0000000003306a90 code [0x0000000003306c00, 0x0000000003307038]
Event: 23.370 Thread 0x00000000178ac800 nmethod 3421 0x0000000003221a50 code [0x0000000003221ba0, 0x0000000003221f98]
Event: 23.745 Thread 0x00000000178b2800 3422       4       java.util.ArrayList::clear (39 bytes)
Event: 23.748 Thread 0x00000000178b2800 nmethod 3422 0x00000000034b8b10 code [0x00000000034b8c40, 0x00000000034b8d18]
Event: 23.949 Thread 0x00000000178ac800 3423       4       java.util.LinkedList::remove (77 bytes)
Event: 23.952 Thread 0x00000000178ac800 nmethod 3423 0x000000000325e790 code [0x000000000325e8e0, 0x000000000325ea38]

GC Heap History (10 events):
Event: 16.919 GC heap after
Heap after GC invocations=18 (full 1):
 PSYoungGen      total 523776K, used 160K [0x00000000d6180000, 0x00000000fb480000, 0x0000000100000000)
  eden space 498176K, 0% used [0x00000000d6180000,0x00000000d6180000,0x00000000f4800000)
  from space 25600K, 0% used [0x00000000f8280000,0x00000000f82a8000,0x00000000f9b80000)
  to   space 25088K, 0% used [0x00000000f9c00000,0x00000000f9c00000,0x00000000fb480000)
 ParOldGen       total 81408K, used 31172K [0x0000000082400000, 0x0000000087380000, 0x00000000d6180000)
  object space 81408K, 38% used [0x0000000082400000,0x0000000084271038,0x0000000087380000)
 Metaspace       used 20688K, capacity 21342K, committed 21504K, reserved 1069056K
  class space    used 2623K, capacity 2789K, committed 2816K, reserved 1048576K
}
Event: 18.638 GC heap before
{Heap before GC invocations=19 (full 1):
 PSYoungGen      total 523776K, used 498336K [0x00000000d6180000, 0x00000000fb480000, 0x0000000100000000)
  eden space 498176K, 100% used [0x00000000d6180000,0x00000000f4800000,0x00000000f4800000)
  from space 25600K, 0% used [0x00000000f8280000,0x00000000f82a8000,0x00000000f9b80000)
  to   space 25088K, 0% used [0x00000000f9c00000,0x00000000f9c00000,0x00000000fb480000)
 ParOldGen       total 81408K, used 31172K [0x0000000082400000, 0x0000000087380000, 0x00000000d6180000)
  object space 81408K, 38% used [0x0000000082400000,0x0000000084271038,0x0000000087380000)
 Metaspace       used 20775K, capacity 21406K, committed 21504K, reserved 1069056K
  class space    used 2623K, capacity 2789K, committed 2816K, reserved 1048576K
Event: 18.641 GC heap after
Heap after GC invocations=19 (full 1):
 PSYoungGen      total 475648K, used 160K [0x00000000d6180000, 0x00000000f9c80000, 0x0000000100000000)
  eden space 475136K, 0% used [0x00000000d6180000,0x00000000d6180000,0x00000000f3180000)
  from space 512K, 31% used [0x00000000f9c00000,0x00000000f9c28000,0x00000000f9c80000)
  to   space 24064K, 0% used [0x00000000f6d80000,0x00000000f6d80000,0x00000000f8500000)
 ParOldGen       total 81408K, used 31204K [0x0000000082400000, 0x0000000087380000, 0x00000000d6180000)
  object space 81408K, 38% used [0x0000000082400000,0x0000000084279038,0x0000000087380000)
 Metaspace       used 20775K, capacity 21406K, committed 21504K, reserved 1069056K
  class space    used 2623K, capacity 2789K, committed 2816K, reserved 1048576K
}
Event: 20.210 GC heap before
{Heap before GC invocations=20 (full 1):
 PSYoungGen      total 475648K, used 475296K [0x00000000d6180000, 0x00000000f9c80000, 0x0000000100000000)
  eden space 475136K, 100% used [0x00000000d6180000,0x00000000f3180000,0x00000000f3180000)
  from space 512K, 31% used [0x00000000f9c00000,0x00000000f9c28000,0x00000000f9c80000)
  to   space 24064K, 0% used [0x00000000f6d80000,0x00000000f6d80000,0x00000000f8500000)
 ParOldGen       total 81408K, used 31204K [0x0000000082400000, 0x0000000087380000, 0x00000000d6180000)
  object space 81408K, 38% used [0x0000000082400000,0x0000000084279038,0x0000000087380000)
 Metaspace       used 20782K, capacity 21406K, committed 21504K, reserved 1069056K
  class space    used 2623K, capacity 2789K, committed 2816K, reserved 1048576K
Event: 20.214 GC heap after
Heap after GC invocations=20 (full 1):
 PSYoungGen      total 477184K, used 5376K [0x00000000d6180000, 0x00000000f9c80000, 0x0000000100000000)
  eden space 453120K, 0% used [0x00000000d6180000,0x00000000d6180000,0x00000000f1c00000)
  from space 24064K, 22% used [0x00000000f6d80000,0x00000000f72c0020,0x00000000f8500000)
  to   space 22016K, 0% used [0x00000000f8700000,0x00000000f8700000,0x00000000f9c80000)
 ParOldGen       total 81408K, used 31220K [0x0000000082400000, 0x0000000087380000, 0x00000000d6180000)
  object space 81408K, 38% used [0x0000000082400000,0x000000008427d038,0x0000000087380000)
 Metaspace       used 20782K, capacity 21406K, committed 21504K, reserved 1069056K
  class space    used 2623K, capacity 2789K, committed 2816K, reserved 1048576K
}
Event: 21.652 GC heap before
{Heap before GC invocations=21 (full 1):
 PSYoungGen      total 477184K, used 458496K [0x00000000d6180000, 0x00000000f9c80000, 0x0000000100000000)
  eden space 453120K, 100% used [0x00000000d6180000,0x00000000f1c00000,0x00000000f1c00000)
  from space 24064K, 22% used [0x00000000f6d80000,0x00000000f72c0020,0x00000000f8500000)
  to   space 22016K, 0% used [0x00000000f8700000,0x00000000f8700000,0x00000000f9c80000)
 ParOldGen       total 81408K, used 31220K [0x0000000082400000, 0x0000000087380000, 0x00000000d6180000)
  object space 81408K, 38% used [0x0000000082400000,0x000000008427d038,0x0000000087380000)
 Metaspace       used 20805K, capacity 21406K, committed 21504K, reserved 1069056K
  class space    used 2623K, capacity 2789K, committed 2816K, reserved 1048576K
Event: 21.654 GC heap after
Heap after GC invocations=21 (full 1):
 PSYoungGen      total 432640K, used 192K [0x00000000d6180000, 0x00000000f8780000, 0x0000000100000000)
  eden space 432128K, 0% used [0x00000000d6180000,0x00000000d6180000,0x00000000f0780000)
  from space 512K, 37% used [0x00000000f8700000,0x00000000f8730000,0x00000000f8780000)
  to   space 21504K, 0% used [0x00000000f5d80000,0x00000000f5d80000,0x00000000f7280000)
 ParOldGen       total 81408K, used 31236K [0x0000000082400000, 0x0000000087380000, 0x00000000d6180000)
  object space 81408K, 38% used [0x0000000082400000,0x0000000084281038,0x0000000087380000)
 Metaspace       used 20805K, capacity 21406K, committed 21504K, reserved 1069056K
  class space    used 2623K, capacity 2789K, committed 2816K, reserved 1048576K
}
Event: 23.185 GC heap before
{Heap before GC invocations=22 (full 1):
 PSYoungGen      total 432640K, used 432320K [0x00000000d6180000, 0x00000000f8780000, 0x0000000100000000)
  eden space 432128K, 100% used [0x00000000d6180000,0x00000000f0780000,0x00000000f0780000)
  from space 512K, 37% used [0x00000000f8700000,0x00000000f8730000,0x00000000f8780000)
  to   space 21504K, 0% used [0x00000000f5d80000,0x00000000f5d80000,0x00000000f7280000)
 ParOldGen       total 81408K, used 31236K [0x0000000082400000, 0x0000000087380000, 0x00000000d6180000)
  object space 81408K, 38% used [0x0000000082400000,0x0000000084281038,0x0000000087380000)
 Metaspace       used 20891K, capacity 21474K, committed 21760K, reserved 1069056K
  class space    used 2623K, capacity 2789K, committed 2816K, reserved 1048576K
Event: 23.187 GC heap after
Heap after GC invocations=22 (full 1):
 PSYoungGen      total 433664K, used 160K [0x00000000d6180000, 0x00000000f8780000, 0x0000000100000000)
  eden space 412160K, 0% used [0x00000000d6180000,0x00000000d6180000,0x00000000ef400000)
  from space 21504K, 0% used [0x00000000f5d80000,0x00000000f5da8000,0x00000000f7280000)
  to   space 20480K, 0% used [0x00000000f7380000,0x00000000f7380000,0x00000000f8780000)
 ParOldGen       total 81408K, used 31244K [0x0000000082400000, 0x0000000087380000, 0x00000000d6180000)
  object space 81408K, 38% used [0x0000000082400000,0x0000000084283038,0x0000000087380000)
 Metaspace       used 20891K, capacity 21474K, committed 21760K, reserved 1069056K
  class space    used 2623K, capacity 2789K, committed 2816K, reserved 1048576K
}
Event: 24.711 GC heap before
{Heap before GC invocations=23 (full 1):
 PSYoungGen      total 433664K, used 412320K [0x00000000d6180000, 0x00000000f8780000, 0x0000000100000000)
  eden space 412160K, 100% used [0x00000000d6180000,0x00000000ef400000,0x00000000ef400000)
  from space 21504K, 0% used [0x00000000f5d80000,0x00000000f5da8000,0x00000000f7280000)
  to   space 20480K, 0% used [0x00000000f7380000,0x00000000f7380000,0x00000000f8780000)
 ParOldGen       total 81408K, used 31244K [0x0000000082400000, 0x0000000087380000, 0x00000000d6180000)
  object space 81408K, 38% used [0x0000000082400000,0x0000000084283038,0x0000000087380000)
 Metaspace       used 20902K, capacity 21538K, committed 21760K, reserved 1069056K
  class space    used 2623K, capacity 2789K, committed 2816K, reserved 1048576K

Deoptimization events (10 events):
Event: 1.250 Thread 0x00000000206d6000 Uncommon trap: reason=unstable_if action=reinterpret pc=0x00000000030fafdc method=java.lang.CharacterDataLatin1.digit(II)I @ 82
Event: 1.250 Thread 0x00000000206f2000 Uncommon trap: reason=unstable_if action=reinterpret pc=0x0000000003100114 method=java.lang.CharacterDataLatin1.digit(II)I @ 82
Event: 1.267 Thread 0x00000000206f2000 Uncommon trap: reason=predicate action=maybe_recompile pc=0x00000000031e9da4 method=sun.net.www.ParseUtil.encodePath(Ljava/lang/String;Z)Ljava/lang/String; @ 36
Event: 2.538 Thread 0x00000000206d6000 Uncommon trap: reason=unstable_if action=reinterpret pc=0x0000000003127cd0 method=java.io.ByteArrayInputStream.read()I @ 8
Event: 2.539 Thread 0x00000000206d6000 Uncommon trap: reason=class_check action=maybe_recompile pc=0x00000000031cd3b0 method=java.io.FilterInputStream.read()I @ 4
Event: 2.539 Thread 0x00000000206d6000 Uncommon trap: reason=class_check action=maybe_recompile pc=0x00000000031cd3b0 method=java.io.FilterInputStream.read()I @ 4
Event: 2.539 Thread 0x00000000206d6000 Uncommon trap: reason=class_check action=maybe_recompile pc=0x00000000031cd3b0 method=java.io.FilterInputStream.read()I @ 4
Event: 2.539 Thread 0x00000000206d6000 Uncommon trap: reason=class_check action=maybe_recompile pc=0x00000000031cd3b0 method=java.io.FilterInputStream.read()I @ 4
Event: 13.462 Thread 0x000000001959a800 Uncommon trap: reason=unstable_if action=reinterpret pc=0x000000000340638c method=java.util.WeakHashMap.expungeStaleEntries()V @ 66
Event: 15.580 Thread 0x00000000208f0800 Uncommon trap: reason=unstable_if action=reinterpret pc=0x00000000031e09e4 method=java.util.concurrent.ConcurrentHashMap.addCount(JI)V @ 7

Internal exceptions (10 events):
Event: 24.424 Thread 0x00000000206d6000 Exception <a 'java/net/SocketTimeoutException': Read timed out> (0x00000000e9ebe488) thrown at [C:\re\workspace\8-2-build-windows-amd64-cygwin\jdk8u91\7017\hotspot\src\share\vm\prims\jni.cpp, line 735]
Event: 24.510 Thread 0x00000000208f2000 Exception <a 'java/net/SocketTimeoutException': Read timed out> (0x00000000eabff1f8) thrown at [C:\re\workspace\8-2-build-windows-amd64-cygwin\jdk8u91\7017\hotspot\src\share\vm\prims\jni.cpp, line 735]
Event: 24.539 Thread 0x00000000206c0800 Exception <a 'java/net/SocketTimeoutException': Read timed out> (0x00000000ec8713e8) thrown at [C:\re\workspace\8-2-build-windows-amd64-cygwin\jdk8u91\7017\hotspot\src\share\vm\prims\jni.cpp, line 735]
Event: 24.553 Thread 0x00000000206f2000 Exception <a 'java/net/SocketTimeoutException': Read timed out> (0x00000000e9ecbb58) thrown at [C:\re\workspace\8-2-build-windows-amd64-cygwin\jdk8u91\7017\hotspot\src\share\vm\prims\jni.cpp, line 735]
Event: 24.562 Thread 0x00000000206d6000 Exception <a 'java/net/SocketTimeoutException': Read timed out> (0x00000000ecae4c80) thrown at [C:\re\workspace\8-2-build-windows-amd64-cygwin\jdk8u91\7017\hotspot\src\share\vm\prims\jni.cpp, line 735]
Event: 24.657 Thread 0x00000000208f0000 Exception <a 'java/net/SocketTimeoutException': Read timed out> (0x00000000ea1c6fb0) thrown at [C:\re\workspace\8-2-build-windows-amd64-cygwin\jdk8u91\7017\hotspot\src\share\vm\prims\jni.cpp, line 735]
Event: 24.666 Thread 0x00000000208f2000 Exception <a 'java/net/SocketTimeoutException': Read timed out> (0x00000000ee055f50) thrown at [C:\re\workspace\8-2-build-windows-amd64-cygwin\jdk8u91\7017\hotspot\src\share\vm\prims\jni.cpp, line 735]
Event: 24.684 Thread 0x00000000206c0800 Exception <a 'java/net/SocketTimeoutException': Read timed out> (0x00000000ee6391e0) thrown at [C:\re\workspace\8-2-build-windows-amd64-cygwin\jdk8u91\7017\hotspot\src\share\vm\prims\jni.cpp, line 735]
Event: 24.689 Thread 0x00000000208f0000 Exception <a 'java/net/SocketTimeoutException': Read timed out> (0x00000000eea144c8) thrown at [C:\re\workspace\8-2-build-windows-amd64-cygwin\jdk8u91\7017\hotspot\src\share\vm\prims\jni.cpp, line 735]
Event: 24.699 Thread 0x00000000206d6000 Exception <a 'java/net/SocketTimeoutException': Read timed out> (0x00000000eebebfc8) thrown at [C:\re\workspace\8-2-build-windows-amd64-cygwin\jdk8u91\7017\hotspot\src\share\vm\prims\jni.cpp, line 735]

Events (10 events):
Event: 24.699 Thread 0x0000000020907000 Thread exited: 0x0000000020907000
Event: 24.699 Thread 0x0000000020904000 Thread added: 0x0000000020904000
Event: 24.699 Thread 0x00000000208f4800 Thread added: 0x00000000208f4800
Event: 24.699 Thread 0x00000000208f4800 Thread exited: 0x00000000208f4800
Event: 24.699 Thread 0x0000000020904000 Thread exited: 0x0000000020904000
Event: 24.700 Thread 0x000000003324e000 Thread added: 0x000000003324e000
Event: 24.700 Thread 0x000000003324e000 Thread exited: 0x000000003324e000
Event: 24.709 Thread 0x0000000020901000 Thread added: 0x0000000020901000
Event: 24.709 Thread 0x0000000020901000 Thread exited: 0x0000000020901000
Event: 24.711 Executing VM operation: ParallelGCFailedAllocation


Dynamic libraries:
0x00007ff7b1ea0000 - 0x00007ff7b1ed7000 	C:\Program Files\Java\jdk1.8.0_91\bin\javaw.exe
0x00007ffe04a90000 - 0x00007ffe04c51000 	C:\WINDOWS\SYSTEM32\ntdll.dll
0x00007ffe04960000 - 0x00007ffe04a0d000 	C:\WINDOWS\system32\KERNEL32.DLL
0x00007ffe01380000 - 0x00007ffe01568000 	C:\WINDOWS\system32\KERNELBASE.dll
0x00007ffe040a0000 - 0x00007ffe04147000 	C:\WINDOWS\system32\ADVAPI32.dll
0x00007ffe03c70000 - 0x00007ffe03d0d000 	C:\WINDOWS\system32\msvcrt.dll
0x00007ffe01e90000 - 0x00007ffe01eeb000 	C:\WINDOWS\system32\sechost.dll
0x00007ffe04840000 - 0x00007ffe0495c000 	C:\WINDOWS\system32\RPCRT4.dll
0x00007ffe04460000 - 0x00007ffe045b6000 	C:\WINDOWS\system32\USER32.dll
0x00007ffe03990000 - 0x00007ffe03b16000 	C:\WINDOWS\system32\GDI32.dll
0x00007ffdf6b10000 - 0x00007ffdf6d84000 	C:\WINDOWS\WinSxS\amd64_microsoft.windows.common-controls_6595b64144ccf1df_6.0.10586.494_none_a2d8b04ea53e3145\COMCTL32.dll
0x00007ffe03e20000 - 0x00007ffe0409d000 	C:\WINDOWS\system32\combase.dll
0x00007ffe01290000 - 0x00007ffe012fa000 	C:\WINDOWS\system32\bcryptPrimitives.dll
0x00007ffe04670000 - 0x00007ffe046ab000 	C:\WINDOWS\system32\IMM32.DLL
0x0000000077710000 - 0x00000000777e2000 	C:\Program Files\Java\jdk1.8.0_91\jre\bin\msvcr100.dll
0x0000000076820000 - 0x00000000770b3000 	C:\Program Files\Java\jdk1.8.0_91\jre\bin\server\jvm.dll
0x00007ffe03980000 - 0x00007ffe03988000 	C:\WINDOWS\system32\PSAPI.DLL
0x00007ffdfd980000 - 0x00007ffdfd989000 	C:\WINDOWS\SYSTEM32\WSOCK32.dll
0x00007ffdff3c0000 - 0x00007ffdff3e3000 	C:\WINDOWS\SYSTEM32\WINMM.dll
0x00007ffdf7db0000 - 0x00007ffdf7dba000 	C:\WINDOWS\SYSTEM32\VERSION.dll
0x00007ffe03900000 - 0x00007ffe0396b000 	C:\WINDOWS\system32\WS2_32.dll
0x00007ffdff2d0000 - 0x00007ffdff2fc000 	C:\WINDOWS\SYSTEM32\WINMMBASE.dll
0x00007ffe01740000 - 0x00007ffe01783000 	C:\WINDOWS\system32\cfgmgr32.dll
0x0000000050060000 - 0x000000005006f000 	C:\Program Files\Java\jdk1.8.0_91\jre\bin\verify.dll
0x0000000050030000 - 0x0000000050059000 	C:\Program Files\Java\jdk1.8.0_91\jre\bin\java.dll
0x0000000050010000 - 0x0000000050026000 	C:\Program Files\Java\jdk1.8.0_91\jre\bin\zip.dll
0x00007ffe023a0000 - 0x00007ffe038fc000 	C:\WINDOWS\system32\SHELL32.dll
0x00007ffe01790000 - 0x00007ffe01dd5000 	C:\WINDOWS\system32\windows.storage.dll
0x00007ffe04710000 - 0x00007ffe04762000 	C:\WINDOWS\system32\shlwapi.dll
0x00007ffe010e0000 - 0x00007ffe010ef000 	C:\WINDOWS\system32\kernel.appcore.dll
0x00007ffe011d0000 - 0x00007ffe01285000 	C:\WINDOWS\system32\shcore.dll
0x00007ffe010f0000 - 0x00007ffe0113b000 	C:\WINDOWS\system32\powrprof.dll
0x00007ffe010c0000 - 0x00007ffe010d4000 	C:\WINDOWS\system32\profapi.dll
0x00007ffdf1470000 - 0x00007ffdf155f000 	C:\Program Files\Java\jdk1.8.0_91\jre\bin\msvcr120.dll
0x00007ffde7b50000 - 0x00007ffde7bf6000 	C:\Program Files\Java\jdk1.8.0_91\jre\bin\msvcp120.dll
0x00000000776e0000 - 0x0000000077703000 	C:\Program Files\Java\jdk1.8.0_91\jre\bin\prism_d3d.dll
0x00007ffddf5b0000 - 0x00007ffddf7c0000 	C:\WINDOWS\system32\d3d9.dll
0x00007ffdfeee0000 - 0x00007ffdfef02000 	C:\WINDOWS\SYSTEM32\dwmapi.dll
0x00007ffdffa30000 - 0x00007ffdffac6000 	C:\WINDOWS\system32\uxtheme.dll
0x00007ffdcac30000 - 0x00007ffdccce9000 	C:\WINDOWS\SYSTEM32\igdumdim64.dll
0x00007ffe01f10000 - 0x00007ffe02339000 	C:\WINDOWS\system32\SETUPAPI.dll
0x00007ffe04770000 - 0x00007ffe04831000 	C:\WINDOWS\system32\OLEAUT32.dll
0x00007ffe03b20000 - 0x00007ffe03c63000 	C:\WINDOWS\system32\ole32.dll
0x0000000077690000 - 0x00000000776d3000 	C:\Program Files\Java\jdk1.8.0_91\jre\bin\glass.dll
0x00007ffe03d10000 - 0x00007ffe03e1b000 	C:\WINDOWS\system32\COMDLG32.dll
0x00007ffe01140000 - 0x00007ffe011c6000 	C:\WINDOWS\system32\FirewallAPI.dll
0x00007ffe01360000 - 0x00007ffe01377000 	C:\WINDOWS\system32\NETAPI32.dll
0x00007ffdf69a0000 - 0x00007ffdf69ac000 	C:\WINDOWS\SYSTEM32\DAVHLPR.DLL
0x00007ffdffe30000 - 0x00007ffdffe62000 	C:\WINDOWS\SYSTEM32\fwbase.dll
0x00007ffe04300000 - 0x00007ffe0445a000 	C:\WINDOWS\system32\MSCTF.dll
0x00007ffdf5d20000 - 0x00007ffdf5dc3000 	C:\Program Files\Common Files\microsoft shared\ink\tiptsf.dll
0x00007ffdcff40000 - 0x00007ffdd0dac000 	C:\WINDOWS\SYSTEM32\igc64.dll
0x00007ffdc8340000 - 0x00007ffdcac2c000 	C:\googledrive\projects\HackNC\jniLibs\WIN64\runtimecore_java.dll
0x00007ffde7ab0000 - 0x00007ffde7b4d000 	C:\WINDOWS\SYSTEM32\MSVCP140.dll
0x00007ffdff260000 - 0x00007ffdff277000 	C:\WINDOWS\SYSTEM32\VCRUNTIME140.dll
0x00007ffe00250000 - 0x00007ffe00344000 	C:\WINDOWS\SYSTEM32\ucrtbase.dll
0x0000000077670000 - 0x0000000077684000 	C:\Program Files\Java\jdk1.8.0_91\jre\bin\javafx_font.dll
0x00007ffdf7370000 - 0x00007ffdf75d0000 	C:\WINDOWS\SYSTEM32\dwrite.dll
0x00007ffe00b50000 - 0x00007ffe00b5b000 	C:\WINDOWS\SYSTEM32\CRYPTBASE.DLL
0x00007ffdfeb70000 - 0x00007ffdfee18000 	C:\WINDOWS\SYSTEM32\d3d11.dll
0x00007ffdfea80000 - 0x00007ffdfeb22000 	C:\WINDOWS\SYSTEM32\dxgi.dll
0x00007ffdd0db0000 - 0x00007ffdd1ab3000 	C:\WINDOWS\SYSTEM32\igd10iumd64.dll
0x00007ffe00fe0000 - 0x00007ffe01009000 	C:\WINDOWS\SYSTEM32\bcrypt.dll
0x00007ffe00c20000 - 0x00007ffe00c47000 	C:\WINDOWS\SYSTEM32\ncrypt.dll
0x00007ffe00be0000 - 0x00007ffe00c1a000 	C:\WINDOWS\SYSTEM32\NTASN1.dll
0x00007ffe045c0000 - 0x00007ffe04667000 	C:\WINDOWS\system32\clbcatq.dll
0x00007ffdfe400000 - 0x00007ffdfe5b1000 	C:\WINDOWS\SYSTEM32\WindowsCodecs.dll
0x00007ffde90a0000 - 0x00007ffde90ea000 	C:\WINDOWS\system32\dataexchange.dll
0x00007ffdff420000 - 0x00007ffdff503000 	C:\WINDOWS\system32\dcomp.dll
0x00007ffdffbd0000 - 0x00007ffdffcd0000 	C:\WINDOWS\system32\twinapi.appcore.dll
0x00007ffdf4660000 - 0x00007ffdf4694000 	C:\Program Files\Common Files\Microsoft Shared\Ink\rtscom.dll
0x00000000777f0000 - 0x0000000077814000 	C:\Program Files\Java\jdk1.8.0_91\jre\bin\sunec.dll
0x00007ffe00a30000 - 0x00007ffe00a47000 	C:\WINDOWS\SYSTEM32\CRYPTSP.dll
0x00007ffe006c0000 - 0x00007ffe006f4000 	C:\WINDOWS\system32\rsaenh.dll
0x00007ffe00810000 - 0x00007ffe0082f000 	C:\WINDOWS\SYSTEM32\USERENV.dll
0x0000000077840000 - 0x000000007785a000 	C:\Program Files\Java\jdk1.8.0_91\jre\bin\net.dll
0x00007ffe00980000 - 0x00007ffe009dc000 	C:\WINDOWS\system32\mswsock.dll
0x00007ffdfb8a0000 - 0x00007ffdfb8d8000 	C:\WINDOWS\SYSTEM32\IPHLPAPI.DLL
0x00007ffe04a80000 - 0x00007ffe04a88000 	C:\WINDOWS\system32\NSI.dll
0x00007ffdfb530000 - 0x00007ffdfb546000 	C:\WINDOWS\SYSTEM32\dhcpcsvc6.DLL
0x00007ffdfb6c0000 - 0x00007ffdfb6da000 	C:\WINDOWS\SYSTEM32\dhcpcsvc.DLL
0x0000000077820000 - 0x0000000077831000 	C:\Program Files\Java\jdk1.8.0_91\jre\bin\nio.dll
0x00007ffdf5520000 - 0x00007ffdf5531000 	C:\googledrive\projects\HackNC\xboxcontroller64.dll
0x00000000775d0000 - 0x0000000077668000 	C:\WINDOWS\SYSTEM32\MSVCP100.dll
0x00007ffdfeeb0000 - 0x00007ffdfeeb7000 	C:\WINDOWS\SYSTEM32\XINPUT9_1_0.dll
0x00007ffdfaf20000 - 0x00007ffdfaf2e000 	C:\WINDOWS\SYSTEM32\XInput1_4.dll
0x00007ffdffb80000 - 0x00007ffdffba7000 	C:\WINDOWS\SYSTEM32\DEVOBJ.dll
0x00007ffdffad0000 - 0x00007ffdffb7a000 	C:\WINDOWS\SYSTEM32\DNSAPI.dll
0x00007ffdf7bc0000 - 0x00007ffdf7bca000 	C:\Windows\System32\rasadhlp.dll
0x0000000077430000 - 0x00000000775c8000 	C:\Program Files\Java\jdk1.8.0_91\jre\bin\awt.dll
0x00007ffdff8a0000 - 0x00007ffdff919000 	C:\WINDOWS\system32\apphelp.dll
0x00007ffdf5bc0000 - 0x00007ffdf5d1c000 	C:\Windows\System32\uiautomationcore.dll
0x00007ffe00f40000 - 0x00007ffe00fd9000 	C:\WINDOWS\SYSTEM32\sxs.dll
0x00007ffdf4cf0000 - 0x00007ffdf4d5a000 	C:\WINDOWS\SYSTEM32\OLEACC.dll
0x00007ffdfb560000 - 0x00007ffdfb5c7000 	C:\WINDOWS\System32\fwpuclnt.dll
0x00007ffdfcdb0000 - 0x00007ffdfd2f5000 	C:\WINDOWS\SYSTEM32\d2d1.dll
0x00007ffdfd4f0000 - 0x00007ffdfd75f000 	C:\WINDOWS\SYSTEM32\D3D10Warp.dll
0x0000000077410000 - 0x0000000077421000 	C:\Program Files\Java\jdk1.8.0_91\jre\bin\prism_common.dll
0x00007ffdfcbd0000 - 0x00007ffdfcd5c000 	C:\WINDOWS\SYSTEM32\dbghelp.dll

VM Arguments:
jvm_args: -Dfile.encoding=UTF-8 
java_command: demoApp.Test
java_class_path (initial): C:\googledrive\projects\HackNC\bin;C:\googledrive\projects\HackNC\arcgis-java-sdk-100.0.0-beta-2\libs\arcgis-java-api.jar;C:\googledrive\projects\HackNC\arcgis-java-sdk-100.0.0-beta-2\libs\arcgis-java-javadoc.jar;C:\googledrive\projects\HackNC\arcgis-java-sdk-100.0.0-beta-2\libs\commons-codec-1.6.jar;C:\googledrive\projects\HackNC\arcgis-java-sdk-100.0.0-beta-2\libs\commons-logging-1.1.3.jar;C:\googledrive\projects\HackNC\arcgis-java-sdk-100.0.0-beta-2\libs\gson-2.3.1.jar;C:\googledrive\projects\HackNC\arcgis-java-sdk-100.0.0-beta-2\libs\httpclient-4.3.6.jar;C:\googledrive\projects\HackNC\arcgis-java-sdk-100.0.0-beta-2\libs\httpcore-4.3.3.jar;C:\googledrive\projects\HackNC\XboxController (1)\lib\jaw.jar;C:\googledrive\projects\HackNC\XboxController (1)\lib\XboxController.jar
Launcher Type: SUN_STANDARD

Environment Variables:
PATH=C:/Program Files/Java/jdk1.8.0_91/jre/bin/server;C:/Program Files/Java/jdk1.8.0_91/jre/bin;C:/Program Files/Java/jdk1.8.0_91/jre/lib/amd64;C:\Program Files\Oculus\Support\oculus-runtime;C:\ProgramData\Oracle\Java\javapath;C:\WINDOWS\system32;C:\WINDOWS;C:\WINDOWS\System32\Wbem;C:\WINDOWS\System32\WindowsPowerShell\v1.0\;C:\Program Files (x86)\PharosSystems\Core;C:\Program Files\Java\jdk1.8.0_73\bin;C:\Program Files\Java\jdk1.8.0_73\lib\tools.jar;C:\Program Files\Java\jdk1.8.0_73\lib\dt.jar;C:\Vagrant\bin;C:\Program Files (x86)\Calibre2\;C:\Program Files\nodejs\;C:\Program Files\wkhtmltopdf\bin;C:\Program Files (x86)\NVIDIA Corporation\PhysX\Common;C:\Users\Stephen\Anaconda2;C:\Users\Stephen\Anaconda2\Scripts;C:\Users\Stephen\Anaconda2\Library\bin;C:\Users\Stephen\AppData\Roaming\npm;C:\Users\Stephen\eclipse\java-neon2\eclipse;
USERNAME=Stephen
OS=Windows_NT
PROCESSOR_IDENTIFIER=Intel64 Family 6 Model 94 Stepping 3, GenuineIntel



---------------  S Y S T E M  ---------------

OS: Windows 10.0 , 64 bit Build 10586 (10.0.10586.0)

CPU:total 4 (4 cores per cpu, 1 threads per core) family 6 model 94 stepping 3, cmov, cx8, fxsr, mmx, sse, sse2, sse3, ssse3, sse4.1, sse4.2, popcnt, avx, avx2, aes, clmul, erms, rtm, 3dnowpref, lzcnt, tsc, tscinvbit, bmi1, bmi2, adx

Memory: 4k page, physical 8240396k(1055420k free), swap 13137304k(3089844k free)

vm_info: Java HotSpot(TM) 64-Bit Server VM (25.91-b15) for windows-amd64 JRE (1.8.0_91-b15), built on May 20 2016 17:43:15 by "java_re" with MS VC++ 10.0 (VS2010)

time: Sun Oct 30 04:16:41 2016
elapsed time: 24 seconds (0d 0h 0m 24s)

