#
# A fatal error has been detected by the Java Runtime Environment:
#
#  EXCEPTION_ACCESS_VIOLATION (0xc0000005) at pc=0x0000000002acbe15, pid=2108, tid=1188
#
# JRE version: Java(TM) SE Runtime Environment (8.0_91-b15) (build 1.8.0_91-b15)
# Java VM: Java HotSpot(TM) 64-Bit Server VM (25.91-b15 mixed mode windows-amd64 compressed oops)
# Problematic frame:
# J 1293 C2 com.sun.javafx.image.impl.IntArgb$ToByteBgraPreConv.doConvert([III[BIIII)V (209 bytes) @ 0x0000000002acbe15 [0x0000000002acbdc0+0x55]
#
# Failed to write core dump. Minidumps are not enabled by default on client versions of Windows
#
# If you would like to submit a bug report, please visit:
#   http://bugreport.java.com/bugreport/crash.jsp
# The crash happened outside the Java Virtual Machine in native code.
# See problematic frame for where to report the bug.
#

---------------  T H R E A D  ---------------

Current thread (0x0000000018dc4000):  JavaThread "JavaFX Application Thread" [_thread_in_native, id=1188, stack(0x00000000194d0000,0x00000000195d0000)]

siginfo: ExceptionCode=0xc0000005, reading address 0x0000000000980000

Registers:
RAX=0x0000000000144000, RBX=0x0000000000144000, RCX=0x0000000000000000, RDX=0x0000000000510000
RSP=0x00000000195cd638, RBP=0x00000000195cd840, RSI=0x00000000ef8b5b38, RDI=0x00000000ffaf1800
R8 =0x00000000825104e8, R9 =0x0000000000000000, R10=0x00000000ffebc600, R11=0x00000000ffffffff
R12=0x0000000000000000, R13=0x00000000ff3d4327, R14=0x000000000000273d, R15=0x0000000018dc4000
RIP=0x0000000002acbe15, EFLAGS=0x0000000000010206

Top of Stack: (sp=0x00000000195cd638)
0x00000000195cd638:   0000000002aab1e4 0000000000001800
0x00000000195cd648:   0014400000144000 0000000000000001
0x00000000195cd658:   00000000195cd778 0000000000000000
0x00000000195cd668:   0000000083e928a8 0000000000000000
0x00000000195cd678:   0000036000000600 0000000083eca0d0
0x00000000195cd688:   00000000835ae458 00000000835ae430
0x00000000195cd698:   0000000042e00000 00000000195cd840
0x00000000195cd6a8:   0000000002ab3f9c 0000000000001800
0x00000000195cd6b8:   0000000000000600 0000000000000360
0x00000000195cd6c8:   0000000002698480 0000000000000000
0x00000000195cd6d8:   00000000205fb998 00000000195cd6e0
0x00000000195cd6e8:   0000000000000000 00000000195cd778
0x00000000195cd6f8:   000000002060bdf0 0000000000000000
0x00000000195cd708:   000000002060bcf0 0000060000000360
0x00000000195cd718:   0000000083eca0d0 0000000083e928a8
0x00000000195cd728:   0000000000000000 0000036000000600 

Instructions: (pc=0x0000000002acbe15)
0x0000000002acbdf5:   85 db 7c 17 44 8b d7 44 2b 54 24 58 8b 54 24 58
0x0000000002acbe05:   c1 e2 02 8b 7c 24 50 2b fa eb 41 48 83 c4 40 5d
0x0000000002acbe15:   85 05 e5 41 eb fd c3 83 c5 04 8b 5c 24 5c c4 c1
0x0000000002acbe25:   79 7e ca c4 c1 f9 7e c0 c4 c1 79 7e db c5 f9 7e 


Register to memory mapping:

RAX=0x0000000000144000 is an unknown value
RBX=0x0000000000144000 is an unknown value
RCX=0x0000000000000000 is an unknown value
RDX=0x0000000000510000 is an unknown value
RSP=0x00000000195cd638 is pointing into the stack for thread: 0x0000000018dc4000
RBP=0x00000000195cd840 is pointing into the stack for thread: 0x0000000018dc4000
RSI=0x00000000ef8b5b38 is an oop
[B 
 - klass: {type array byte}
 - length: 5308416
RDI=0x00000000ffaf1800 is an unallocated location in the heap
R8 =0x00000000825104e8 is an oop
[I 
 - klass: {type array int}
 - length: 1327104
R9 =0x0000000000000000 is an unknown value
R10=0x00000000ffebc600 is an unallocated location in the heap
R11=0x00000000ffffffff is an unallocated location in the heap
R12=0x0000000000000000 is an unknown value
R13=0x00000000ff3d4327 is an unallocated location in the heap
R14=0x000000000000273d is an unknown value
R15=0x0000000018dc4000 is a thread


Stack: [0x00000000194d0000,0x00000000195d0000],  sp=0x00000000195cd638,  free space=1013k
Native frames: (J=compiled Java code, j=interpreted, Vv=VM code, C=native code)
C  0x0000000002acbe15


---------------  P R O C E S S  ---------------

Java Threads: ( => current thread )
  0x00000000201d9000 JavaThread "AWT-EventQueue-0" [_thread_blocked, id=4336, stack(0x00000000350b0000,0x00000000351b0000)]
  0x00000000201dc800 JavaThread "AWT-Windows" daemon [_thread_in_native, id=904, stack(0x0000000034fb0000,0x00000000350b0000)]
  0x00000000201dc000 JavaThread "AWT-Shutdown" [_thread_blocked, id=1908, stack(0x0000000034eb0000,0x0000000034fb0000)]
  0x00000000201d8000 JavaThread "Java2D Disposer" daemon [_thread_blocked, id=2360, stack(0x0000000034db0000,0x0000000034eb0000)]
  0x00000000201d7800 JavaThread "TimerQueue" daemon [_thread_blocked, id=92, stack(0x0000000033560000,0x0000000033660000)]
  0x00000000201d6000 JavaThread "Thread-5" [_thread_in_native, id=4572, stack(0x0000000032d80000,0x0000000032e80000)]
  0x00000000201db000 JavaThread "pool-2-thread-5" [_thread_in_native, id=464, stack(0x0000000032c80000,0x0000000032d80000)]
  0x00000000201da800 JavaThread "Prism Font Disposer" daemon [_thread_blocked, id=680, stack(0x0000000032b80000,0x0000000032c80000)]
  0x00000000201d6800 JavaThread "pool-2-thread-4" [_thread_in_native, id=6348, stack(0x0000000032a80000,0x0000000032b80000)]
  0x000000001ff7d800 JavaThread "pool-2-thread-3" [_thread_in_native, id=4712, stack(0x00000000238e0000,0x00000000239e0000)]
  0x000000001fedb000 JavaThread "pool-2-thread-2" [_thread_blocked, id=8484, stack(0x0000000022aa0000,0x0000000022ba0000)]
  0x000000001feda800 JavaThread "pool-2-thread-1" [_thread_in_native, id=5432, stack(0x00000000229a0000,0x0000000022aa0000)]
  0x000000001fb66800 JavaThread "JavaFX-Launcher" [_thread_blocked, id=4200, stack(0x0000000020440000,0x0000000020540000)]
  0x000000001fb56800 JavaThread "Thread-2" daemon [_thread_in_native, id=7528, stack(0x0000000020340000,0x0000000020440000)]
=>0x0000000018dc4000 JavaThread "JavaFX Application Thread" [_thread_in_native, id=1188, stack(0x00000000194d0000,0x00000000195d0000)]
  0x0000000018dc1000 JavaThread "Thread-1" daemon [_thread_blocked, id=4088, stack(0x00000000193d0000,0x00000000194d0000)]
  0x0000000018d8a800 JavaThread "QuantumRenderer-0" daemon [_thread_blocked, id=3872, stack(0x0000000019070000,0x0000000019170000)]
  0x0000000018aa9800 JavaThread "Service Thread" daemon [_thread_blocked, id=3704, stack(0x0000000018e70000,0x0000000018f70000)]
  0x0000000017149000 JavaThread "C1 CompilerThread2" daemon [_thread_blocked, id=1060, stack(0x0000000018970000,0x0000000018a70000)]
  0x0000000017141800 JavaThread "C2 CompilerThread1" daemon [_thread_blocked, id=3348, stack(0x0000000018870000,0x0000000018970000)]
  0x000000001713d800 JavaThread "C2 CompilerThread0" daemon [_thread_blocked, id=6660, stack(0x0000000018770000,0x0000000018870000)]
  0x000000001713c000 JavaThread "Attach Listener" daemon [_thread_blocked, id=3172, stack(0x0000000018670000,0x0000000018770000)]
  0x000000001713a800 JavaThread "Signal Dispatcher" daemon [_thread_blocked, id=9104, stack(0x0000000018570000,0x0000000018670000)]
  0x0000000017129000 JavaThread "Finalizer" daemon [_thread_blocked, id=1832, stack(0x0000000018390000,0x0000000018490000)]
  0x0000000002671000 JavaThread "Reference Handler" daemon [_thread_blocked, id=6304, stack(0x0000000018290000,0x0000000018390000)]
  0x000000000247d800 JavaThread "main" [_thread_blocked, id=7108, stack(0x0000000002480000,0x0000000002580000)]

Other Threads:
  0x0000000017107000 VMThread [stack: 0x0000000018190000,0x0000000018290000] [id=7948]
  0x0000000018aad800 WatcherThread [stack: 0x0000000018f70000,0x0000000019070000] [id=2780]

VM state:not at safepoint (normal execution)

VM Mutex/Monitor currently owned by a thread: None

Heap:
 PSYoungGen      total 440832K, used 996K [0x00000000d6180000, 0x00000000f2e00000, 0x0000000100000000)
  eden space 423424K, 0% used [0x00000000d6180000,0x00000000d6241110,0x00000000eff00000)
  from space 17408K, 1% used [0x00000000eff00000,0x00000000eff38000,0x00000000f1000000)
  to   space 16384K, 0% used [0x00000000f1e00000,0x00000000f1e00000,0x00000000f2e00000)
 ParOldGen       total 98816K, used 35354K [0x0000000082400000, 0x0000000088480000, 0x00000000d6180000)
  object space 98816K, 35% used [0x0000000082400000,0x00000000846869f0,0x0000000088480000)
 Metaspace       used 20802K, capacity 21470K, committed 21760K, reserved 1069056K
  class space    used 2624K, capacity 2789K, committed 2816K, reserved 1048576K

Card table byte_map: [0x0000000011a40000,0x0000000011e30000] byte_map_base: 0x000000001162e000

Marking Bits: (ParMarkBitMap*) 0x0000000077032f70
 Begin Bits: [0x00000000124d0000, 0x0000000014440000)
 End Bits:   [0x0000000014440000, 0x00000000163b0000)

Polling page: 0x0000000000980000

CodeCache: size=245760Kb used=9791Kb max_used=9802Kb free=235968Kb
 bounds [0x0000000002680000, 0x0000000003020000, 0x0000000011680000]
 total_blobs=3779 nmethods=3046 adapters=644
 compilation: enabled

Compilation events (10 events):
Event: 22.665 Thread 0x0000000017149000 3318       3       com.sun.javafx.sg.prism.NGNode::computeDirtyRegion (95 bytes)
Event: 22.666 Thread 0x0000000017149000 nmethod 3318 0x0000000003016350 code [0x0000000003016560, 0x0000000003016eb8]
Event: 22.666 Thread 0x0000000017149000 3319       3       com.sun.javafx.geom.RectBounds::disjoint (74 bytes)
Event: 22.668 Thread 0x0000000017149000 nmethod 3319 0x00000000030172d0 code [0x0000000003017480, 0x0000000003017f30]
Event: 22.668 Thread 0x0000000017149000 3320       3       com.sun.javafx.geom.RectBounds::contains (70 bytes)
Event: 22.669 Thread 0x0000000017149000 nmethod 3320 0x00000000030180d0 code [0x0000000003018260, 0x0000000003018970]
Event: 23.072 Thread 0x0000000017149000 3321       3       com.sun.prism.PresentableState::update (142 bytes)
Event: 23.072 Thread 0x0000000017149000 nmethod 3321 0x0000000003018a90 code [0x0000000003018d60, 0x00000000030198f8]
Event: 23.100 Thread 0x0000000017149000 3322       1       sun.awt.AWTAutoShutdown::getInstance (4 bytes)
Event: 23.100 Thread 0x0000000017149000 nmethod 3322 0x000000000300d050 code [0x000000000300d1a0, 0x000000000300d290]

GC Heap History (10 events):
Event: 14.738 GC heap after
Heap after GC invocations=17 (full 1):
 PSYoungGen      total 400384K, used 5527K [0x00000000d6180000, 0x00000000f0200000, 0x0000000100000000)
  eden space 385536K, 0% used [0x00000000d6180000,0x00000000d6180000,0x00000000eda00000)
  from space 14848K, 37% used [0x00000000ef380000,0x00000000ef8e5f28,0x00000000f0200000)
  to   space 20480K, 0% used [0x00000000eda00000,0x00000000eda00000,0x00000000eee00000)
 ParOldGen       total 98816K, used 35338K [0x0000000082400000, 0x0000000088480000, 0x00000000d6180000)
  object space 98816K, 35% used [0x0000000082400000,0x00000000846829f0,0x0000000088480000)
 Metaspace       used 20652K, capacity 21342K, committed 21504K, reserved 1069056K
  class space    used 2623K, capacity 2789K, committed 2816K, reserved 1048576K
}
Event: 16.708 GC heap before
{Heap before GC invocations=18 (full 1):
 PSYoungGen      total 400384K, used 387037K [0x00000000d6180000, 0x00000000f0200000, 0x0000000100000000)
  eden space 385536K, 98% used [0x00000000d6180000,0x00000000ed611578,0x00000000eda00000)
  from space 14848K, 37% used [0x00000000ef380000,0x00000000ef8e5f28,0x00000000f0200000)
  to   space 20480K, 0% used [0x00000000eda00000,0x00000000eda00000,0x00000000eee00000)
 ParOldGen       total 98816K, used 35338K [0x0000000082400000, 0x0000000088480000, 0x00000000d6180000)
  object space 98816K, 35% used [0x0000000082400000,0x00000000846829f0,0x0000000088480000)
 Metaspace       used 20668K, capacity 21342K, committed 21504K, reserved 1069056K
  class space    used 2624K, capacity 2789K, committed 2816K, reserved 1048576K
Event: 16.709 GC heap after
Heap after GC invocations=18 (full 1):
 PSYoungGen      total 406016K, used 312K [0x00000000d6180000, 0x00000000f1700000, 0x0000000100000000)
  eden space 385536K, 0% used [0x00000000d6180000,0x00000000d6180000,0x00000000eda00000)
  from space 20480K, 1% used [0x00000000eda00000,0x00000000eda4e028,0x00000000eee00000)
  to   space 19968K, 0% used [0x00000000f0380000,0x00000000f0380000,0x00000000f1700000)
 ParOldGen       total 98816K, used 35346K [0x0000000082400000, 0x0000000088480000, 0x00000000d6180000)
  object space 98816K, 35% used [0x0000000082400000,0x00000000846849f0,0x0000000088480000)
 Metaspace       used 20668K, capacity 21342K, committed 21504K, reserved 1069056K
  class space    used 2624K, capacity 2789K, committed 2816K, reserved 1048576K
}
Event: 18.427 GC heap before
{Heap before GC invocations=19 (full 1):
 PSYoungGen      total 406016K, used 385848K [0x00000000d6180000, 0x00000000f1700000, 0x0000000100000000)
  eden space 385536K, 100% used [0x00000000d6180000,0x00000000eda00000,0x00000000eda00000)
  from space 20480K, 1% used [0x00000000eda00000,0x00000000eda4e028,0x00000000eee00000)
  to   space 19968K, 0% used [0x00000000f0380000,0x00000000f0380000,0x00000000f1700000)
 ParOldGen       total 98816K, used 35346K [0x0000000082400000, 0x0000000088480000, 0x00000000d6180000)
  object space 98816K, 35% used [0x0000000082400000,0x00000000846849f0,0x0000000088480000)
 Metaspace       used 20695K, capacity 21406K, committed 21504K, reserved 1069056K
  class space    used 2624K, capacity 2789K, committed 2816K, reserved 1048576K
Event: 18.430 GC heap after
Heap after GC invocations=19 (full 1):
 PSYoungGen      total 422912K, used 251K [0x00000000d6180000, 0x00000000f1380000, 0x0000000100000000)
  eden space 406528K, 0% used [0x00000000d6180000,0x00000000d6180000,0x00000000eee80000)
  from space 16384K, 1% used [0x00000000f0380000,0x00000000f03bec48,0x00000000f1380000)
  to   space 18944K, 0% used [0x00000000eee80000,0x00000000eee80000,0x00000000f0100000)
 ParOldGen       total 98816K, used 35346K [0x0000000082400000, 0x0000000088480000, 0x00000000d6180000)
  object space 98816K, 35% used [0x0000000082400000,0x00000000846849f0,0x0000000088480000)
 Metaspace       used 20695K, capacity 21406K, committed 21504K, reserved 1069056K
  class space    used 2624K, capacity 2789K, committed 2816K, reserved 1048576K
}
Event: 19.937 GC heap before
{Heap before GC invocations=20 (full 1):
 PSYoungGen      total 422912K, used 406779K [0x00000000d6180000, 0x00000000f1380000, 0x0000000100000000)
  eden space 406528K, 100% used [0x00000000d6180000,0x00000000eee80000,0x00000000eee80000)
  from space 16384K, 1% used [0x00000000f0380000,0x00000000f03bec48,0x00000000f1380000)
  to   space 18944K, 0% used [0x00000000eee80000,0x00000000eee80000,0x00000000f0100000)
 ParOldGen       total 98816K, used 35346K [0x0000000082400000, 0x0000000088480000, 0x00000000d6180000)
  object space 98816K, 35% used [0x0000000082400000,0x00000000846849f0,0x0000000088480000)
 Metaspace       used 20765K, capacity 21470K, committed 21760K, reserved 1069056K
  class space    used 2624K, capacity 2789K, committed 2816K, reserved 1048576K
Event: 19.938 GC heap after
Heap after GC invocations=20 (full 1):
 PSYoungGen      total 425472K, used 282K [0x00000000d6180000, 0x00000000f2580000, 0x0000000100000000)
  eden space 406528K, 0% used [0x00000000d6180000,0x00000000d6180000,0x00000000eee80000)
  from space 18944K, 1% used [0x00000000eee80000,0x00000000eeec6b10,0x00000000f0100000)
  to   space 18432K, 0% used [0x00000000f1380000,0x00000000f1380000,0x00000000f2580000)
 ParOldGen       total 98816K, used 35354K [0x0000000082400000, 0x0000000088480000, 0x00000000d6180000)
  object space 98816K, 35% used [0x0000000082400000,0x00000000846869f0,0x0000000088480000)
 Metaspace       used 20765K, capacity 21470K, committed 21760K, reserved 1069056K
  class space    used 2624K, capacity 2789K, committed 2816K, reserved 1048576K
}
Event: 21.605 GC heap before
{Heap before GC invocations=21 (full 1):
 PSYoungGen      total 425472K, used 401995K [0x00000000d6180000, 0x00000000f2580000, 0x0000000100000000)
  eden space 406528K, 98% used [0x00000000d6180000,0x00000000ee9cc3d8,0x00000000eee80000)
  from space 18944K, 1% used [0x00000000eee80000,0x00000000eeec6b10,0x00000000f0100000)
  to   space 18432K, 0% used [0x00000000f1380000,0x00000000f1380000,0x00000000f2580000)
 ParOldGen       total 98816K, used 35354K [0x0000000082400000, 0x0000000088480000, 0x00000000d6180000)
  object space 98816K, 35% used [0x0000000082400000,0x00000000846869f0,0x0000000088480000)
 Metaspace       used 20780K, capacity 21470K, committed 21760K, reserved 1069056K
  class space    used 2624K, capacity 2789K, committed 2816K, reserved 1048576K
Event: 21.607 GC heap after
Heap after GC invocations=21 (full 1):
 PSYoungGen      total 437248K, used 320K [0x00000000d6180000, 0x00000000f2100000, 0x0000000100000000)
  eden space 423424K, 0% used [0x00000000d6180000,0x00000000d6180000,0x00000000eff00000)
  from space 13824K, 2% used [0x00000000f1380000,0x00000000f13d0010,0x00000000f2100000)
  to   space 17408K, 0% used [0x00000000eff00000,0x00000000eff00000,0x00000000f1000000)
 ParOldGen       total 98816K, used 35354K [0x0000000082400000, 0x0000000088480000, 0x00000000d6180000)
  object space 98816K, 35% used [0x0000000082400000,0x00000000846869f0,0x0000000088480000)
 Metaspace       used 20780K, capacity 21470K, committed 21760K, reserved 1069056K
  class space    used 2624K, capacity 2789K, committed 2816K, reserved 1048576K
}
Event: 23.251 GC heap before
{Heap before GC invocations=22 (full 1):
 PSYoungGen      total 437248K, used 423744K [0x00000000d6180000, 0x00000000f2100000, 0x0000000100000000)
  eden space 423424K, 100% used [0x00000000d6180000,0x00000000eff00000,0x00000000eff00000)
  from space 13824K, 2% used [0x00000000f1380000,0x00000000f13d0010,0x00000000f2100000)
  to   space 17408K, 0% used [0x00000000eff00000,0x00000000eff00000,0x00000000f1000000)
 ParOldGen       total 98816K, used 35354K [0x0000000082400000, 0x0000000088480000, 0x00000000d6180000)
  object space 98816K, 35% used [0x0000000082400000,0x00000000846869f0,0x0000000088480000)
 Metaspace       used 20802K, capacity 21470K, committed 21760K, reserved 1069056K
  class space    used 2624K, capacity 2789K, committed 2816K, reserved 1048576K

Deoptimization events (10 events):
Event: 1.277 Thread 0x000000001ff7d800 Uncommon trap: reason=unstable_if action=reinterpret pc=0x000000000293f19c method=java.lang.String.regionMatches(ZILjava/lang/String;II)Z @ 123
Event: 1.334 Thread 0x0000000018dc4000 Uncommon trap: reason=unstable_if action=reinterpret pc=0x0000000002a5d344 method=java.io.WinNTFileSystem.normalize(Ljava/lang/String;)Ljava/lang/String; @ 74
Event: 2.845 Thread 0x000000001fedb000 Uncommon trap: reason=unstable_if action=reinterpret pc=0x00000000029a23d0 method=java.io.ByteArrayInputStream.read()I @ 8
Event: 2.845 Thread 0x000000001fedb000 Uncommon trap: reason=class_check action=maybe_recompile pc=0x0000000002a93670 method=java.io.FilterInputStream.read()I @ 4
Event: 2.845 Thread 0x000000001fedb000 Uncommon trap: reason=class_check action=maybe_recompile pc=0x0000000002a93670 method=java.io.FilterInputStream.read()I @ 4
Event: 2.845 Thread 0x000000001fedb000 Uncommon trap: reason=class_check action=maybe_recompile pc=0x0000000002a93670 method=java.io.FilterInputStream.read()I @ 4
Event: 2.845 Thread 0x000000001fedb000 Uncommon trap: reason=class_check action=maybe_recompile pc=0x0000000002a93670 method=java.io.FilterInputStream.read()I @ 4
Event: 13.044 Thread 0x0000000018d8a800 Uncommon trap: reason=unstable_if action=reinterpret pc=0x0000000002c5694c method=java.util.WeakHashMap.expungeStaleEntries()V @ 66
Event: 21.764 Thread 0x000000003842d000 Uncommon trap: reason=unstable_if action=reinterpret pc=0x0000000002c100a8 method=java.util.concurrent.ConcurrentHashMap.addCount(JI)V @ 34
Event: 21.814 Thread 0x00000000201d9000 Uncommon trap: reason=unstable_if action=reinterpret pc=0x0000000002d83a6c method=java.util.concurrent.ConcurrentHashMap.addCount(JI)V @ 7

Internal exceptions (10 events):
Event: 22.910 Thread 0x000000001fedb000 Exception <a 'java/net/SocketTimeoutException': Read timed out> (0x00000000ea940898) thrown at [C:\re\workspace\8-2-build-windows-amd64-cygwin\jdk8u91\7017\hotspot\src\share\vm\prims\jni.cpp, line 735]
Event: 22.923 Thread 0x00000000201db000 Exception <a 'java/net/SocketTimeoutException': Read timed out> (0x00000000e80b6e78) thrown at [C:\re\workspace\8-2-build-windows-amd64-cygwin\jdk8u91\7017\hotspot\src\share\vm\prims\jni.cpp, line 735]
Event: 22.956 Thread 0x00000000201d6800 Exception <a 'java/net/SocketTimeoutException': Read timed out> (0x00000000eb539668) thrown at [C:\re\workspace\8-2-build-windows-amd64-cygwin\jdk8u91\7017\hotspot\src\share\vm\prims\jni.cpp, line 735]
Event: 22.977 Thread 0x000000001ff7d800 Exception <a 'java/net/SocketTimeoutException': Read timed out> (0x00000000eab9b340) thrown at [C:\re\workspace\8-2-build-windows-amd64-cygwin\jdk8u91\7017\hotspot\src\share\vm\prims\jni.cpp, line 735]
Event: 23.052 Thread 0x000000001fedb000 Exception <a 'java/net/SocketTimeoutException': Read timed out> (0x00000000ecac6148) thrown at [C:\re\workspace\8-2-build-windows-amd64-cygwin\jdk8u91\7017\hotspot\src\share\vm\prims\jni.cpp, line 735]
Event: 23.094 Thread 0x00000000201d6800 Exception <a 'java/net/SocketTimeoutException': Read timed out> (0x00000000ed3e1708) thrown at [C:\re\workspace\8-2-build-windows-amd64-cygwin\jdk8u91\7017\hotspot\src\share\vm\prims\jni.cpp, line 735]
Event: 23.134 Thread 0x000000001feda800 Exception <a 'java/net/SocketTimeoutException': Read timed out> (0x00000000ea839d38) thrown at [C:\re\workspace\8-2-build-windows-amd64-cygwin\jdk8u91\7017\hotspot\src\share\vm\prims\jni.cpp, line 735]
Event: 23.191 Thread 0x00000000201db000 Exception <a 'java/net/SocketTimeoutException': Read timed out> (0x00000000ee00dc98) thrown at [C:\re\workspace\8-2-build-windows-amd64-cygwin\jdk8u91\7017\hotspot\src\share\vm\prims\jni.cpp, line 735]
Event: 23.193 Thread 0x000000001ff7d800 Exception <a 'java/net/SocketTimeoutException': Read timed out> (0x00000000eec01920) thrown at [C:\re\workspace\8-2-build-windows-amd64-cygwin\jdk8u91\7017\hotspot\src\share\vm\prims\jni.cpp, line 735]
Event: 23.225 Thread 0x00000000201d6800 Exception <a 'java/net/SocketTimeoutException': Read timed out> (0x00000000ef66d1a8) thrown at [C:\re\workspace\8-2-build-windows-amd64-cygwin\jdk8u91\7017\hotspot\src\share\vm\prims\jni.cpp, line 735]

Events (10 events):
Event: 23.231 Thread 0x000000001ffa1800 Thread added: 0x000000001ffa1800
Event: 23.231 Thread 0x0000000038430000 Thread added: 0x0000000038430000
Event: 23.231 Thread 0x0000000038430000 Thread exited: 0x0000000038430000
Event: 23.231 Thread 0x000000001ffa1800 Thread exited: 0x000000001ffa1800
Event: 23.248 Thread 0x000000003842e000 Thread added: 0x000000003842e000
Event: 23.248 Thread 0x000000003842e000 Thread exited: 0x000000003842e000
Event: 23.248 Thread 0x000000003842f800 Thread added: 0x000000003842f800
Event: 23.248 Thread 0x000000003842f800 Thread exited: 0x000000003842f800
Event: 23.251 Thread 0x00000000201d9800 Thread added: 0x00000000201d9800
Event: 23.251 Executing VM operation: ParallelGCFailedAllocation


Dynamic libraries:
0x00007ff7b1ea0000 - 0x00007ff7b1ed7000 	C:\Program Files\Java\jdk1.8.0_91\bin\javaw.exe
0x00007ffe04a90000 - 0x00007ffe04c51000 	C:\WINDOWS\SYSTEM32\ntdll.dll
0x00007ffe04960000 - 0x00007ffe04a0d000 	C:\WINDOWS\system32\KERNEL32.DLL
0x00007ffe01380000 - 0x00007ffe01568000 	C:\WINDOWS\system32\KERNELBASE.dll
0x00007ffe040a0000 - 0x00007ffe04147000 	C:\WINDOWS\system32\ADVAPI32.dll
0x00007ffe03c70000 - 0x00007ffe03d0d000 	C:\WINDOWS\system32\msvcrt.dll
0x00007ffe01e90000 - 0x00007ffe01eeb000 	C:\WINDOWS\system32\sechost.dll
0x00007ffe04840000 - 0x00007ffe0495c000 	C:\WINDOWS\system32\RPCRT4.dll
0x00007ffe04460000 - 0x00007ffe045b6000 	C:\WINDOWS\system32\USER32.dll
0x00007ffe03990000 - 0x00007ffe03b16000 	C:\WINDOWS\system32\GDI32.dll
0x00007ffdf6b10000 - 0x00007ffdf6d84000 	C:\WINDOWS\WinSxS\amd64_microsoft.windows.common-controls_6595b64144ccf1df_6.0.10586.494_none_a2d8b04ea53e3145\COMCTL32.dll
0x00007ffe03e20000 - 0x00007ffe0409d000 	C:\WINDOWS\system32\combase.dll
0x00007ffe01290000 - 0x00007ffe012fa000 	C:\WINDOWS\system32\bcryptPrimitives.dll
0x00007ffe04670000 - 0x00007ffe046ab000 	C:\WINDOWS\system32\IMM32.DLL
0x0000000077710000 - 0x00000000777e2000 	C:\Program Files\Java\jdk1.8.0_91\jre\bin\msvcr100.dll
0x0000000076820000 - 0x00000000770b3000 	C:\Program Files\Java\jdk1.8.0_91\jre\bin\server\jvm.dll
0x00007ffe03980000 - 0x00007ffe03988000 	C:\WINDOWS\system32\PSAPI.DLL
0x00007ffdfd980000 - 0x00007ffdfd989000 	C:\WINDOWS\SYSTEM32\WSOCK32.dll
0x00007ffe03900000 - 0x00007ffe0396b000 	C:\WINDOWS\system32\WS2_32.dll
0x00007ffdff3c0000 - 0x00007ffdff3e3000 	C:\WINDOWS\SYSTEM32\WINMM.dll
0x00007ffdf7db0000 - 0x00007ffdf7dba000 	C:\WINDOWS\SYSTEM32\VERSION.dll
0x00007ffdff2d0000 - 0x00007ffdff2fc000 	C:\WINDOWS\SYSTEM32\WINMMBASE.dll
0x00007ffe01740000 - 0x00007ffe01783000 	C:\WINDOWS\system32\cfgmgr32.dll
0x0000000050060000 - 0x000000005006f000 	C:\Program Files\Java\jdk1.8.0_91\jre\bin\verify.dll
0x0000000050030000 - 0x0000000050059000 	C:\Program Files\Java\jdk1.8.0_91\jre\bin\java.dll
0x0000000050010000 - 0x0000000050026000 	C:\Program Files\Java\jdk1.8.0_91\jre\bin\zip.dll
0x00007ffe023a0000 - 0x00007ffe038fc000 	C:\WINDOWS\system32\SHELL32.dll
0x00007ffe01790000 - 0x00007ffe01dd5000 	C:\WINDOWS\system32\windows.storage.dll
0x00007ffe04710000 - 0x00007ffe04762000 	C:\WINDOWS\system32\shlwapi.dll
0x00007ffe010e0000 - 0x00007ffe010ef000 	C:\WINDOWS\system32\kernel.appcore.dll
0x00007ffe011d0000 - 0x00007ffe01285000 	C:\WINDOWS\system32\shcore.dll
0x00007ffe010f0000 - 0x00007ffe0113b000 	C:\WINDOWS\system32\powrprof.dll
0x00007ffe010c0000 - 0x00007ffe010d4000 	C:\WINDOWS\system32\profapi.dll
0x00007ffdf1470000 - 0x00007ffdf155f000 	C:\Program Files\Java\jdk1.8.0_91\jre\bin\msvcr120.dll
0x00007ffde7b50000 - 0x00007ffde7bf6000 	C:\Program Files\Java\jdk1.8.0_91\jre\bin\msvcp120.dll
0x00000000776e0000 - 0x0000000077703000 	C:\Program Files\Java\jdk1.8.0_91\jre\bin\prism_d3d.dll
0x00007ffddf5b0000 - 0x00007ffddf7c0000 	C:\WINDOWS\system32\d3d9.dll
0x00007ffdfeee0000 - 0x00007ffdfef02000 	C:\WINDOWS\SYSTEM32\dwmapi.dll
0x00007ffdffa30000 - 0x00007ffdffac6000 	C:\WINDOWS\system32\uxtheme.dll
0x00007ffdcac30000 - 0x00007ffdccce9000 	C:\WINDOWS\SYSTEM32\igdumdim64.dll
0x00007ffe01f10000 - 0x00007ffe02339000 	C:\WINDOWS\system32\SETUPAPI.dll
0x00007ffe04770000 - 0x00007ffe04831000 	C:\WINDOWS\system32\OLEAUT32.dll
0x00007ffe03b20000 - 0x00007ffe03c63000 	C:\WINDOWS\system32\ole32.dll
0x0000000077690000 - 0x00000000776d3000 	C:\Program Files\Java\jdk1.8.0_91\jre\bin\glass.dll
0x00007ffe03d10000 - 0x00007ffe03e1b000 	C:\WINDOWS\system32\COMDLG32.dll
0x00007ffe01140000 - 0x00007ffe011c6000 	C:\WINDOWS\system32\FirewallAPI.dll
0x00007ffe01360000 - 0x00007ffe01377000 	C:\WINDOWS\system32\NETAPI32.dll
0x00007ffdf69a0000 - 0x00007ffdf69ac000 	C:\WINDOWS\SYSTEM32\DAVHLPR.DLL
0x00007ffdffe30000 - 0x00007ffdffe62000 	C:\WINDOWS\SYSTEM32\fwbase.dll
0x00007ffe04300000 - 0x00007ffe0445a000 	C:\WINDOWS\system32\MSCTF.dll
0x00007ffdf5d20000 - 0x00007ffdf5dc3000 	C:\Program Files\Common Files\microsoft shared\ink\tiptsf.dll
0x00007ffdcff40000 - 0x00007ffdd0dac000 	C:\WINDOWS\SYSTEM32\igc64.dll
0x0000000077670000 - 0x0000000077684000 	C:\Program Files\Java\jdk1.8.0_91\jre\bin\javafx_font.dll
0x00007ffdf7370000 - 0x00007ffdf75d0000 	C:\WINDOWS\SYSTEM32\dwrite.dll
0x00007ffdc8340000 - 0x00007ffdcac2c000 	C:\googledrive\projects\HackNC\jniLibs\WIN64\runtimecore_java.dll
0x00007ffde7ab0000 - 0x00007ffde7b4d000 	C:\WINDOWS\SYSTEM32\MSVCP140.dll
0x00007ffdff260000 - 0x00007ffdff277000 	C:\WINDOWS\SYSTEM32\VCRUNTIME140.dll
0x00007ffe00250000 - 0x00007ffe00344000 	C:\WINDOWS\SYSTEM32\ucrtbase.dll
0x00007ffe00b50000 - 0x00007ffe00b5b000 	C:\WINDOWS\SYSTEM32\CRYPTBASE.DLL
0x00007ffdfeb70000 - 0x00007ffdfee18000 	C:\WINDOWS\SYSTEM32\d3d11.dll
0x00007ffdfea80000 - 0x00007ffdfeb22000 	C:\WINDOWS\SYSTEM32\dxgi.dll
0x00007ffdd0db0000 - 0x00007ffdd1ab3000 	C:\WINDOWS\SYSTEM32\igd10iumd64.dll
0x00007ffe00fe0000 - 0x00007ffe01009000 	C:\WINDOWS\SYSTEM32\bcrypt.dll
0x00007ffe00c20000 - 0x00007ffe00c47000 	C:\WINDOWS\SYSTEM32\ncrypt.dll
0x00007ffe00be0000 - 0x00007ffe00c1a000 	C:\WINDOWS\SYSTEM32\NTASN1.dll
0x00000000777f0000 - 0x0000000077814000 	C:\Program Files\Java\jdk1.8.0_91\jre\bin\sunec.dll
0x00007ffe00a30000 - 0x00007ffe00a47000 	C:\WINDOWS\SYSTEM32\CRYPTSP.dll
0x00007ffe006c0000 - 0x00007ffe006f4000 	C:\WINDOWS\system32\rsaenh.dll
0x00007ffe00810000 - 0x00007ffe0082f000 	C:\WINDOWS\SYSTEM32\USERENV.dll
0x0000000077840000 - 0x000000007785a000 	C:\Program Files\Java\jdk1.8.0_91\jre\bin\net.dll
0x00007ffe00980000 - 0x00007ffe009dc000 	C:\WINDOWS\system32\mswsock.dll
0x00007ffdfb8a0000 - 0x00007ffdfb8d8000 	C:\WINDOWS\SYSTEM32\IPHLPAPI.DLL
0x00007ffe04a80000 - 0x00007ffe04a88000 	C:\WINDOWS\system32\NSI.dll
0x00007ffdfb530000 - 0x00007ffdfb546000 	C:\WINDOWS\SYSTEM32\dhcpcsvc6.DLL
0x00007ffdfb6c0000 - 0x00007ffdfb6da000 	C:\WINDOWS\SYSTEM32\dhcpcsvc.DLL
0x00007ffe045c0000 - 0x00007ffe04667000 	C:\WINDOWS\system32\clbcatq.dll
0x00007ffdfe400000 - 0x00007ffdfe5b1000 	C:\WINDOWS\SYSTEM32\WindowsCodecs.dll
0x0000000077820000 - 0x0000000077831000 	C:\Program Files\Java\jdk1.8.0_91\jre\bin\nio.dll
0x00007ffde90a0000 - 0x00007ffde90ea000 	C:\WINDOWS\system32\dataexchange.dll
0x00007ffdff420000 - 0x00007ffdff503000 	C:\WINDOWS\system32\dcomp.dll
0x00007ffdffbd0000 - 0x00007ffdffcd0000 	C:\WINDOWS\system32\twinapi.appcore.dll
0x00007ffdf4660000 - 0x00007ffdf4694000 	C:\Program Files\Common Files\Microsoft Shared\Ink\rtscom.dll
0x00007ffdffad0000 - 0x00007ffdffb7a000 	C:\WINDOWS\SYSTEM32\DNSAPI.dll
0x00007ffdf7bc0000 - 0x00007ffdf7bca000 	C:\Windows\System32\rasadhlp.dll
0x00007ffdfb560000 - 0x00007ffdfb5c7000 	C:\WINDOWS\System32\fwpuclnt.dll
0x00007ffdf5520000 - 0x00007ffdf5531000 	C:\googledrive\projects\HackNC\xboxcontroller64.dll
0x00007ffdfeeb0000 - 0x00007ffdfeeb7000 	C:\WINDOWS\SYSTEM32\XINPUT9_1_0.dll
0x00000000775d0000 - 0x0000000077668000 	C:\WINDOWS\SYSTEM32\MSVCP100.dll
0x00007ffdfaf20000 - 0x00007ffdfaf2e000 	C:\WINDOWS\SYSTEM32\XInput1_4.dll
0x00007ffdffb80000 - 0x00007ffdffba7000 	C:\WINDOWS\SYSTEM32\DEVOBJ.dll
0x0000000077430000 - 0x00000000775c8000 	C:\Program Files\Java\jdk1.8.0_91\jre\bin\awt.dll
0x00007ffdff8a0000 - 0x00007ffdff919000 	C:\WINDOWS\system32\apphelp.dll
0x00007ffdf5bc0000 - 0x00007ffdf5d1c000 	C:\Windows\System32\uiautomationcore.dll
0x00007ffe00f40000 - 0x00007ffe00fd9000 	C:\WINDOWS\SYSTEM32\sxs.dll
0x00007ffdf4cf0000 - 0x00007ffdf4d5a000 	C:\WINDOWS\SYSTEM32\OLEACC.dll
0x00007ffdfcdb0000 - 0x00007ffdfd2f5000 	C:\WINDOWS\SYSTEM32\d2d1.dll
0x00007ffdfd4f0000 - 0x00007ffdfd75f000 	C:\WINDOWS\SYSTEM32\D3D10Warp.dll
0x0000000077410000 - 0x0000000077421000 	C:\Program Files\Java\jdk1.8.0_91\jre\bin\prism_common.dll
0x00007ffdfcbd0000 - 0x00007ffdfcd5c000 	C:\WINDOWS\SYSTEM32\dbghelp.dll

VM Arguments:
jvm_args: -Dfile.encoding=UTF-8 
java_command: demoApp.Test
java_class_path (initial): C:\googledrive\projects\HackNC\bin;C:\googledrive\projects\HackNC\arcgis-java-sdk-100.0.0-beta-2\libs\arcgis-java-api.jar;C:\googledrive\projects\HackNC\arcgis-java-sdk-100.0.0-beta-2\libs\arcgis-java-javadoc.jar;C:\googledrive\projects\HackNC\arcgis-java-sdk-100.0.0-beta-2\libs\commons-codec-1.6.jar;C:\googledrive\projects\HackNC\arcgis-java-sdk-100.0.0-beta-2\libs\commons-logging-1.1.3.jar;C:\googledrive\projects\HackNC\arcgis-java-sdk-100.0.0-beta-2\libs\gson-2.3.1.jar;C:\googledrive\projects\HackNC\arcgis-java-sdk-100.0.0-beta-2\libs\httpclient-4.3.6.jar;C:\googledrive\projects\HackNC\arcgis-java-sdk-100.0.0-beta-2\libs\httpcore-4.3.3.jar;C:\googledrive\projects\HackNC\XboxController (1)\lib\jaw.jar;C:\googledrive\projects\HackNC\XboxController (1)\lib\XboxController.jar
Launcher Type: SUN_STANDARD

Environment Variables:
PATH=C:/Program Files/Java/jdk1.8.0_91/jre/bin/server;C:/Program Files/Java/jdk1.8.0_91/jre/bin;C:/Program Files/Java/jdk1.8.0_91/jre/lib/amd64;C:\Program Files\Oculus\Support\oculus-runtime;C:\ProgramData\Oracle\Java\javapath;C:\WINDOWS\system32;C:\WINDOWS;C:\WINDOWS\System32\Wbem;C:\WINDOWS\System32\WindowsPowerShell\v1.0\;C:\Program Files (x86)\PharosSystems\Core;C:\Program Files\Java\jdk1.8.0_73\bin;C:\Program Files\Java\jdk1.8.0_73\lib\tools.jar;C:\Program Files\Java\jdk1.8.0_73\lib\dt.jar;C:\Vagrant\bin;C:\Program Files (x86)\Calibre2\;C:\Program Files\nodejs\;C:\Program Files\wkhtmltopdf\bin;C:\Program Files (x86)\NVIDIA Corporation\PhysX\Common;C:\Users\Stephen\Anaconda2;C:\Users\Stephen\Anaconda2\Scripts;C:\Users\Stephen\Anaconda2\Library\bin;C:\Users\Stephen\AppData\Roaming\npm;C:\Users\Stephen\eclipse\java-neon2\eclipse;
USERNAME=Stephen
OS=Windows_NT
PROCESSOR_IDENTIFIER=Intel64 Family 6 Model 94 Stepping 3, GenuineIntel



---------------  S Y S T E M  ---------------

OS: Windows 10.0 , 64 bit Build 10586 (10.0.10586.0)

CPU:total 4 (4 cores per cpu, 1 threads per core) family 6 model 94 stepping 3, cmov, cx8, fxsr, mmx, sse, sse2, sse3, ssse3, sse4.1, sse4.2, popcnt, avx, avx2, aes, clmul, erms, rtm, 3dnowpref, lzcnt, tsc, tscinvbit, bmi1, bmi2, adx

Memory: 4k page, physical 8240396k(450768k free), swap 13137304k(4035212k free)

vm_info: Java HotSpot(TM) 64-Bit Server VM (25.91-b15) for windows-amd64 JRE (1.8.0_91-b15), built on May 20 2016 17:43:15 by "java_re" with MS VC++ 10.0 (VS2010)

time: Sun Oct 30 02:26:49 2016
elapsed time: 23 seconds (0d 0h 0m 23s)

