#
# A fatal error has been detected by the Java Runtime Environment:
#
#  EXCEPTION_ACCESS_VIOLATION (0xc0000005) at pc=0x0000000003a7be21, pid=13844, tid=13812
#
# JRE version: Java(TM) SE Runtime Environment (8.0_91-b14) (build 1.8.0_91-b14)
# Java VM: Java HotSpot(TM) 64-Bit Server VM (25.91-b14 mixed mode windows-amd64 compressed oops)
# Problematic frame:
# J 2687 C1 com.sun.javafx.image.PixelUtils.getIntGetter(Ljavafx/scene/image/PixelFormat;)Lcom/sun/javafx/image/IntPixelGetter; (58 bytes) @ 0x0000000003a7be21 [0x0000000003a7bc40+0x1e1]
#
# Failed to write core dump. Minidumps are not enabled by default on client versions of Windows
#
# If you would like to submit a bug report, please visit:
#   http://bugreport.java.com/bugreport/crash.jsp
# The crash happened outside the Java Virtual Machine in native code.
# See problematic frame for where to report the bug.
#

---------------  T H R E A D  ---------------

Current thread (0x000000001af9c000):  JavaThread "JavaFX Application Thread" [_thread_in_native, id=13812, stack(0x000000001bac0000,0x000000001bbc0000)]

siginfo: ExceptionCode=0xc0000005, reading address 0x00000000018e0100

Registers:
RAX=0x0000000081a38ff0, RBX=0x00000000003cc120, RCX=0x00000000df37dc30, RDX=0x0000000083056d68
RSP=0x000000001bbbd658, RBP=0x000000001bbbd7f0, RSI=0x0000000081a3a5b0, RDI=0x0000000000000001
R8 =0x0000000083056d68, R9 =0x0000000000000000, R10=0x00000000000003ff, R11=0x00000000240e9158
R12=0x0000000000000000, R13=0x0000000000000118, R14=0x0000000000001699, R15=0x000000001af9c000
RIP=0x0000000003a7be21, EFLAGS=0x0000000000010206

Top of Stack: (sp=0x000000001bbbd658)
0x000000001bbbd658:   0000000003baec3c 000000000000058e
0x000000001bbbd668:   0000000003bac224 00000000032d7b75
0x000000001bbbd678:   00000000032d7b75 fffffffffffffffe
0x000000001bbbd688:   00007ffac098d9a0 000000000000058e
0x000000001bbbd698:   00000000000002bc 000000001bbbd6d0
0x000000001bbbd6a8:   000000008133b080 0000000017e026f0
0x000000001bbbd6b8:   0000000000000000 0000058e000002bc
0x000000001bbbd6c8:   0000000083056d68 0000000083056c78
0x000000001bbbd6d8:   0000000000000000 000002bc0000058e
0x000000001bbbd6e8:   0000000000000000 00000000df37dc20
0x000000001bbbd6f8:   0000000000000000 000000001bbbd770
0x000000001bbbd708:   00000000032d81b4 000000001bbbd798
0x000000001bbbd718:   00000000032d835d 000000001bbbd7f0
0x000000001bbbd728:   00000000032d83a2 0000000083058468
0x000000001bbbd738:   0000000000000000 000000000000058e
0x000000001bbbd748:   000000002073c5f0 00000000032d83a2 

Instructions: (pc=0x0000000003a7be21)
0x0000000003a7be01:   ce 00 00 00 90 48 83 c4 30 5d 85 05 ef 42 e6 fd
0x0000000003a7be11:   c3 48 b8 f0 8f a3 81 00 00 00 00 48 83 c4 30 5d
0x0000000003a7be21:   85 05 d9 42 e6 fd c3 48 89 44 24 08 48 c7 04 24
0x0000000003a7be31:   ff ff ff ff e8 66 23 95 ff e9 3f fe ff ff e8 7c 


Register to memory mapping:

RAX=0x0000000081a38ff0 is an oop
com.sun.javafx.image.impl.IntArgb$Accessor 
 - klass: 'com/sun/javafx/image/impl/IntArgb$Accessor'
RBX=0x00000000003cc120 is an unknown value
RCX=0x00000000df37dc30 is an oop

[error occurred during error reporting (printing register info), id 0xc0000005]

Stack: [0x000000001bac0000,0x000000001bbc0000],  sp=0x000000001bbbd658,  free space=1013k
Native frames: (J=compiled Java code, j=interpreted, Vv=VM code, C=native code)
C  0x0000000003a7be21


---------------  P R O C E S S  ---------------

Java Threads: ( => current thread )
  0x000000001b605000 JavaThread "pool-2-thread-8" [_thread_in_native, id=13252, stack(0x000000002c590000,0x000000002c690000)]
  0x000000001b604800 JavaThread "pool-2-thread-9" [_thread_in_native, id=14996, stack(0x000000002c490000,0x000000002c590000)]
  0x000000001b5fd800 JavaThread "pool-2-thread-7" [_thread_blocked, id=13084, stack(0x000000002c390000,0x000000002c490000)]
  0x000000001b603000 JavaThread "pool-2-thread-6" [_thread_blocked, id=14592, stack(0x000000002c290000,0x000000002c390000)]
  0x000000001b53b000 JavaThread "pool-2-thread-5" [_thread_in_native, id=11528, stack(0x000000002bd90000,0x000000002be90000)]
  0x000000001b535000 JavaThread "pool-2-thread-4" [_thread_blocked, id=13820, stack(0x0000000026810000,0x0000000026910000)]
  0x000000001b536800 JavaThread "AWT-EventQueue-0" [_thread_blocked, id=11052, stack(0x0000000026710000,0x0000000026810000)]
  0x000000001b53a000 JavaThread "AWT-Windows" daemon [_thread_in_native, id=14944, stack(0x0000000026610000,0x0000000026710000)]
  0x000000001b539800 JavaThread "AWT-Shutdown" [_thread_blocked, id=8336, stack(0x0000000026510000,0x0000000026610000)]
  0x000000001b53b800 JavaThread "Java2D Disposer" daemon [_thread_blocked, id=14888, stack(0x0000000026410000,0x0000000026510000)]
  0x000000001b538800 JavaThread "TimerQueue" daemon [_thread_blocked, id=11848, stack(0x0000000024150000,0x0000000024250000)]
  0x000000001b535800 JavaThread "Thread-5" [_thread_in_native, id=7892, stack(0x0000000023a90000,0x0000000023b90000)]
  0x000000001b437000 JavaThread "pool-2-thread-3" [_thread_blocked, id=15028, stack(0x0000000023100000,0x0000000023200000)]
  0x000000001b366800 JavaThread "pool-2-thread-2" [_thread_in_native, id=5788, stack(0x0000000022ac0000,0x0000000022bc0000)]
  0x000000001b33e800 JavaThread "pool-2-thread-1" [_thread_blocked, id=15008, stack(0x00000000229c0000,0x0000000022ac0000)]
  0x000000001b04b800 JavaThread "JavaFX-Launcher" [_thread_blocked, id=14208, stack(0x00000000205a0000,0x00000000206a0000)]
  0x000000001b063000 JavaThread "Thread-3" daemon [_thread_in_native, id=9572, stack(0x00000000204a0000,0x00000000205a0000)]
=>0x000000001af9c000 JavaThread "JavaFX Application Thread" [_thread_in_native, id=13812, stack(0x000000001bac0000,0x000000001bbc0000)]
  0x000000001af89000 JavaThread "Thread-1" daemon [_thread_blocked, id=15188, stack(0x000000001b9c0000,0x000000001bac0000)]
  0x000000001af65000 JavaThread "QuantumRenderer-0" daemon [_thread_blocked, id=4716, stack(0x000000001b740000,0x000000001b840000)]
  0x000000001a227800 JavaThread "Service Thread" daemon [_thread_blocked, id=15016, stack(0x000000001ad40000,0x000000001ae40000)]
  0x000000001a1a1000 JavaThread "C1 CompilerThread3" daemon [_thread_blocked, id=15056, stack(0x000000001ac40000,0x000000001ad40000)]
  0x000000001a1a0000 JavaThread "C2 CompilerThread2" daemon [_thread_blocked, id=8264, stack(0x000000001ab40000,0x000000001ac40000)]
  0x000000001a18d000 JavaThread "C2 CompilerThread1" daemon [_thread_blocked, id=14972, stack(0x000000001aa40000,0x000000001ab40000)]
  0x000000001a18a800 JavaThread "C2 CompilerThread0" daemon [_thread_blocked, id=15036, stack(0x000000001a940000,0x000000001aa40000)]
  0x000000001a189000 JavaThread "Attach Listener" daemon [_thread_blocked, id=14240, stack(0x000000001a840000,0x000000001a940000)]
  0x000000001a188000 JavaThread "Signal Dispatcher" daemon [_thread_blocked, id=13260, stack(0x000000001a740000,0x000000001a840000)]
  0x00000000032ce000 JavaThread "Finalizer" daemon [_thread_blocked, id=5996, stack(0x000000001a560000,0x000000001a660000)]
  0x000000001829d800 JavaThread "Reference Handler" daemon [_thread_blocked, id=8000, stack(0x000000001a060000,0x000000001a160000)]
  0x000000000198e000 JavaThread "main" [_thread_blocked, id=5168, stack(0x00000000030d0000,0x00000000031d0000)]

Other Threads:
  0x0000000018299000 VMThread [stack: 0x0000000019f60000,0x000000001a060000] [id=2988]
  0x000000001a23d000 WatcherThread [stack: 0x000000001ae40000,0x000000001af40000] [id=8076]

VM state:not at safepoint (normal execution)

VM Mutex/Monitor currently owned by a thread: None

Heap:
 PSYoungGen      total 180224K, used 160733K [0x00000000d5b80000, 0x00000000eca00000, 0x0000000100000000)
  eden space 179712K, 89% used [0x00000000d5b80000,0x00000000df8374c0,0x00000000e0b00000)
  from space 512K, 50% used [0x00000000ec980000,0x00000000ec9c0000,0x00000000eca00000)
  to   space 15360K, 0% used [0x00000000eac00000,0x00000000eac00000,0x00000000ebb00000)
 ParOldGen       total 87552K, used 44819K [0x0000000081200000, 0x0000000086780000, 0x00000000d5b80000)
  object space 87552K, 51% used [0x0000000081200000,0x0000000083dc4ea0,0x0000000086780000)
 Metaspace       used 19321K, capacity 19946K, committed 20096K, reserved 1067008K
  class space    used 2412K, capacity 2587K, committed 2688K, reserved 1048576K

Card table byte_map: [0x0000000012690000,0x0000000012a90000] byte_map_base: 0x0000000012287000

Marking Bits: (ParMarkBitMap*) 0x0000000071c52f70
 Begin Bits: [0x0000000013540000, 0x00000000154f8000)
 End Bits:   [0x00000000154f8000, 0x00000000174b0000)

Polling page: 0x00000000018e0000

CodeCache: size=245760Kb used=9184Kb max_used=9186Kb free=236575Kb
 bounds [0x00000000032d0000, 0x0000000003be0000, 0x00000000122d0000]
 total_blobs=3541 nmethods=2828 adapters=625
 compilation: enabled

Compilation events (10 events):
Event: 14.000 Thread 0x000000001a1a1000 nmethod 3033 0x00000000036f3650 code [0x00000000036f3800, 0x00000000036f3e58]
Event: 14.000 Thread 0x000000001a1a1000 3034       3       javax.swing.TimerQueue$DelayedTimer::setTime (6 bytes)
Event: 14.000 Thread 0x000000001a1a1000 nmethod 3034 0x0000000003735f50 code [0x00000000037360a0, 0x0000000003736210]
Event: 14.351 Thread 0x000000001a1a0000 3035       4       java.lang.CharacterDataLatin1::isWhitespace (23 bytes)
Event: 14.352 Thread 0x000000001a1a0000 nmethod 3035 0x0000000003bc50d0 code [0x0000000003bc5200, 0x0000000003bc5298]
Event: 14.805 Thread 0x000000001a1a1000 3036       3       javafx.scene.Camera::project (71 bytes)
Event: 14.807 Thread 0x000000001a1a1000 nmethod 3036 0x0000000003bd2fd0 code [0x0000000003bd31e0, 0x0000000003bd3c98]
Event: 14.811 Thread 0x000000001a1a1000 3037       3       com.esri.arcgisruntime.internal.jni.CoreGeometry::l (5 bytes)
Event: 14.811 Thread 0x000000001a1a1000 nmethod 3037 0x00000000035de690 code [0x00000000035de7e0, 0x00000000035de930]
Event: 15.068 Thread 0x000000001a1a1000 3038       3       java.lang.Long::valueOf (36 bytes)

GC Heap History (10 events):
Event: 10.121 GC heap before
{Heap before GC invocations=14 (full 0):
 PSYoungGen      total 239616K, used 219362K [0x00000000d5b80000, 0x00000000ef900000, 0x0000000100000000)
  eden space 222720K, 98% used [0x00000000d5b80000,0x00000000e3178888,0x00000000e3500000)
  from space 16896K, 1% used [0x00000000ed800000,0x00000000ed840010,0x00000000ee880000)
  to   space 16896K, 0% used [0x00000000ee880000,0x00000000ee880000,0x00000000ef900000)
 ParOldGen       total 87552K, used 44555K [0x0000000081200000, 0x0000000086780000, 0x00000000d5b80000)
  object space 87552K, 50% used [0x0000000081200000,0x0000000083d82ea0,0x0000000086780000)
 Metaspace       used 19191K, capacity 19818K, committed 20096K, reserved 1067008K
  class space    used 2412K, capacity 2587K, committed 2688K, reserved 1048576K
Event: 10.123 GC heap after
Heap after GC invocations=14 (full 0):
 PSYoungGen      total 214016K, used 288K [0x00000000d5b80000, 0x00000000ee900000, 0x0000000100000000)
  eden space 213504K, 0% used [0x00000000d5b80000,0x00000000d5b80000,0x00000000e2c00000)
  from space 512K, 56% used [0x00000000ee880000,0x00000000ee8c8000,0x00000000ee900000)
  to   space 16896K, 0% used [0x00000000ec800000,0x00000000ec800000,0x00000000ed880000)
 ParOldGen       total 87552K, used 44611K [0x0000000081200000, 0x0000000086780000, 0x00000000d5b80000)
  object space 87552K, 50% used [0x0000000081200000,0x0000000083d90ea0,0x0000000086780000)
 Metaspace       used 19191K, capacity 19818K, committed 20096K, reserved 1067008K
  class space    used 2412K, capacity 2587K, committed 2688K, reserved 1048576K
}
Event: 11.180 GC heap before
{Heap before GC invocations=15 (full 0):
 PSYoungGen      total 214016K, used 210548K [0x00000000d5b80000, 0x00000000ee900000, 0x0000000100000000)
  eden space 213504K, 98% used [0x00000000d5b80000,0x00000000e28d51a8,0x00000000e2c00000)
  from space 512K, 56% used [0x00000000ee880000,0x00000000ee8c8000,0x00000000ee900000)
  to   space 16896K, 0% used [0x00000000ec800000,0x00000000ec800000,0x00000000ed880000)
 ParOldGen       total 87552K, used 44611K [0x0000000081200000, 0x0000000086780000, 0x00000000d5b80000)
  object space 87552K, 50% used [0x0000000081200000,0x0000000083d90ea0,0x0000000086780000)
 Metaspace       used 19210K, capacity 19818K, committed 20096K, reserved 1067008K
  class space    used 2412K, capacity 2587K, committed 2688K, reserved 1048576K
Event: 11.182 GC heap after
Heap after GC invocations=15 (full 0):
 PSYoungGen      total 221184K, used 352K [0x00000000d5b80000, 0x00000000ee900000, 0x0000000100000000)
  eden space 204288K, 0% used [0x00000000d5b80000,0x00000000d5b80000,0x00000000e2300000)
  from space 16896K, 2% used [0x00000000ec800000,0x00000000ec858010,0x00000000ed880000)
  to   space 16896K, 0% used [0x00000000ed880000,0x00000000ed880000,0x00000000ee900000)
 ParOldGen       total 87552K, used 44651K [0x0000000081200000, 0x0000000086780000, 0x00000000d5b80000)
  object space 87552K, 51% used [0x0000000081200000,0x0000000083d9aea0,0x0000000086780000)
 Metaspace       used 19210K, capacity 19818K, committed 20096K, reserved 1067008K
  class space    used 2412K, capacity 2587K, committed 2688K, reserved 1048576K
}
Event: 12.316 GC heap before
{Heap before GC invocations=16 (full 0):
 PSYoungGen      total 221184K, used 202123K [0x00000000d5b80000, 0x00000000ee900000, 0x0000000100000000)
  eden space 204288K, 98% used [0x00000000d5b80000,0x00000000e208ad50,0x00000000e2300000)
  from space 16896K, 2% used [0x00000000ec800000,0x00000000ec858010,0x00000000ed880000)
  to   space 16896K, 0% used [0x00000000ed880000,0x00000000ed880000,0x00000000ee900000)
 ParOldGen       total 87552K, used 44651K [0x0000000081200000, 0x0000000086780000, 0x00000000d5b80000)
  object space 87552K, 51% used [0x0000000081200000,0x0000000083d9aea0,0x0000000086780000)
 Metaspace       used 19303K, capacity 19946K, committed 20096K, reserved 1067008K
  class space    used 2412K, capacity 2587K, committed 2688K, reserved 1048576K
Event: 12.317 GC heap after
Heap after GC invocations=16 (full 0):
 PSYoungGen      total 196096K, used 288K [0x00000000d5b80000, 0x00000000ed900000, 0x0000000100000000)
  eden space 195584K, 0% used [0x00000000d5b80000,0x00000000d5b80000,0x00000000e1a80000)
  from space 512K, 56% used [0x00000000ed880000,0x00000000ed8c8000,0x00000000ed900000)
  to   space 16384K, 0% used [0x00000000eb900000,0x00000000eb900000,0x00000000ec900000)
 ParOldGen       total 87552K, used 44715K [0x0000000081200000, 0x0000000086780000, 0x00000000d5b80000)
  object space 87552K, 51% used [0x0000000081200000,0x0000000083daaea0,0x0000000086780000)
 Metaspace       used 19303K, capacity 19946K, committed 20096K, reserved 1067008K
  class space    used 2412K, capacity 2587K, committed 2688K, reserved 1048576K
}
Event: 13.301 GC heap before
{Heap before GC invocations=17 (full 0):
 PSYoungGen      total 196096K, used 194125K [0x00000000d5b80000, 0x00000000ed900000, 0x0000000100000000)
  eden space 195584K, 99% used [0x00000000d5b80000,0x00000000e18cb7f0,0x00000000e1a80000)
  from space 512K, 56% used [0x00000000ed880000,0x00000000ed8c8000,0x00000000ed900000)
  to   space 16384K, 0% used [0x00000000eb900000,0x00000000eb900000,0x00000000ec900000)
 ParOldGen       total 87552K, used 44715K [0x0000000081200000, 0x0000000086780000, 0x00000000d5b80000)
  object space 87552K, 51% used [0x0000000081200000,0x0000000083daaea0,0x0000000086780000)
 Metaspace       used 19306K, capacity 19946K, committed 20096K, reserved 1067008K
  class space    used 2412K, capacity 2587K, committed 2688K, reserved 1048576K
Event: 13.302 GC heap after
Heap after GC invocations=17 (full 0):
 PSYoungGen      total 203776K, used 288K [0x00000000d5b80000, 0x00000000ed900000, 0x0000000100000000)
  eden space 187392K, 0% used [0x00000000d5b80000,0x00000000d5b80000,0x00000000e1280000)
  from space 16384K, 1% used [0x00000000eb900000,0x00000000eb948000,0x00000000ec900000)
  to   space 15872K, 0% used [0x00000000ec980000,0x00000000ec980000,0x00000000ed900000)
 ParOldGen       total 87552K, used 44763K [0x0000000081200000, 0x0000000086780000, 0x00000000d5b80000)
  object space 87552K, 51% used [0x0000000081200000,0x0000000083db6ea0,0x0000000086780000)
 Metaspace       used 19306K, capacity 19946K, committed 20096K, reserved 1067008K
  class space    used 2412K, capacity 2587K, committed 2688K, reserved 1048576K
}
Event: 14.312 GC heap before
{Heap before GC invocations=18 (full 0):
 PSYoungGen      total 203776K, used 187457K [0x00000000d5b80000, 0x00000000ed900000, 0x0000000100000000)
  eden space 187392K, 99% used [0x00000000d5b80000,0x00000000e12484f0,0x00000000e1280000)
  from space 16384K, 1% used [0x00000000eb900000,0x00000000eb948000,0x00000000ec900000)
  to   space 15872K, 0% used [0x00000000ec980000,0x00000000ec980000,0x00000000ed900000)
 ParOldGen       total 87552K, used 44763K [0x0000000081200000, 0x0000000086780000, 0x00000000d5b80000)
  object space 87552K, 51% used [0x0000000081200000,0x0000000083db6ea0,0x0000000086780000)
 Metaspace       used 19319K, capacity 19946K, committed 20096K, reserved 1067008K
  class space    used 2412K, capacity 2587K, committed 2688K, reserved 1048576K
Event: 14.313 GC heap after
Heap after GC invocations=18 (full 0):
 PSYoungGen      total 180224K, used 256K [0x00000000d5b80000, 0x00000000eca00000, 0x0000000100000000)
  eden space 179712K, 0% used [0x00000000d5b80000,0x00000000d5b80000,0x00000000e0b00000)
  from space 512K, 50% used [0x00000000ec980000,0x00000000ec9c0000,0x00000000eca00000)
  to   space 15360K, 0% used [0x00000000eac00000,0x00000000eac00000,0x00000000ebb00000)
 ParOldGen       total 87552K, used 44819K [0x0000000081200000, 0x0000000086780000, 0x00000000d5b80000)
  object space 87552K, 51% used [0x0000000081200000,0x0000000083dc4ea0,0x0000000086780000)
 Metaspace       used 19319K, capacity 19946K, committed 20096K, reserved 1067008K
  class space    used 2412K, capacity 2587K, committed 2688K, reserved 1048576K
}

Deoptimization events (10 events):
Event: 0.751 Thread 0x000000001af9c000 Uncommon trap: reason=class_check action=maybe_recompile pc=0x00000000033ee870 method=java.lang.String.equals(Ljava/lang/Object;)Z @ 8
Event: 0.751 Thread 0x000000001af9c000 Uncommon trap: reason=class_check action=maybe_recompile pc=0x00000000033ee870 method=java.lang.String.equals(Ljava/lang/Object;)Z @ 8
Event: 0.751 Thread 0x000000001af9c000 Uncommon trap: reason=class_check action=maybe_recompile pc=0x00000000033ee870 method=java.lang.String.equals(Ljava/lang/Object;)Z @ 8
Event: 0.771 Thread 0x000000001b366800 Uncommon trap: reason=unstable_if action=reinterpret pc=0x00000000035d4f5c method=java.lang.CharacterDataLatin1.digit(II)I @ 82
Event: 0.771 Thread 0x000000001b33e800 Uncommon trap: reason=unstable_if action=reinterpret pc=0x00000000035d4f5c method=java.lang.CharacterDataLatin1.digit(II)I @ 82
Event: 0.771 Thread 0x000000001b437000 Uncommon trap: reason=unstable_if action=reinterpret pc=0x00000000035d3294 method=java.lang.CharacterDataLatin1.digit(II)I @ 82
Event: 0.829 Thread 0x000000001b33e800 Uncommon trap: reason=predicate action=maybe_recompile pc=0x00000000036b333c method=sun.net.www.ParseUtil.encodePath(Ljava/lang/String;Z)Ljava/lang/String; @ 36
Event: 0.899 Thread 0x000000001b366800 Uncommon trap: reason=unstable_if action=reinterpret pc=0x00000000035959dc method=java.lang.String.regionMatches(ZILjava/lang/String;II)Z @ 123
Event: 1.056 Thread 0x000000001af9c000 Uncommon trap: reason=unstable_if action=reinterpret pc=0x00000000036ebf1c method=com.sun.javafx.image.impl.IntArgb$ToByteBgraPreConv.doConvert([III[BIIII)V @ 29
Event: 2.925 Thread 0x000000001b604800 Uncommon trap: reason=unstable_if action=reinterpret pc=0x00000000035fa610 method=java.io.ByteArrayInputStream.read()I @ 8

Internal exceptions (10 events):
Event: 14.791 Thread 0x000000001b535000 Exception <a 'java/net/SocketTimeoutException': Read timed out> (0x00000000da96c698) thrown at [C:\re\workspace\8-2-build-windows-amd64-cygwin\jdk8u91\6644\hotspot\src\share\vm\prims\jni.cpp, line 735]
Event: 14.843 Thread 0x000000001b5fd800 Exception <a 'java/net/SocketTimeoutException': Read timed out> (0x00000000dbb709e8) thrown at [C:\re\workspace\8-2-build-windows-amd64-cygwin\jdk8u91\6644\hotspot\src\share\vm\prims\jni.cpp, line 735]
Event: 14.883 Thread 0x000000001b366800 Exception <a 'java/net/SocketTimeoutException': Read timed out> (0x00000000dce8cb70) thrown at [C:\re\workspace\8-2-build-windows-amd64-cygwin\jdk8u91\6644\hotspot\src\share\vm\prims\jni.cpp, line 735]
Event: 14.918 Thread 0x000000001b605000 Exception <a 'java/net/SocketTimeoutException': Read timed out> (0x00000000dce8a780) thrown at [C:\re\workspace\8-2-build-windows-amd64-cygwin\jdk8u91\6644\hotspot\src\share\vm\prims\jni.cpp, line 735]
Event: 14.928 Thread 0x000000001b603000 Exception <a 'java/net/SocketTimeoutException': Read timed out> (0x00000000db23ad48) thrown at [C:\re\workspace\8-2-build-windows-amd64-cygwin\jdk8u91\6644\hotspot\src\share\vm\prims\jni.cpp, line 735]
Event: 14.931 Thread 0x000000001b437000 Exception <a 'java/net/SocketTimeoutException': Read timed out> (0x00000000dce93b38) thrown at [C:\re\workspace\8-2-build-windows-amd64-cygwin\jdk8u91\6644\hotspot\src\share\vm\prims\jni.cpp, line 735]
Event: 14.945 Thread 0x000000001b535000 Exception <a 'java/net/SocketTimeoutException': Read timed out> (0x00000000dd345360) thrown at [C:\re\workspace\8-2-build-windows-amd64-cygwin\jdk8u91\6644\hotspot\src\share\vm\prims\jni.cpp, line 735]
Event: 14.965 Thread 0x000000001b366800 Exception <a 'java/net/SocketTimeoutException': Read timed out> (0x00000000dd787d58) thrown at [C:\re\workspace\8-2-build-windows-amd64-cygwin\jdk8u91\6644\hotspot\src\share\vm\prims\jni.cpp, line 735]
Event: 14.980 Thread 0x000000001b33e800 Exception <a 'java/net/SocketTimeoutException': Read timed out> (0x00000000dce91630) thrown at [C:\re\workspace\8-2-build-windows-amd64-cygwin\jdk8u91\6644\hotspot\src\share\vm\prims\jni.cpp, line 735]
Event: 15.030 Thread 0x000000001b53b000 Exception <a 'java/net/SocketTimeoutException': Read timed out> (0x00000000dd8bf968) thrown at [C:\re\workspace\8-2-build-windows-amd64-cygwin\jdk8u91\6644\hotspot\src\share\vm\prims\jni.cpp, line 735]

Events (10 events):
Event: 15.035 Thread 0x0000000034000000 Thread added: 0x0000000034000000
Event: 15.035 Thread 0x0000000034000000 Thread exited: 0x0000000034000000
Event: 15.052 Thread 0x0000000034002800 Thread added: 0x0000000034002800
Event: 15.052 Thread 0x0000000034002800 Thread exited: 0x0000000034002800
Event: 15.052 Thread 0x0000000034001800 Thread added: 0x0000000034001800
Event: 15.052 Thread 0x0000000034001800 Thread exited: 0x0000000034001800
Event: 15.068 Thread 0x000000001b5fe800 Thread added: 0x000000001b5fe800
Event: 15.068 Thread 0x000000001b5fe800 Thread exited: 0x000000001b5fe800
Event: 15.068 Thread 0x0000000033fce800 Thread added: 0x0000000033fce800
Event: 15.068 Executing VM operation: RevokeBias


Dynamic libraries:
0x00007ff736360000 - 0x00007ff736397000 	C:\Program Files\Java\jre1.8.0_91\bin\javaw.exe
0x00007ffb02720000 - 0x00007ffb028e1000 	C:\WINDOWS\SYSTEM32\ntdll.dll
0x00007ffb00360000 - 0x00007ffb0040d000 	C:\WINDOWS\system32\KERNEL32.DLL
0x00007ffafef40000 - 0x00007ffaff128000 	C:\WINDOWS\system32\KERNELBASE.dll
0x00007ffb02650000 - 0x00007ffb026f7000 	C:\WINDOWS\system32\ADVAPI32.dll
0x00007ffb001b0000 - 0x00007ffb0024d000 	C:\WINDOWS\system32\msvcrt.dll
0x00007ffb00930000 - 0x00007ffb0098b000 	C:\WINDOWS\system32\sechost.dll
0x00007ffaffb20000 - 0x00007ffaffc3c000 	C:\WINDOWS\system32\RPCRT4.dll
0x00007ffb00b60000 - 0x00007ffb00cb6000 	C:\WINDOWS\system32\USER32.dll
0x00007ffb00cc0000 - 0x00007ffb00e46000 	C:\WINDOWS\system32\GDI32.dll
0x00007ffafa450000 - 0x00007ffafa6c4000 	C:\WINDOWS\WinSxS\amd64_microsoft.windows.common-controls_6595b64144ccf1df_6.0.10586.589_none_a2ddb3caa539acce\COMCTL32.dll
0x00007ffb00560000 - 0x00007ffb007dd000 	C:\WINDOWS\system32\combase.dll
0x00007ffaffab0000 - 0x00007ffaffb1a000 	C:\WINDOWS\system32\bcryptPrimitives.dll
0x00007ffb00520000 - 0x00007ffb0055b000 	C:\WINDOWS\system32\IMM32.DLL
0x00000000711e0000 - 0x00000000712b2000 	C:\Program Files\Java\jre1.8.0_91\bin\msvcr100.dll
0x0000000071440000 - 0x0000000071cd3000 	C:\Program Files\Java\jre1.8.0_91\bin\server\jvm.dll
0x00007ffb00e50000 - 0x00007ffb00e58000 	C:\WINDOWS\system32\PSAPI.DLL
0x00007ffae8300000 - 0x00007ffae8309000 	C:\WINDOWS\SYSTEM32\WSOCK32.dll
0x00007ffafd300000 - 0x00007ffafd323000 	C:\WINDOWS\SYSTEM32\WINMM.dll
0x00007ffafab90000 - 0x00007ffafab9a000 	C:\WINDOWS\SYSTEM32\VERSION.dll
0x00007ffb00af0000 - 0x00007ffb00b5b000 	C:\WINDOWS\system32\WS2_32.dll
0x0000000001910000 - 0x000000000193c000 	C:\WINDOWS\SYSTEM32\WINMMBASE.dll
0x00007ffaff130000 - 0x00007ffaff173000 	C:\WINDOWS\system32\cfgmgr32.dll
0x0000000071350000 - 0x000000007135f000 	C:\Program Files\Java\jre1.8.0_91\bin\verify.dll
0x0000000071320000 - 0x0000000071349000 	C:\Program Files\Java\jre1.8.0_91\bin\java.dll
0x0000000071300000 - 0x0000000071316000 	C:\Program Files\Java\jre1.8.0_91\bin\zip.dll
0x00007ffb00ec0000 - 0x00007ffb0241c000 	C:\WINDOWS\system32\SHELL32.dll
0x00007ffaff230000 - 0x00007ffaff875000 	C:\WINDOWS\system32\windows.storage.dll
0x00007ffb02440000 - 0x00007ffb02492000 	C:\WINDOWS\system32\shlwapi.dll
0x00007ffafed60000 - 0x00007ffafed6f000 	C:\WINDOWS\system32\kernel.appcore.dll
0x00007ffafedd0000 - 0x00007ffafee85000 	C:\WINDOWS\system32\shcore.dll
0x00007ffafed70000 - 0x00007ffafedbb000 	C:\WINDOWS\system32\powrprof.dll
0x00007ffafed40000 - 0x00007ffafed54000 	C:\WINDOWS\system32\profapi.dll
0x00007ffad8210000 - 0x00007ffad82ff000 	C:\Program Files\Java\jre1.8.0_91\bin\msvcr120.dll
0x00007ffae9c30000 - 0x00007ffae9cd6000 	C:\Program Files\Java\jre1.8.0_91\bin\msvcp120.dll
0x0000000071120000 - 0x0000000071143000 	C:\Program Files\Java\jre1.8.0_91\bin\prism_d3d.dll
0x00007ffae70e0000 - 0x00007ffae72f0000 	C:\WINDOWS\system32\d3d9.dll
0x00007ffafc5a0000 - 0x00007ffafc5c2000 	C:\WINDOWS\SYSTEM32\dwmapi.dll
0x00007ffafd770000 - 0x00007ffafd806000 	C:\WINDOWS\system32\uxtheme.dll
0x00007ffac7620000 - 0x00007ffac96d9000 	C:\WINDOWS\SYSTEM32\igdumdim64.dll
0x00007ffaffd80000 - 0x00007ffb001a9000 	C:\WINDOWS\system32\SETUPAPI.dll
0x00007ffaffcb0000 - 0x00007ffaffd76000 	C:\WINDOWS\system32\OLEAUT32.dll
0x00007ffb007e0000 - 0x00007ffb00923000 	C:\WINDOWS\system32\ole32.dll
0x0000000070cc0000 - 0x0000000070d03000 	C:\Program Files\Java\jre1.8.0_91\bin\glass.dll
0x00007ffb00410000 - 0x00007ffb0051b000 	C:\WINDOWS\system32\COMDLG32.dll
0x00007ffafeeb0000 - 0x00007ffafef36000 	C:\WINDOWS\system32\FirewallAPI.dll
0x00007ffafee90000 - 0x00007ffafeea7000 	C:\WINDOWS\system32\NETAPI32.dll
0x00007ffaf99f0000 - 0x00007ffaf99fc000 	C:\WINDOWS\SYSTEM32\DAVHLPR.DLL
0x00007ffafdac0000 - 0x00007ffafdaf2000 	C:\WINDOWS\SYSTEM32\fwbase.dll
0x00007ffb00990000 - 0x00007ffb00aea000 	C:\WINDOWS\system32\MSCTF.dll
0x00007ffad0ff0000 - 0x00007ffad1058000 	C:\Program Files (x86)\Overwolf\0.98.211.0\x64\OWExplorer.dll
0x00007ffae6000000 - 0x00007ffae618c000 	C:\WINDOWS\SYSTEM32\dbghelp.dll
0x00007ffae26a0000 - 0x00007ffae26c5000 	C:\WINDOWS\SYSTEM32\dbgcore.DLL
0x00007ffae7e20000 - 0x00007ffae7ec3000 	C:\Program Files\Common Files\microsoft shared\ink\tiptsf.dll
0x00007ffaf8290000 - 0x00007ffaf8caf000 	C:\WINDOWS\SYSTEM32\igdusc64.dll
0x0000000070ca0000 - 0x0000000070cb4000 	C:\Program Files\Java\jre1.8.0_91\bin\javafx_font.dll
0x00007ffaed0b0000 - 0x00007ffaed30f000 	C:\WINDOWS\SYSTEM32\dwrite.dll
0x00007ffac0900000 - 0x00007ffac31ec000 	C:\Users\Benjamin\110workspace\HackNC\jniLibs\WIN64\runtimecore_java.dll
0x00007ffad08b0000 - 0x00007ffad08c7000 	C:\WINDOWS\SYSTEM32\VCRUNTIME140.dll
0x00007ffad0810000 - 0x00007ffad08ad000 	C:\WINDOWS\SYSTEM32\MSVCP140.dll
0x00007ffafdee0000 - 0x00007ffafdfd4000 	C:\WINDOWS\SYSTEM32\ucrtbase.dll
0x00007ffafe7e0000 - 0x00007ffafe7eb000 	C:\WINDOWS\SYSTEM32\CRYPTBASE.DLL
0x00007ffafc2f0000 - 0x00007ffafc598000 	C:\WINDOWS\SYSTEM32\d3d11.dll
0x00007ffafc220000 - 0x00007ffafc2c2000 	C:\WINDOWS\SYSTEM32\dxgi.dll
0x00007ffaf8cb0000 - 0x00007ffaf99b3000 	C:\WINDOWS\SYSTEM32\igd10iumd64.dll
0x00007ffafe8b0000 - 0x00007ffafe8d7000 	C:\WINDOWS\SYSTEM32\ncrypt.dll
0x00007ffafec70000 - 0x00007ffafec99000 	C:\WINDOWS\SYSTEM32\bcrypt.dll
0x00007ffafe870000 - 0x00007ffafe8aa000 	C:\WINDOWS\SYSTEM32\NTASN1.dll
0x00000000710f0000 - 0x0000000071114000 	C:\Program Files\Java\jre1.8.0_91\bin\sunec.dll
0x00007ffafe6c0000 - 0x00007ffafe6d7000 	C:\WINDOWS\SYSTEM32\CRYPTSP.dll
0x00007ffafe350000 - 0x00007ffafe384000 	C:\WINDOWS\system32\rsaenh.dll
0x00007ffafe4a0000 - 0x00007ffafe4bf000 	C:\WINDOWS\SYSTEM32\USERENV.dll
0x00000000712e0000 - 0x00000000712fa000 	C:\Program Files\Java\jre1.8.0_91\bin\net.dll
0x00007ffafe610000 - 0x00007ffafe66c000 	C:\WINDOWS\system32\mswsock.dll
0x00007ffafbc40000 - 0x00007ffafbc78000 	C:\WINDOWS\SYSTEM32\IPHLPAPI.DLL
0x00007ffb02710000 - 0x00007ffb02718000 	C:\WINDOWS\system32\NSI.dll
0x00007ffaf5880000 - 0x00007ffaf5896000 	C:\WINDOWS\SYSTEM32\dhcpcsvc6.DLL
0x00007ffaf5860000 - 0x00007ffaf587a000 	C:\WINDOWS\SYSTEM32\dhcpcsvc.DLL
0x00000000712c0000 - 0x00000000712d1000 	C:\Program Files\Java\jre1.8.0_91\bin\nio.dll
0x00007ffb002b0000 - 0x00007ffb00357000 	C:\WINDOWS\system32\clbcatq.dll
0x00007ffafb3c0000 - 0x00007ffafb571000 	C:\WINDOWS\SYSTEM32\WindowsCodecs.dll
0x00007ffae1f80000 - 0x00007ffae1fca000 	C:\WINDOWS\system32\dataexchange.dll
0x00007ffafce80000 - 0x00007ffafcf63000 	C:\WINDOWS\system32\dcomp.dll
0x00007ffafd860000 - 0x00007ffafd960000 	C:\WINDOWS\system32\twinapi.appcore.dll
0x00007ffaed490000 - 0x00007ffaed4c4000 	C:\Program Files\Common Files\Microsoft Shared\Ink\rtscom.dll
0x00007ffaeb9f0000 - 0x00007ffaeba01000 	C:\Users\Benjamin\110workspace\HackNC\xboxcontroller64.dll
0x00007ffafcaa0000 - 0x00007ffafcaa7000 	C:\WINDOWS\SYSTEM32\XINPUT9_1_0.dll
0x0000000070c00000 - 0x0000000070c98000 	C:\WINDOWS\SYSTEM32\MSVCP100.dll
0x00007ffafd6c0000 - 0x00007ffafd76a000 	C:\WINDOWS\SYSTEM32\DNSAPI.dll
0x0000000072670000 - 0x0000000072696000 	C:\Program Files\Bonjour\mdnsNSP.dll
0x00007ffaf1a40000 - 0x00007ffaf1a4a000 	C:\Windows\System32\rasadhlp.dll
0x00007ffaf59a0000 - 0x00007ffaf5a07000 	C:\WINDOWS\System32\fwpuclnt.dll
0x00007ffaf3540000 - 0x00007ffaf354e000 	C:\WINDOWS\SYSTEM32\XInput1_4.dll
0x00007ffafd810000 - 0x00007ffafd837000 	C:\WINDOWS\SYSTEM32\DEVOBJ.dll
0x0000000070de0000 - 0x0000000070f78000 	C:\Program Files\Java\jre1.8.0_91\bin\awt.dll
0x00007ffafd420000 - 0x00007ffafd499000 	C:\WINDOWS\system32\apphelp.dll
0x00007ffae7970000 - 0x00007ffae7acc000 	C:\Windows\System32\uiautomationcore.dll
0x00007ffafebd0000 - 0x00007ffafec69000 	C:\WINDOWS\SYSTEM32\sxs.dll
0x00007ffaf7f80000 - 0x00007ffaf7fea000 	C:\WINDOWS\SYSTEM32\OLEACC.dll

VM Arguments:
jvm_args: -Dfile.encoding=UTF-8 
java_command: demoApp.Test
java_class_path (initial): C:\Users\Benjamin\110workspace\HackNC\bin;C:\Users\Benjamin\110workspace\HackNC\arcgis-java-sdk-100.0.0-beta-2\libs\arcgis-java-api.jar;C:\Users\Benjamin\110workspace\HackNC\arcgis-java-sdk-100.0.0-beta-2\libs\arcgis-java-javadoc.jar;C:\Users\Benjamin\110workspace\HackNC\arcgis-java-sdk-100.0.0-beta-2\libs\commons-codec-1.6.jar;C:\Users\Benjamin\110workspace\HackNC\arcgis-java-sdk-100.0.0-beta-2\libs\commons-logging-1.1.3.jar;C:\Users\Benjamin\110workspace\HackNC\arcgis-java-sdk-100.0.0-beta-2\libs\gson-2.3.1.jar;C:\Users\Benjamin\110workspace\HackNC\arcgis-java-sdk-100.0.0-beta-2\libs\httpclient-4.3.6.jar;C:\Users\Benjamin\110workspace\HackNC\arcgis-java-sdk-100.0.0-beta-2\libs\httpcore-4.3.3.jar;C:\Users\Benjamin\110workspace\HackNC\XboxController (1)\lib\jaw.jar;C:\Users\Benjamin\110workspace\HackNC\XboxController (1)\lib\XboxController.jar
Launcher Type: SUN_STANDARD

Environment Variables:
CLASSPATH=;C\introcs
PATH=C:/Program Files/Java/jre1.8.0_91/bin/server;C:/Program Files/Java/jre1.8.0_91/bin;C:/Program Files/Java/jre1.8.0_91/lib/amd64;C:\Program Files\Oculus\Support\oculus-runtime;C:\Program Files (x86)\Razer Chroma SDK\bin;C:\Program Files\Razer Chroma SDK\bin;C:\ProgramData\Oracle\Java\javapath;C:\Program Files (x86)\Intel\iCLS Client\;C:\Program Files\Intel\iCLS Client\;C:\WINDOWS\system32;C:\WINDOWS;C:\WINDOWS\System32\Wbem;C:\WINDOWS\System32\WindowsPowerShell\v1.0\;C:\Program Files (x86)\Hewlett-Packard\HP Performance Advisor;c:\Program Files\Intel\WiFi\bin\;c:\Program Files\Common Files\Intel\WirelessCommon\;C:\Program Files\Intel\Intel(R) Management Engine Components\DAL;C:\Program Files (x86)\Intel\Intel(R) Management Engine Components\DAL;C:\Program Files\Intel\Intel(R) Management Engine Components\IPT;C:\Program Files (x86)\Intel\Intel(R) Management Engine Components\IPT;C:\Program Files (x86)\NVIDIA Corporation\PhysX\Common;C:\WINDOWS\system32;C:\WINDOWS;C:\WINDOWS\System32\Wbem;C:\WINDOWS\System32\WindowsPowerShell\v1.0\;C:\TDM-GCC-64\bin;C:\Program Files\Java\jdk1.8.0_51\bin;C:\Users\Benjamin\.dnx\bin;C:\Program Files\Microsoft DNX\Dnvm\;C:\Program Files (x86)\Windows Kits\8.1\Windows Performance Toolkit\;C:\Program Files (x86)\GtkSharp\2.12\bin;C:\Program Files (x86)\Skype\Phone\;C:\Program Files (x86)\Google\Google Apps Sync\;C:\Program Files (x86)\Google\Google Apps Migration\;C:\HashiCorp\Vagrant\bin;C:\Program Files (x86)\SSH Communications Security\SSH Secure Shell;C:\Users\Benjamin\Desktop;
USERNAME=Benjamin
OS=Windows_NT
PROCESSOR_IDENTIFIER=Intel64 Family 6 Model 60 Stepping 3, GenuineIntel



---------------  S Y S T E M  ---------------

OS: Windows 10.0 , 64 bit Build 10586 (10.0.10586.589)

CPU:total 8 (4 cores per cpu, 2 threads per core) family 6 model 60 stepping 3, cmov, cx8, fxsr, mmx, sse, sse2, sse3, ssse3, sse4.1, sse4.2, popcnt, avx, avx2, aes, clmul, erms, lzcnt, ht, tsc, tscinvbit, bmi1, bmi2

Memory: 4k page, physical 8312856k(2403044k free), swap 12769304k(2751020k free)

vm_info: Java HotSpot(TM) 64-Bit Server VM (25.91-b14) for windows-amd64 JRE (1.8.0_91-b14), built on Apr  1 2016 00:58:32 by "java_re" with MS VC++ 10.0 (VS2010)

time: Sat Oct 29 23:01:07 2016
elapsed time: 15 seconds (0d 0h 0m 15s)

