#
# A fatal error has been detected by the Java Runtime Environment:
#
#  EXCEPTION_ACCESS_VIOLATION (0xc0000005) at pc=0x0000000002da69d5, pid=10636, tid=10392
#
# JRE version: Java(TM) SE Runtime Environment (8.0_91-b15) (build 1.8.0_91-b15)
# Java VM: Java HotSpot(TM) 64-Bit Server VM (25.91-b15 mixed mode windows-amd64 compressed oops)
# Problematic frame:
# J 1356 C2 com.sun.javafx.image.impl.IntArgb$ToByteBgraPreConv.doConvert([III[BIIII)V (209 bytes) @ 0x0000000002da69d5 [0x0000000002da6980+0x55]
#
# Failed to write core dump. Minidumps are not enabled by default on client versions of Windows
#
# If you would like to submit a bug report, please visit:
#   http://bugreport.java.com/bugreport/crash.jsp
# The crash happened outside the Java Virtual Machine in native code.
# See problematic frame for where to report the bug.
#

---------------  T H R E A D  ---------------

Current thread (0x0000000019113000):  JavaThread "JavaFX Application Thread" [_thread_in_native, id=10392, stack(0x0000000019670000,0x0000000019770000)]

siginfo: ExceptionCode=0xc0000005, reading address 0x00000000005f0000

Registers:
RAX=0x000000000009d404, RBX=0x000000000009d404, RCX=0x0000000000000000, RDX=0x0000000000275010
RSP=0x000000001976d388, RBP=0x000000001976d810, RSI=0x00000000d834b7a8, RDI=0x00000000ffd8c1c0
R8 =0x00000000837930b0, R9 =0x0000000000000000, R10=0x00000000fff63070, R11=0x00000000ffffffff
R12=0x0000000000000000, R13=0x00000000ff434f37, R14=0x0000000000004c13, R15=0x0000000019113000
RIP=0x0000000002da69d5, EFLAGS=0x0000000000010202

Top of Stack: (sp=0x000000001976d388)
0x000000001976d388:   00000000034077e4 00007ffd000011d0
0x000000001976d398:   0009d4040009d404 0000000000000001
0x000000001976d3a8:   00007ffdc83cf391 00000000191131f8
0x000000001976d3b8:   00000000832d6448 0000000000000000
0x000000001976d3c8:   0000023500000474 00000000832947b0
0x000000001976d3d8:   0000000083275260 0000000083275238
0x000000001976d3e8:   000000001f7ffb30 000000001976d810
0x000000001976d3f8:   000000000332dbdc 00000000000011d0
0x000000001976d408:   ffffffff00000474 3ff0000000000235
0x000000001976d418:   0000f4292b453d05 0000000019113000
0x000000001976d428:   000000001976d3b8 0000000000000474
0x000000001976d438:   0000000000000235 0000000000000235
0x000000001976d448:   00000000032f0224 000000001976d8c0
0x000000001976d458:   00000000031f7b01 0000047400000235
0x000000001976d468:   00000000832947b0 00000000832d6448
0x000000001976d478:   0000000000000000 0000023500000474 

Instructions: (pc=0x0000000002da69d5)
0x0000000002da69b5:   85 db 7c 17 44 8b d7 44 2b 54 24 58 8b 54 24 58
0x0000000002da69c5:   c1 e2 02 8b 7c 24 50 2b fa eb 41 48 83 c4 40 5d
0x0000000002da69d5:   85 05 25 96 84 fd c3 83 c5 04 8b 5c 24 5c c4 c1
0x0000000002da69e5:   79 7e ca c4 c1 f9 7e c0 c4 c1 79 7e db c5 f9 7e 


Register to memory mapping:

RAX=0x000000000009d404 is an unknown value
RBX=0x000000000009d404 is an unknown value
RCX=0x0000000000000000 is an unknown value
RDX=0x0000000000275010 is an unknown value
RSP=0x000000001976d388 is pointing into the stack for thread: 0x0000000019113000
RBP=0x000000001976d810 is pointing into the stack for thread: 0x0000000019113000
RSI=0x00000000d834b7a8 is an oop
[B 
 - klass: {type array byte}
 - length: 2576400
RDI=0x00000000ffd8c1c0 is an unallocated location in the heap
R8 =0x00000000837930b0 is an oop
[I 
 - klass: {type array int}
 - length: 644100
R9 =0x0000000000000000 is an unknown value
R10=0x00000000fff63070 is an unallocated location in the heap
R11=0x00000000ffffffff is an unallocated location in the heap
R12=0x0000000000000000 is an unknown value
R13=0x00000000ff434f37 is an unallocated location in the heap
R14=0x0000000000004c13 is an unknown value
R15=0x0000000019113000 is a thread


Stack: [0x0000000019670000,0x0000000019770000],  sp=0x000000001976d388,  free space=1012k
Native frames: (J=compiled Java code, j=interpreted, Vv=VM code, C=native code)
C  0x0000000002da69d5


---------------  P R O C E S S  ---------------

Java Threads: ( => current thread )
  0x000000002765b800 JavaThread "pool-2-thread-34" [_thread_blocked, id=11224, stack(0x0000000053e40000,0x0000000053f40000)]
  0x0000000018ee9800 JavaThread "pool-2-thread-31" [_thread_blocked, id=10528, stack(0x0000000053d40000,0x0000000053e40000)]
  0x000000002046d000 JavaThread "pool-2-thread-32" [_thread_blocked, id=11228, stack(0x0000000053b40000,0x0000000053c40000)]
  0x0000000018eeb800 JavaThread "pool-2-thread-33" [_thread_in_native, id=9596, stack(0x0000000053a40000,0x0000000053b40000)]
  0x000000002765a800 JavaThread "pool-2-thread-35" [_thread_in_native, id=10064, stack(0x0000000053940000,0x0000000053a40000)]
  0x00000000202bf800 JavaThread "AWT-EventQueue-0" [_thread_blocked, id=7800, stack(0x0000000035d40000,0x0000000035e40000)]
  0x00000000202be800 JavaThread "AWT-Windows" daemon [_thread_in_native, id=10128, stack(0x0000000035c40000,0x0000000035d40000)]
  0x00000000202bb800 JavaThread "AWT-Shutdown" [_thread_blocked, id=10764, stack(0x00000000350d0000,0x00000000351d0000)]
  0x00000000202bb000 JavaThread "Java2D Disposer" daemon [_thread_blocked, id=10420, stack(0x0000000034fd0000,0x00000000350d0000)]
  0x00000000202ba000 JavaThread "TimerQueue" daemon [_thread_blocked, id=10136, stack(0x00000000345f0000,0x00000000346f0000)]
  0x00000000202b9800 JavaThread "Thread-5" [_thread_in_native, id=2212, stack(0x0000000034310000,0x0000000034410000)]
  0x00000000202be000 JavaThread "Prism Font Disposer" daemon [_thread_blocked, id=5336, stack(0x0000000034210000,0x0000000034310000)]
  0x000000001fdaf800 JavaThread "JavaFX-Launcher" [_thread_blocked, id=9372, stack(0x00000000205e0000,0x00000000206e0000)]
  0x000000001fdae800 JavaThread "Thread-2" daemon [_thread_in_native, id=10680, stack(0x00000000204e0000,0x00000000205e0000)]
=>0x0000000019113000 JavaThread "JavaFX Application Thread" [_thread_in_native, id=10392, stack(0x0000000019670000,0x0000000019770000)]
  0x000000001910a000 JavaThread "Thread-1" daemon [_thread_blocked, id=6312, stack(0x0000000019570000,0x0000000019670000)]
  0x00000000190ca800 JavaThread "QuantumRenderer-0" daemon [_thread_blocked, id=11248, stack(0x0000000019330000,0x0000000019430000)]
  0x000000001745e000 JavaThread "Service Thread" daemon [_thread_blocked, id=7732, stack(0x0000000019130000,0x0000000019230000)]
  0x000000001740d000 JavaThread "C1 CompilerThread2" daemon [_thread_blocked, id=9932, stack(0x0000000018c30000,0x0000000018d30000)]
  0x0000000017409800 JavaThread "C2 CompilerThread1" daemon [_thread_blocked, id=5608, stack(0x0000000018b30000,0x0000000018c30000)]
  0x00000000173fe800 JavaThread "C2 CompilerThread0" daemon [_thread_blocked, id=11236, stack(0x0000000018a30000,0x0000000018b30000)]
  0x00000000173fd800 JavaThread "Attach Listener" daemon [_thread_blocked, id=11108, stack(0x0000000018930000,0x0000000018a30000)]
  0x00000000173fc800 JavaThread "Signal Dispatcher" daemon [_thread_blocked, id=4484, stack(0x0000000018830000,0x0000000018930000)]
  0x00000000173ea800 JavaThread "Finalizer" daemon [_thread_blocked, id=2528, stack(0x0000000018650000,0x0000000018750000)]
  0x0000000002931800 JavaThread "Reference Handler" daemon [_thread_blocked, id=11084, stack(0x0000000018550000,0x0000000018650000)]
  0x000000000283d800 JavaThread "main" [_thread_blocked, id=5408, stack(0x0000000002670000,0x0000000002770000)]

Other Threads:
  0x00000000173c7000 VMThread [stack: 0x0000000018450000,0x0000000018550000] [id=10968]
  0x0000000018d76000 WatcherThread [stack: 0x0000000019230000,0x0000000019330000] [id=10008]

VM state:not at safepoint (normal execution)

VM Mutex/Monitor currently owned by a thread: None

Heap:
 PSYoungGen      total 125440K, used 38085K [0x00000000d6180000, 0x00000000f1780000, 0x0000000100000000)
  eden space 119808K, 31% used [0x00000000d6180000,0x00000000d8689710,0x00000000dd680000)
  from space 5632K, 2% used [0x00000000f0c80000,0x00000000f0ca8000,0x00000000f1200000)
  to   space 5120K, 0% used [0x00000000f1280000,0x00000000f1280000,0x00000000f1780000)
 ParOldGen       total 83456K, used 31703K [0x0000000082400000, 0x0000000087580000, 0x00000000d6180000)
  object space 83456K, 37% used [0x0000000082400000,0x00000000842f5df0,0x0000000087580000)
 Metaspace       used 23108K, capacity 23784K, committed 24064K, reserved 1071104K
  class space    used 2844K, capacity 3020K, committed 3072K, reserved 1048576K

Card table byte_map: [0x0000000011d00000,0x00000000120f0000] byte_map_base: 0x00000000118ee000

Marking Bits: (ParMarkBitMap*) 0x0000000077032f70
 Begin Bits: [0x0000000012790000, 0x0000000014700000)
 End Bits:   [0x0000000014700000, 0x0000000016670000)

Polling page: 0x00000000005f0000

CodeCache: size=245760Kb used=11781Kb max_used=11797Kb free=233978Kb
 bounds [0x0000000002940000, 0x0000000003500000, 0x0000000011940000]
 total_blobs=4301 nmethods=3531 adapters=682
 compilation: enabled

Compilation events (10 events):
Event: 78.882 Thread 0x000000001740d000 3986       3       com.sun.prism.impl.BaseResourcePool::freeDisposalRequestedAndCheckResources (156 bytes)
Event: 78.883 Thread 0x000000001740d000 nmethod 3986 0x0000000002de0ed0 code [0x0000000002de1100, 0x0000000002de2148]
Event: 79.282 Thread 0x000000001740d000 3987   !   3       java.nio.charset.CharsetEncoder::encode (285 bytes)
Event: 79.284 Thread 0x000000001740d000 nmethod 3987 0x0000000002e40a90 code [0x0000000002e40d60, 0x0000000002e42358]
Event: 79.285 Thread 0x000000001740d000 3988       3       sun.nio.cs.UTF_8$Encoder::encodeLoop (28 bytes)
Event: 79.285 Thread 0x000000001740d000 nmethod 3988 0x0000000002df3f90 code [0x0000000002df4120, 0x0000000002df4658]
Event: 79.383 Thread 0x000000001740d000 3990   !   3       java.io.BufferedWriter::write (117 bytes)
Event: 79.384 Thread 0x000000001740d000 nmethod 3990 0x0000000002e0fd10 code [0x0000000002e0fee0, 0x0000000002e10648]
Event: 79.385 Thread 0x000000001740d000 3989       3       java.io.Writer::write (11 bytes)
Event: 79.386 Thread 0x000000001740d000 nmethod 3989 0x0000000002ea0a10 code [0x0000000002ea0b80, 0x0000000002ea0e88]

GC Heap History (10 events):
Event: 69.187 GC heap before
{Heap before GC invocations=38 (full 1):
 PSYoungGen      total 145408K, used 143516K [0x00000000d6180000, 0x00000000f2380000, 0x0000000100000000)
  eden space 144896K, 98% used [0x00000000d6180000,0x00000000ded7f210,0x00000000def00000)
  from space 512K, 31% used [0x00000000f2300000,0x00000000f2328000,0x00000000f2380000)
  to   space 7680K, 0% used [0x00000000f1480000,0x00000000f1480000,0x00000000f1c00000)
 ParOldGen       total 83456K, used 31615K [0x0000000082400000, 0x0000000087580000, 0x00000000d6180000)
  object space 83456K, 37% used [0x0000000082400000,0x00000000842dfdf0,0x0000000087580000)
 Metaspace       used 23087K, capacity 23720K, committed 23808K, reserved 1071104K
  class space    used 2844K, capacity 3020K, committed 3072K, reserved 1048576K
Event: 69.189 GC heap after
Heap after GC invocations=38 (full 1):
 PSYoungGen      total 146944K, used 160K [0x00000000d6180000, 0x00000000f2380000, 0x0000000100000000)
  eden space 139264K, 0% used [0x00000000d6180000,0x00000000d6180000,0x00000000de980000)
  from space 7680K, 2% used [0x00000000f1480000,0x00000000f14a8000,0x00000000f1c00000)
  to   space 7168K, 0% used [0x00000000f1c80000,0x00000000f1c80000,0x00000000f2380000)
 ParOldGen       total 83456K, used 31639K [0x0000000082400000, 0x0000000087580000, 0x00000000d6180000)
  object space 83456K, 37% used [0x0000000082400000,0x00000000842e5df0,0x0000000087580000)
 Metaspace       used 23087K, capacity 23720K, committed 23808K, reserved 1071104K
  class space    used 2844K, capacity 3020K, committed 3072K, reserved 1048576K
}
Event: 70.064 GC heap before
{Heap before GC invocations=39 (full 1):
 PSYoungGen      total 146944K, used 138680K [0x00000000d6180000, 0x00000000f2380000, 0x0000000100000000)
  eden space 139264K, 99% used [0x00000000d6180000,0x00000000de8c6290,0x00000000de980000)
  from space 7680K, 2% used [0x00000000f1480000,0x00000000f14a8000,0x00000000f1c00000)
  to   space 7168K, 0% used [0x00000000f1c80000,0x00000000f1c80000,0x00000000f2380000)
 ParOldGen       total 83456K, used 31639K [0x0000000082400000, 0x0000000087580000, 0x00000000d6180000)
  object space 83456K, 37% used [0x0000000082400000,0x00000000842e5df0,0x0000000087580000)
 Metaspace       used 23087K, capacity 23720K, committed 23808K, reserved 1071104K
  class space    used 2844K, capacity 3020K, committed 3072K, reserved 1048576K
Event: 70.065 GC heap after
Heap after GC invocations=39 (full 1):
 PSYoungGen      total 134656K, used 192K [0x00000000d6180000, 0x00000000f1d00000, 0x0000000100000000)
  eden space 134144K, 0% used [0x00000000d6180000,0x00000000d6180000,0x00000000de480000)
  from space 512K, 37% used [0x00000000f1c80000,0x00000000f1cb0000,0x00000000f1d00000)
  to   space 6656K, 0% used [0x00000000f1000000,0x00000000f1000000,0x00000000f1680000)
 ParOldGen       total 83456K, used 31663K [0x0000000082400000, 0x0000000087580000, 0x00000000d6180000)
  object space 83456K, 37% used [0x0000000082400000,0x00000000842ebdf0,0x0000000087580000)
 Metaspace       used 23087K, capacity 23720K, committed 23808K, reserved 1071104K
  class space    used 2844K, capacity 3020K, committed 3072K, reserved 1048576K
}
Event: 70.883 GC heap before
{Heap before GC invocations=40 (full 1):
 PSYoungGen      total 134656K, used 132814K [0x00000000d6180000, 0x00000000f1d00000, 0x0000000100000000)
  eden space 134144K, 98% used [0x00000000d6180000,0x00000000de303bf0,0x00000000de480000)
  from space 512K, 37% used [0x00000000f1c80000,0x00000000f1cb0000,0x00000000f1d00000)
  to   space 6656K, 0% used [0x00000000f1000000,0x00000000f1000000,0x00000000f1680000)
 ParOldGen       total 83456K, used 31663K [0x0000000082400000, 0x0000000087580000, 0x00000000d6180000)
  object space 83456K, 37% used [0x0000000082400000,0x00000000842ebdf0,0x0000000087580000)
 Metaspace       used 23087K, capacity 23720K, committed 23808K, reserved 1071104K
  class space    used 2844K, capacity 3020K, committed 3072K, reserved 1048576K
Event: 70.884 GC heap after
Heap after GC invocations=40 (full 1):
 PSYoungGen      total 135680K, used 279K [0x00000000d6180000, 0x00000000f1d00000, 0x0000000100000000)
  eden space 129024K, 0% used [0x00000000d6180000,0x00000000d6180000,0x00000000ddf80000)
  from space 6656K, 4% used [0x00000000f1000000,0x00000000f1045ce8,0x00000000f1680000)
  to   space 6144K, 0% used [0x00000000f1700000,0x00000000f1700000,0x00000000f1d00000)
 ParOldGen       total 83456K, used 31671K [0x0000000082400000, 0x0000000087580000, 0x00000000d6180000)
  object space 83456K, 37% used [0x0000000082400000,0x00000000842eddf0,0x0000000087580000)
 Metaspace       used 23087K, capacity 23720K, committed 23808K, reserved 1071104K
  class space    used 2844K, capacity 3020K, committed 3072K, reserved 1048576K
}
Event: 78.352 GC heap before
{Heap before GC invocations=41 (full 1):
 PSYoungGen      total 135680K, used 127948K [0x00000000d6180000, 0x00000000f1d00000, 0x0000000100000000)
  eden space 129024K, 98% used [0x00000000d6180000,0x00000000dde2d4a0,0x00000000ddf80000)
  from space 6656K, 4% used [0x00000000f1000000,0x00000000f1045ce8,0x00000000f1680000)
  to   space 6144K, 0% used [0x00000000f1700000,0x00000000f1700000,0x00000000f1d00000)
 ParOldGen       total 83456K, used 31671K [0x0000000082400000, 0x0000000087580000, 0x00000000d6180000)
  object space 83456K, 37% used [0x0000000082400000,0x00000000842eddf0,0x0000000087580000)
 Metaspace       used 23102K, capacity 23784K, committed 24064K, reserved 1071104K
  class space    used 2844K, capacity 3020K, committed 3072K, reserved 1048576K
Event: 78.353 GC heap after
Heap after GC invocations=41 (full 1):
 PSYoungGen      total 124928K, used 240K [0x00000000d6180000, 0x00000000f1780000, 0x0000000100000000)
  eden space 124416K, 0% used [0x00000000d6180000,0x00000000d6180000,0x00000000ddb00000)
  from space 512K, 46% used [0x00000000f1700000,0x00000000f173c230,0x00000000f1780000)
  to   space 5632K, 0% used [0x00000000f0c80000,0x00000000f0c80000,0x00000000f1200000)
 ParOldGen       total 83456K, used 31695K [0x0000000082400000, 0x0000000087580000, 0x00000000d6180000)
  object space 83456K, 37% used [0x0000000082400000,0x00000000842f3df0,0x0000000087580000)
 Metaspace       used 23102K, capacity 23784K, committed 24064K, reserved 1071104K
  class space    used 2844K, capacity 3020K, committed 3072K, reserved 1048576K
}
Event: 79.268 GC heap before
{Heap before GC invocations=42 (full 1):
 PSYoungGen      total 124928K, used 124021K [0x00000000d6180000, 0x00000000f1780000, 0x0000000100000000)
  eden space 124416K, 99% used [0x00000000d6180000,0x00000000dda611e0,0x00000000ddb00000)
  from space 512K, 46% used [0x00000000f1700000,0x00000000f173c230,0x00000000f1780000)
  to   space 5632K, 0% used [0x00000000f0c80000,0x00000000f0c80000,0x00000000f1200000)
 ParOldGen       total 83456K, used 31695K [0x0000000082400000, 0x0000000087580000, 0x00000000d6180000)
  object space 83456K, 37% used [0x0000000082400000,0x00000000842f3df0,0x0000000087580000)
 Metaspace       used 23102K, capacity 23784K, committed 24064K, reserved 1071104K
  class space    used 2844K, capacity 3020K, committed 3072K, reserved 1048576K
Event: 79.269 GC heap after
Heap after GC invocations=42 (full 1):
 PSYoungGen      total 125440K, used 160K [0x00000000d6180000, 0x00000000f1780000, 0x0000000100000000)
  eden space 119808K, 0% used [0x00000000d6180000,0x00000000d6180000,0x00000000dd680000)
  from space 5632K, 2% used [0x00000000f0c80000,0x00000000f0ca8000,0x00000000f1200000)
  to   space 5120K, 0% used [0x00000000f1280000,0x00000000f1280000,0x00000000f1780000)
 ParOldGen       total 83456K, used 31703K [0x0000000082400000, 0x0000000087580000, 0x00000000d6180000)
  object space 83456K, 37% used [0x0000000082400000,0x00000000842f5df0,0x0000000087580000)
 Metaspace       used 23102K, capacity 23784K, committed 24064K, reserved 1071104K
  class space    used 2844K, capacity 3020K, committed 3072K, reserved 1048576K
}

Deoptimization events (10 events):
Event: 47.927 Thread 0x00000000202bf800 Uncommon trap: reason=bimorphic action=maybe_recompile pc=0x000000000305347c method=java.util.HashMap.removeNode(ILjava/lang/Object;Ljava/lang/Object;ZZ)Ljava/util/HashMap$Node; @ 283
Event: 47.928 Thread 0x00000000202bf800 Uncommon trap: reason=bimorphic action=maybe_recompile pc=0x000000000305347c method=java.util.HashMap.removeNode(ILjava/lang/Object;Ljava/lang/Object;ZZ)Ljava/util/HashMap$Node; @ 283
Event: 47.928 Thread 0x00000000202bf800 Uncommon trap: reason=bimorphic action=maybe_recompile pc=0x000000000305347c method=java.util.HashMap.removeNode(ILjava/lang/Object;Ljava/lang/Object;ZZ)Ljava/util/HashMap$Node; @ 283
Event: 47.928 Thread 0x00000000202bf800 Uncommon trap: reason=bimorphic action=maybe_recompile pc=0x000000000305347c method=java.util.HashMap.removeNode(ILjava/lang/Object;Ljava/lang/Object;ZZ)Ljava/util/HashMap$Node; @ 283
Event: 47.928 Thread 0x00000000202bf800 Uncommon trap: reason=bimorphic action=maybe_recompile pc=0x0000000002c260f4 method=java.util.HashMap.removeNode(ILjava/lang/Object;Ljava/lang/Object;ZZ)Ljava/util/HashMap$Node; @ 283
Event: 66.255 Thread 0x0000000018ed0000 Uncommon trap: reason=unstable_if action=reinterpret pc=0x0000000002d3119c method=java.util.concurrent.ConcurrentHashMap.replaceNode(Ljava/lang/Object;Ljava/lang/Object;Ljava/lang/Object;)Ljava/lang/Object; @ 99
Event: 68.648 Thread 0x00000000202bd000 Uncommon trap: reason=unstable_if action=reinterpret pc=0x0000000002f1be54 method=java.lang.Long.getChars(JI[C)V @ 94
Event: 68.648 Thread 0x00000000202bd000 Uncommon trap: reason=unstable_if action=reinterpret pc=0x0000000002dc4dd4 method=java.lang.Long.getChars(JI[C)V @ 94
Event: 68.663 Thread 0x000000002765b800 Uncommon trap: reason=unstable_if action=reinterpret pc=0x0000000002fd76b8 method=java.lang.Long.getChars(JI[C)V @ 94
Event: 78.361 Thread 0x00000000190ca800 Uncommon trap: reason=unstable_if action=reinterpret pc=0x000000000348cd54 method=com.sun.prism.impl.BaseResourcePool.freeDisposalRequestedAndCheckResources(Z)V @ 30

Internal exceptions (10 events):
Event: 79.364 Thread 0x0000000018eeb800 Exception <a 'java/net/SocketTimeoutException': Read timed out> (0x00000000d6c62620) thrown at [C:\re\workspace\8-2-build-windows-amd64-cygwin\jdk8u91\7017\hotspot\src\share\vm\prims\jni.cpp, line 735]
Event: 79.383 Thread 0x0000000018ee9800 Exception <a 'java/net/SocketTimeoutException': Read timed out> (0x00000000d6fdc3f0) thrown at [C:\re\workspace\8-2-build-windows-amd64-cygwin\jdk8u91\7017\hotspot\src\share\vm\prims\jni.cpp, line 735]
Event: 79.391 Thread 0x000000002765a800 Exception <a 'java/net/SocketTimeoutException': Read timed out> (0x00000000d73d9960) thrown at [C:\re\workspace\8-2-build-windows-amd64-cygwin\jdk8u91\7017\hotspot\src\share\vm\prims\jni.cpp, line 735]
Event: 79.421 Thread 0x000000002765a800 Exception <a 'java/net/SocketTimeoutException': Read timed out> (0x00000000d73e9010) thrown at [C:\re\workspace\8-2-build-windows-amd64-cygwin\jdk8u91\7017\hotspot\src\share\vm\prims\jni.cpp, line 735]
Event: 79.451 Thread 0x000000002765a800 Exception <a 'java/net/SocketTimeoutException': Read timed out> (0x00000000d7ad8c40) thrown at [C:\re\workspace\8-2-build-windows-amd64-cygwin\jdk8u91\7017\hotspot\src\share\vm\prims\jni.cpp, line 735]
Event: 79.452 Thread 0x0000000018eeb800 Exception <a 'java/net/SocketTimeoutException': Read timed out> (0x00000000d72f6e80) thrown at [C:\re\workspace\8-2-build-windows-amd64-cygwin\jdk8u91\7017\hotspot\src\share\vm\prims\jni.cpp, line 735]
Event: 79.470 Thread 0x000000002046d000 Exception <a 'java/net/SocketTimeoutException': Read timed out> (0x00000000d7ae9738) thrown at [C:\re\workspace\8-2-build-windows-amd64-cygwin\jdk8u91\7017\hotspot\src\share\vm\prims\jni.cpp, line 735]
Event: 79.470 Thread 0x0000000018eeb800 Exception <a 'java/net/SocketTimeoutException': Read timed out> (0x00000000d72fecf8) thrown at [C:\re\workspace\8-2-build-windows-amd64-cygwin\jdk8u91\7017\hotspot\src\share\vm\prims\jni.cpp, line 735]
Event: 79.489 Thread 0x000000002765b800 Exception <a 'java/net/SocketTimeoutException': Read timed out> (0x00000000d6c1cfb8) thrown at [C:\re\workspace\8-2-build-windows-amd64-cygwin\jdk8u91\7017\hotspot\src\share\vm\prims\jni.cpp, line 735]
Event: 79.521 Thread 0x000000002765b800 Exception <a 'java/net/SocketTimeoutException': Read timed out> (0x00000000d833af80) thrown at [C:\re\workspace\8-2-build-windows-amd64-cygwin\jdk8u91\7017\hotspot\src\share\vm\prims\jni.cpp, line 735]

Events (10 events):
Event: 79.503 Thread 0x0000000020468800 Thread exited: 0x0000000020468800
Event: 79.503 Thread 0x000000002765c000 Thread exited: 0x000000002765c000
Event: 79.508 Thread 0x000000002046e000 Thread added: 0x000000002046e000
Event: 79.508 Thread 0x000000002046e000 Thread exited: 0x000000002046e000
Event: 79.519 Thread 0x000000002765d800 Thread added: 0x000000002765d800
Event: 79.519 Thread 0x000000002765d800 Thread exited: 0x000000002765d800
Event: 79.519 Thread 0x000000002765c000 Thread added: 0x000000002765c000
Event: 79.519 Thread 0x000000002765c000 Thread exited: 0x000000002765c000
Event: 79.534 Thread 0x000000002046f800 Thread added: 0x000000002046f800
Event: 79.534 Executing VM operation: RevokeBias


Dynamic libraries:
0x00007ff7b1ea0000 - 0x00007ff7b1ed7000 	C:\Program Files\Java\jdk1.8.0_91\bin\javaw.exe
0x00007ffe04a90000 - 0x00007ffe04c51000 	C:\WINDOWS\SYSTEM32\ntdll.dll
0x00007ffe04960000 - 0x00007ffe04a0d000 	C:\WINDOWS\system32\KERNEL32.DLL
0x00007ffe01380000 - 0x00007ffe01568000 	C:\WINDOWS\system32\KERNELBASE.dll
0x00007ffe040a0000 - 0x00007ffe04147000 	C:\WINDOWS\system32\ADVAPI32.dll
0x00007ffe03c70000 - 0x00007ffe03d0d000 	C:\WINDOWS\system32\msvcrt.dll
0x00007ffe01e90000 - 0x00007ffe01eeb000 	C:\WINDOWS\system32\sechost.dll
0x00007ffe04840000 - 0x00007ffe0495c000 	C:\WINDOWS\system32\RPCRT4.dll
0x00007ffe04460000 - 0x00007ffe045b6000 	C:\WINDOWS\system32\USER32.dll
0x00007ffe03990000 - 0x00007ffe03b16000 	C:\WINDOWS\system32\GDI32.dll
0x00007ffdf6b10000 - 0x00007ffdf6d84000 	C:\WINDOWS\WinSxS\amd64_microsoft.windows.common-controls_6595b64144ccf1df_6.0.10586.494_none_a2d8b04ea53e3145\COMCTL32.dll
0x00007ffe03e20000 - 0x00007ffe0409d000 	C:\WINDOWS\system32\combase.dll
0x00007ffe01290000 - 0x00007ffe012fa000 	C:\WINDOWS\system32\bcryptPrimitives.dll
0x00007ffe04670000 - 0x00007ffe046ab000 	C:\WINDOWS\system32\IMM32.DLL
0x0000000077710000 - 0x00000000777e2000 	C:\Program Files\Java\jdk1.8.0_91\jre\bin\msvcr100.dll
0x0000000076820000 - 0x00000000770b3000 	C:\Program Files\Java\jdk1.8.0_91\jre\bin\server\jvm.dll
0x00007ffe03980000 - 0x00007ffe03988000 	C:\WINDOWS\system32\PSAPI.DLL
0x00007ffdf7db0000 - 0x00007ffdf7dba000 	C:\WINDOWS\SYSTEM32\VERSION.dll
0x00007ffdfd980000 - 0x00007ffdfd989000 	C:\WINDOWS\SYSTEM32\WSOCK32.dll
0x00007ffdff3c0000 - 0x00007ffdff3e3000 	C:\WINDOWS\SYSTEM32\WINMM.dll
0x00007ffe03900000 - 0x00007ffe0396b000 	C:\WINDOWS\system32\WS2_32.dll
0x00007ffdff2d0000 - 0x00007ffdff2fc000 	C:\WINDOWS\SYSTEM32\WINMMBASE.dll
0x00007ffe01740000 - 0x00007ffe01783000 	C:\WINDOWS\system32\cfgmgr32.dll
0x0000000050060000 - 0x000000005006f000 	C:\Program Files\Java\jdk1.8.0_91\jre\bin\verify.dll
0x0000000050030000 - 0x0000000050059000 	C:\Program Files\Java\jdk1.8.0_91\jre\bin\java.dll
0x0000000050010000 - 0x0000000050026000 	C:\Program Files\Java\jdk1.8.0_91\jre\bin\zip.dll
0x00007ffe023a0000 - 0x00007ffe038fc000 	C:\WINDOWS\system32\SHELL32.dll
0x00007ffe01790000 - 0x00007ffe01dd5000 	C:\WINDOWS\system32\windows.storage.dll
0x00007ffe04710000 - 0x00007ffe04762000 	C:\WINDOWS\system32\shlwapi.dll
0x00007ffe010e0000 - 0x00007ffe010ef000 	C:\WINDOWS\system32\kernel.appcore.dll
0x00007ffe011d0000 - 0x00007ffe01285000 	C:\WINDOWS\system32\shcore.dll
0x00007ffe010f0000 - 0x00007ffe0113b000 	C:\WINDOWS\system32\powrprof.dll
0x00007ffe010c0000 - 0x00007ffe010d4000 	C:\WINDOWS\system32\profapi.dll
0x00007ffdf1470000 - 0x00007ffdf155f000 	C:\Program Files\Java\jdk1.8.0_91\jre\bin\msvcr120.dll
0x00007ffde7b50000 - 0x00007ffde7bf6000 	C:\Program Files\Java\jdk1.8.0_91\jre\bin\msvcp120.dll
0x00000000776e0000 - 0x0000000077703000 	C:\Program Files\Java\jdk1.8.0_91\jre\bin\prism_d3d.dll
0x00007ffddf5b0000 - 0x00007ffddf7c0000 	C:\WINDOWS\system32\d3d9.dll
0x00007ffdfeee0000 - 0x00007ffdfef02000 	C:\WINDOWS\SYSTEM32\dwmapi.dll
0x00007ffdffa30000 - 0x00007ffdffac6000 	C:\WINDOWS\system32\uxtheme.dll
0x00007ffdcac30000 - 0x00007ffdccce9000 	C:\WINDOWS\SYSTEM32\igdumdim64.dll
0x00007ffe01f10000 - 0x00007ffe02339000 	C:\WINDOWS\system32\SETUPAPI.dll
0x00007ffe04770000 - 0x00007ffe04831000 	C:\WINDOWS\system32\OLEAUT32.dll
0x00007ffe03b20000 - 0x00007ffe03c63000 	C:\WINDOWS\system32\ole32.dll
0x0000000077690000 - 0x00000000776d3000 	C:\Program Files\Java\jdk1.8.0_91\jre\bin\glass.dll
0x00007ffe03d10000 - 0x00007ffe03e1b000 	C:\WINDOWS\system32\COMDLG32.dll
0x00007ffe01140000 - 0x00007ffe011c6000 	C:\WINDOWS\system32\FirewallAPI.dll
0x00007ffe01360000 - 0x00007ffe01377000 	C:\WINDOWS\system32\NETAPI32.dll
0x00007ffdf69a0000 - 0x00007ffdf69ac000 	C:\WINDOWS\SYSTEM32\DAVHLPR.DLL
0x00007ffdffe30000 - 0x00007ffdffe62000 	C:\WINDOWS\SYSTEM32\fwbase.dll
0x00007ffe04300000 - 0x00007ffe0445a000 	C:\WINDOWS\system32\MSCTF.dll
0x00007ffdf5d20000 - 0x00007ffdf5dc3000 	C:\Program Files\Common Files\microsoft shared\ink\tiptsf.dll
0x00007ffdcff40000 - 0x00007ffdd0dac000 	C:\WINDOWS\SYSTEM32\igc64.dll
0x00007ffdc8340000 - 0x00007ffdcac2c000 	C:\googledrive\projects\HackNC\jniLibs\WIN64\runtimecore_java.dll
0x00007ffde7ab0000 - 0x00007ffde7b4d000 	C:\WINDOWS\SYSTEM32\MSVCP140.dll
0x00007ffe00250000 - 0x00007ffe00344000 	C:\WINDOWS\SYSTEM32\ucrtbase.dll
0x00007ffdff260000 - 0x00007ffdff277000 	C:\WINDOWS\SYSTEM32\VCRUNTIME140.dll
0x0000000077670000 - 0x0000000077684000 	C:\Program Files\Java\jdk1.8.0_91\jre\bin\javafx_font.dll
0x00007ffdf7370000 - 0x00007ffdf75d0000 	C:\WINDOWS\SYSTEM32\dwrite.dll
0x00007ffe00b50000 - 0x00007ffe00b5b000 	C:\WINDOWS\SYSTEM32\CRYPTBASE.DLL
0x00007ffdfeb70000 - 0x00007ffdfee18000 	C:\WINDOWS\SYSTEM32\d3d11.dll
0x00007ffdfea80000 - 0x00007ffdfeb22000 	C:\WINDOWS\SYSTEM32\dxgi.dll
0x00007ffdd0db0000 - 0x00007ffdd1ab3000 	C:\WINDOWS\SYSTEM32\igd10iumd64.dll
0x00007ffe00c20000 - 0x00007ffe00c47000 	C:\WINDOWS\SYSTEM32\ncrypt.dll
0x00007ffe00fe0000 - 0x00007ffe01009000 	C:\WINDOWS\SYSTEM32\bcrypt.dll
0x00007ffe00be0000 - 0x00007ffe00c1a000 	C:\WINDOWS\SYSTEM32\NTASN1.dll
0x00000000777f0000 - 0x0000000077814000 	C:\Program Files\Java\jdk1.8.0_91\jre\bin\sunec.dll
0x00007ffe00a30000 - 0x00007ffe00a47000 	C:\WINDOWS\SYSTEM32\CRYPTSP.dll
0x00007ffe006c0000 - 0x00007ffe006f4000 	C:\WINDOWS\system32\rsaenh.dll
0x00007ffe00810000 - 0x00007ffe0082f000 	C:\WINDOWS\SYSTEM32\USERENV.dll
0x0000000077840000 - 0x000000007785a000 	C:\Program Files\Java\jdk1.8.0_91\jre\bin\net.dll
0x00007ffe00980000 - 0x00007ffe009dc000 	C:\WINDOWS\system32\mswsock.dll
0x00007ffdfb8a0000 - 0x00007ffdfb8d8000 	C:\WINDOWS\SYSTEM32\IPHLPAPI.DLL
0x00007ffe04a80000 - 0x00007ffe04a88000 	C:\WINDOWS\system32\NSI.dll
0x00007ffdfb530000 - 0x00007ffdfb546000 	C:\WINDOWS\SYSTEM32\dhcpcsvc6.DLL
0x00007ffdfb6c0000 - 0x00007ffdfb6da000 	C:\WINDOWS\SYSTEM32\dhcpcsvc.DLL
0x0000000077820000 - 0x0000000077831000 	C:\Program Files\Java\jdk1.8.0_91\jre\bin\nio.dll
0x00007ffe045c0000 - 0x00007ffe04667000 	C:\WINDOWS\system32\clbcatq.dll
0x00007ffdfe400000 - 0x00007ffdfe5b1000 	C:\WINDOWS\SYSTEM32\WindowsCodecs.dll
0x00007ffde90a0000 - 0x00007ffde90ea000 	C:\WINDOWS\system32\dataexchange.dll
0x00007ffdff420000 - 0x00007ffdff503000 	C:\WINDOWS\system32\dcomp.dll
0x00007ffdffbd0000 - 0x00007ffdffcd0000 	C:\WINDOWS\system32\twinapi.appcore.dll
0x00007ffdf4660000 - 0x00007ffdf4694000 	C:\Program Files\Common Files\Microsoft Shared\Ink\rtscom.dll
0x00007ffdffad0000 - 0x00007ffdffb7a000 	C:\WINDOWS\SYSTEM32\DNSAPI.dll
0x00007ffdf7bc0000 - 0x00007ffdf7bca000 	C:\Windows\System32\rasadhlp.dll
0x00007ffdfb560000 - 0x00007ffdfb5c7000 	C:\WINDOWS\System32\fwpuclnt.dll
0x00007ffdf5520000 - 0x00007ffdf5531000 	C:\googledrive\projects\HackNC\xboxcontroller64.dll
0x00000000775d0000 - 0x0000000077668000 	C:\WINDOWS\SYSTEM32\MSVCP100.dll
0x00007ffdfeeb0000 - 0x00007ffdfeeb7000 	C:\WINDOWS\SYSTEM32\XINPUT9_1_0.dll
0x00007ffdfaf20000 - 0x00007ffdfaf2e000 	C:\WINDOWS\SYSTEM32\XInput1_4.dll
0x00007ffdffb80000 - 0x00007ffdffba7000 	C:\WINDOWS\SYSTEM32\DEVOBJ.dll
0x0000000077430000 - 0x00000000775c8000 	C:\Program Files\Java\jdk1.8.0_91\jre\bin\awt.dll
0x00007ffdff8a0000 - 0x00007ffdff919000 	C:\WINDOWS\system32\apphelp.dll
0x00007ffdf5bc0000 - 0x00007ffdf5d1c000 	C:\Windows\System32\uiautomationcore.dll
0x00007ffe00f40000 - 0x00007ffe00fd9000 	C:\WINDOWS\SYSTEM32\sxs.dll
0x00007ffdf4cf0000 - 0x00007ffdf4d5a000 	C:\WINDOWS\SYSTEM32\OLEACC.dll
0x00007ffdfcdb0000 - 0x00007ffdfd2f5000 	C:\WINDOWS\SYSTEM32\d2d1.dll
0x00007ffdfd4f0000 - 0x00007ffdfd75f000 	C:\WINDOWS\SYSTEM32\D3D10Warp.dll
0x0000000077410000 - 0x0000000077421000 	C:\Program Files\Java\jdk1.8.0_91\jre\bin\prism_common.dll
0x00007ffde9850000 - 0x00007ffde9866000 	C:\WINDOWS\system32\napinsp.dll
0x00007ffde9830000 - 0x00007ffde984a000 	C:\WINDOWS\system32\pnrpnsp.dll
0x00007ffdfef40000 - 0x00007ffdfef58000 	C:\WINDOWS\system32\NLAapi.dll
0x00007ffdf39f0000 - 0x00007ffdf39fd000 	C:\WINDOWS\System32\winrnr.dll
0x00007ffde97a0000 - 0x00007ffde97b5000 	C:\WINDOWS\System32\wshbth.dll
0x00007ffdfcbd0000 - 0x00007ffdfcd5c000 	C:\WINDOWS\SYSTEM32\dbghelp.dll

VM Arguments:
jvm_args: -Dfile.encoding=UTF-8 
java_command: demoApp.Test
java_class_path (initial): C:\googledrive\projects\HackNC\bin;C:\googledrive\projects\HackNC\arcgis-java-sdk-100.0.0-beta-2\libs\arcgis-java-api.jar;C:\googledrive\projects\HackNC\arcgis-java-sdk-100.0.0-beta-2\libs\arcgis-java-javadoc.jar;C:\googledrive\projects\HackNC\arcgis-java-sdk-100.0.0-beta-2\libs\commons-codec-1.6.jar;C:\googledrive\projects\HackNC\arcgis-java-sdk-100.0.0-beta-2\libs\commons-logging-1.1.3.jar;C:\googledrive\projects\HackNC\arcgis-java-sdk-100.0.0-beta-2\libs\gson-2.3.1.jar;C:\googledrive\projects\HackNC\arcgis-java-sdk-100.0.0-beta-2\libs\httpclient-4.3.6.jar;C:\googledrive\projects\HackNC\arcgis-java-sdk-100.0.0-beta-2\libs\httpcore-4.3.3.jar;C:\googledrive\projects\HackNC\XboxController (1)\lib\jaw.jar;C:\googledrive\projects\HackNC\XboxController (1)\lib\XboxController.jar
Launcher Type: SUN_STANDARD

Environment Variables:
PATH=C:/Program Files/Java/jdk1.8.0_91/jre/bin/server;C:/Program Files/Java/jdk1.8.0_91/jre/bin;C:/Program Files/Java/jdk1.8.0_91/jre/lib/amd64;C:\Program Files\Oculus\Support\oculus-runtime;C:\ProgramData\Oracle\Java\javapath;C:\WINDOWS\system32;C:\WINDOWS;C:\WINDOWS\System32\Wbem;C:\WINDOWS\System32\WindowsPowerShell\v1.0\;C:\Program Files (x86)\PharosSystems\Core;C:\Program Files\Java\jdk1.8.0_73\bin;C:\Program Files\Java\jdk1.8.0_73\lib\tools.jar;C:\Program Files\Java\jdk1.8.0_73\lib\dt.jar;C:\Vagrant\bin;C:\Program Files (x86)\Calibre2\;C:\Program Files\nodejs\;C:\Program Files\wkhtmltopdf\bin;C:\Program Files (x86)\NVIDIA Corporation\PhysX\Common;C:\Users\Stephen\Anaconda2;C:\Users\Stephen\Anaconda2\Scripts;C:\Users\Stephen\Anaconda2\Library\bin;C:\Users\Stephen\AppData\Roaming\npm;C:\Users\Stephen\eclipse\java-neon2\eclipse;
USERNAME=Stephen
OS=Windows_NT
PROCESSOR_IDENTIFIER=Intel64 Family 6 Model 94 Stepping 3, GenuineIntel



---------------  S Y S T E M  ---------------

OS: Windows 10.0 , 64 bit Build 10586 (10.0.10586.0)

CPU:total 4 (4 cores per cpu, 1 threads per core) family 6 model 94 stepping 3, cmov, cx8, fxsr, mmx, sse, sse2, sse3, ssse3, sse4.1, sse4.2, popcnt, avx, avx2, aes, clmul, erms, rtm, 3dnowpref, lzcnt, tsc, tscinvbit, bmi1, bmi2, adx

Memory: 4k page, physical 8240396k(889080k free), swap 13137304k(2124388k free)

vm_info: Java HotSpot(TM) 64-Bit Server VM (25.91-b15) for windows-amd64 JRE (1.8.0_91-b15), built on May 20 2016 17:43:15 by "java_re" with MS VC++ 10.0 (VS2010)

time: Sun Oct 30 03:33:29 2016
elapsed time: 79 seconds (0d 0h 1m 19s)

