#
# A fatal error has been detected by the Java Runtime Environment:
#
#  EXCEPTION_ACCESS_VIOLATION (0xc0000005) at pc=0x00000000030664d5, pid=932, tid=1988
#
# JRE version: Java(TM) SE Runtime Environment (8.0_91-b15) (build 1.8.0_91-b15)
# Java VM: Java HotSpot(TM) 64-Bit Server VM (25.91-b15 mixed mode windows-amd64 compressed oops)
# Problematic frame:
# J 1196 C2 com.sun.javafx.image.impl.IntArgb$ToByteBgraPreConv.doConvert([III[BIIII)V (209 bytes) @ 0x00000000030664d5 [0x0000000003066480+0x55]
#
# Failed to write core dump. Minidumps are not enabled by default on client versions of Windows
#
# If you would like to submit a bug report, please visit:
#   http://bugreport.java.com/bugreport/crash.jsp
# The crash happened outside the Java Virtual Machine in native code.
# See problematic frame for where to report the bug.
#

---------------  T H R E A D  ---------------

Current thread (0x0000000019333000):  JavaThread "JavaFX Application Thread" [_thread_in_native, id=1988, stack(0x0000000019930000,0x0000000019a30000)]

siginfo: ExceptionCode=0xc0000005, reading address 0x0000000000cd0000

Registers:
RAX=0x00000000000606b7, RBX=0x00000000000606b7, RCX=0x0000000000000000, RDX=0x0000000000181adc
RSP=0x0000000019a2d688, RBP=0x0000000019a2db10, RSI=0x00000000d8169c18, RDI=0x00000000ffe7f010
R8 =0x0000000083882680, R9 =0x0000000000000000, R10=0x00000000fff9fc04, R11=0x00000000ffffffff
R12=0x0000000000000000, R13=0x00000000ff3b5745, R14=0x0000000000004812, R15=0x0000000019333000
RIP=0x00000000030664d5, EFLAGS=0x0000000000010202

Top of Stack: (sp=0x0000000019a2d688)
0x0000000019a2d688:   00000000034f0324 00007ff900000aec
0x0000000019a2d698:   000606b7000606b7 0000000000000001
0x0000000019a2d6a8:   00007ff9c063f391 00000000193331f8
0x0000000019a2d6b8:   00000000834acbc0 0000000000000000
0x0000000019a2d6c8:   00000235000002bb 00000000834c0678
0x0000000019a2d6d8:   000000008284faf0 000000008284fac8
0x0000000019a2d6e8:   000000001fac47d0 0000000019a2db10
0x0000000019a2d6f8:   0000000003091adc 0000000000000aec
0x0000000019a2d708:   ffffffff000002bb 0000000000000235
0x0000000019a2d718:   00009c7ae78c3170 0000000019333000
0x0000000019a2d728:   0000000019a2dbb8 00000000000002bb
0x0000000019a2d738:   0000000000000235 0000000000000235
0x0000000019a2d748:   00000000033c1c64 409a740000000000
0x0000000019a2d758:   000000000335f581 000002bb00000235
0x0000000019a2d768:   00000000834c0678 00000000834acbc0
0x0000000019a2d778:   0000000000000000 00000235000002bb 

Instructions: (pc=0x00000000030664d5)
0x00000000030664b5:   85 db 7c 17 44 8b d7 44 2b 54 24 58 8b 54 24 58
0x00000000030664c5:   c1 e2 02 8b 7c 24 50 2b fa eb 41 48 83 c4 40 5d
0x00000000030664d5:   85 05 25 9b c6 fd c3 83 c5 04 8b 5c 24 5c c4 c1
0x00000000030664e5:   79 7e ca c4 c1 f9 7e c0 c4 c1 79 7e db c5 f9 7e 


Register to memory mapping:

RAX=0x00000000000606b7 is an unknown value
RBX=0x00000000000606b7 is an unknown value
RCX=0x0000000000000000 is an unknown value
RDX=0x0000000000181adc is an unknown value
RSP=0x0000000019a2d688 is pointing into the stack for thread: 0x0000000019333000
RBP=0x0000000019a2db10 is pointing into the stack for thread: 0x0000000019333000
RSI=0x00000000d8169c18 is an oop
[B 
 - klass: {type array byte}
 - length: 1579740
RDI=0x00000000ffe7f010 is an unallocated location in the heap
R8 =0x0000000083882680 is an oop
[I 
 - klass: {type array int}
 - length: 394935
R9 =0x0000000000000000 is an unknown value
R10=0x00000000fff9fc04 is an unallocated location in the heap
R11=0x00000000ffffffff is an unallocated location in the heap
R12=0x0000000000000000 is an unknown value
R13=0x00000000ff3b5745 is an unallocated location in the heap
R14=0x0000000000004812 is an unknown value
R15=0x0000000019333000 is a thread


Stack: [0x0000000019930000,0x0000000019a30000],  sp=0x0000000019a2d688,  free space=1013k
Native frames: (J=compiled Java code, j=interpreted, Vv=VM code, C=native code)
C  0x00000000030664d5


---------------  P R O C E S S  ---------------

Java Threads: ( => current thread )
  0x000000002491c800 JavaThread "pool-2-thread-15" [_thread_blocked, id=7716, stack(0x0000000046420000,0x0000000046520000)]
  0x00000000206ae000 JavaThread "pool-2-thread-14" [_thread_blocked, id=6264, stack(0x0000000046320000,0x0000000046420000)]
  0x000000002491f000 JavaThread "pool-2-thread-13" [_thread_blocked, id=5484, stack(0x0000000046220000,0x0000000046320000)]
  0x000000002491c000 JavaThread "pool-2-thread-12" [_thread_blocked, id=3280, stack(0x0000000046120000,0x0000000046220000)]
  0x0000000020640800 JavaThread "pool-2-thread-11" [_thread_blocked, id=7396, stack(0x0000000046020000,0x0000000046120000)]
  0x00000000206b3000 JavaThread "AWT-EventQueue-0" [_thread_blocked, id=7440, stack(0x000000002ae50000,0x000000002af50000)]
  0x00000000206b2800 JavaThread "AWT-Windows" daemon [_thread_in_native, id=4104, stack(0x0000000029d80000,0x0000000029e80000)]
  0x00000000206b0000 JavaThread "AWT-Shutdown" [_thread_blocked, id=3984, stack(0x0000000029c80000,0x0000000029d80000)]
  0x00000000206b1800 JavaThread "Java2D Disposer" daemon [_thread_blocked, id=3064, stack(0x0000000029b80000,0x0000000029c80000)]
  0x00000000206ac800 JavaThread "TimerQueue" daemon [_thread_blocked, id=6704, stack(0x0000000025cb0000,0x0000000025db0000)]
  0x00000000206ad000 JavaThread "Thread-5" [_thread_in_native, id=2380, stack(0x0000000024670000,0x0000000024770000)]
  0x000000001fff0000 JavaThread "JavaFX-Launcher" [_thread_blocked, id=8856, stack(0x00000000208a0000,0x00000000209a0000)]
  0x000000001ffef800 JavaThread "Thread-2" daemon [_thread_in_native, id=7092, stack(0x00000000207a0000,0x00000000208a0000)]
=>0x0000000019333000 JavaThread "JavaFX Application Thread" [_thread_in_native, id=1988, stack(0x0000000019930000,0x0000000019a30000)]
  0x0000000019328000 JavaThread "Thread-1" daemon [_thread_blocked, id=1720, stack(0x0000000019830000,0x0000000019930000)]
  0x0000000019303000 JavaThread "QuantumRenderer-0" daemon [_thread_blocked, id=8636, stack(0x0000000019560000,0x0000000019660000)]
  0x000000001776e000 JavaThread "Service Thread" daemon [_thread_blocked, id=944, stack(0x0000000019360000,0x0000000019460000)]
  0x0000000017722800 JavaThread "C1 CompilerThread2" daemon [_thread_blocked, id=1496, stack(0x0000000018e60000,0x0000000018f60000)]
  0x0000000017717800 JavaThread "C2 CompilerThread1" daemon [_thread_blocked, id=3284, stack(0x0000000018d60000,0x0000000018e60000)]
  0x000000001770c000 JavaThread "C2 CompilerThread0" daemon [_thread_blocked, id=3500, stack(0x0000000018c60000,0x0000000018d60000)]
  0x000000001770a800 JavaThread "Attach Listener" daemon [_thread_blocked, id=4196, stack(0x0000000018b60000,0x0000000018c60000)]
  0x0000000017709000 JavaThread "Signal Dispatcher" daemon [_thread_blocked, id=5516, stack(0x0000000018a60000,0x0000000018b60000)]
  0x00000000176fa800 JavaThread "Finalizer" daemon [_thread_blocked, id=7640, stack(0x0000000018960000,0x0000000018a60000)]
  0x0000000002c3f800 JavaThread "Reference Handler" daemon [_thread_blocked, id=6900, stack(0x0000000018860000,0x0000000018960000)]
  0x00000000011ed800 JavaThread "main" [_thread_blocked, id=3764, stack(0x0000000002960000,0x0000000002a60000)]

Other Threads:
  0x00000000176d8000 VMThread [stack: 0x0000000018760000,0x0000000018860000] [id=2980]
  0x0000000018f9e800 WatcherThread [stack: 0x0000000019460000,0x0000000019560000] [id=1572]

VM state:not at safepoint (normal execution)

VM Mutex/Monitor currently owned by a thread: None

Heap:
 PSYoungGen      total 91648K, used 35177K [0x00000000d6180000, 0x00000000dc900000, 0x0000000100000000)
  eden space 84480K, 41% used [0x00000000d6180000,0x00000000d839cec0,0x00000000db400000)
  from space 7168K, 3% used [0x00000000dc200000,0x00000000dc23d690,0x00000000dc900000)
  to   space 10752K, 0% used [0x00000000db400000,0x00000000db400000,0x00000000dbe80000)
 ParOldGen       total 86016K, used 24311K [0x0000000082400000, 0x0000000087800000, 0x00000000d6180000)
  object space 86016K, 28% used [0x0000000082400000,0x0000000083bbdc60,0x0000000087800000)
 Metaspace       used 19651K, capacity 20284K, committed 20608K, reserved 1067008K
  class space    used 2404K, capacity 2588K, committed 2688K, reserved 1048576K

Card table byte_map: [0x0000000012010000,0x0000000012400000] byte_map_base: 0x0000000011bfe000

Marking Bits: (ParMarkBitMap*) 0x000000005ee92f70
 Begin Bits: [0x0000000012aa0000, 0x0000000014a10000)
 End Bits:   [0x0000000014a10000, 0x0000000016980000)

Polling page: 0x0000000000cd0000

CodeCache: size=245760Kb used=9017Kb max_used=9017Kb free=236742Kb
 bounds [0x0000000002c50000, 0x0000000003530000, 0x0000000011c50000]
 total_blobs=3611 nmethods=2903 adapters=620
 compilation: enabled

Compilation events (10 events):
Event: 31.658 Thread 0x0000000017722800 3099       3       java.lang.String::format (16 bytes)
Event: 31.659 Thread 0x0000000017722800 nmethod 3099 0x00000000035234d0 code [0x0000000003523700, 0x0000000003524348]
Event: 31.659 Thread 0x0000000017722800 3100       3       java.util.Formatter::format (11 bytes)
Event: 31.659 Thread 0x0000000017722800 nmethod 3100 0x0000000003521850 code [0x00000000035219c0, 0x0000000003521be8]
Event: 31.659 Thread 0x0000000017722800 3101       3       java.nio.charset.CharsetDecoder::replaceWith (68 bytes)
Event: 31.660 Thread 0x0000000017722800 nmethod 3101 0x0000000003520e10 code [0x0000000003520fe0, 0x00000000035215f8]
Event: 31.693 Thread 0x0000000017722800 3102       3       com.esri.arcgisruntime.mapping.view.Camera::getLocation (26 bytes)
Event: 31.693 Thread 0x0000000017722800 nmethod 3102 0x0000000003525b10 code [0x0000000003525d00, 0x00000000035265c8]
Event: 31.835 Thread 0x0000000017722800 3103       3       java.nio.charset.CharsetDecoder::<init> (10 bytes)
Event: 31.835 Thread 0x0000000017722800 nmethod 3103 0x0000000003526b90 code [0x0000000003526d00, 0x0000000003526e88]

GC Heap History (10 events):
Event: 21.405 GC heap before
{Heap before GC invocations=16 (full 0):
 PSYoungGen      total 101376K, used 100326K [0x00000000d6180000, 0x00000000ddd00000, 0x0000000100000000)
  eden space 100864K, 99% used [0x00000000d6180000,0x00000000dc349918,0x00000000dc400000)
  from space 512K, 37% used [0x00000000dc780000,0x00000000dc7b0010,0x00000000dc800000)
  to   space 12800K, 0% used [0x00000000dd080000,0x00000000dd080000,0x00000000ddd00000)
 ParOldGen       total 86016K, used 24159K [0x0000000082400000, 0x0000000087800000, 0x00000000d6180000)
  object space 86016K, 28% used [0x0000000082400000,0x0000000083b97c60,0x0000000087800000)
 Metaspace       used 19549K, capacity 20220K, committed 20352K, reserved 1067008K
  class space    used 2403K, capacity 2588K, committed 2688K, reserved 1048576K
Event: 21.406 GC heap after
Heap after GC invocations=16 (full 0):
 PSYoungGen      total 105472K, used 221K [0x00000000d6180000, 0x00000000dd880000, 0x0000000100000000)
  eden space 97280K, 0% used [0x00000000d6180000,0x00000000d6180000,0x00000000dc080000)
  from space 8192K, 2% used [0x00000000dd080000,0x00000000dd0b74a8,0x00000000dd880000)
  to   space 12288K, 0% used [0x00000000dc080000,0x00000000dc080000,0x00000000dcc80000)
 ParOldGen       total 86016K, used 24191K [0x0000000082400000, 0x0000000087800000, 0x00000000d6180000)
  object space 86016K, 28% used [0x0000000082400000,0x0000000083b9fc60,0x0000000087800000)
 Metaspace       used 19549K, capacity 20220K, committed 20352K, reserved 1067008K
  class space    used 2403K, capacity 2588K, committed 2688K, reserved 1048576K
}
Event: 22.373 GC heap before
{Heap before GC invocations=17 (full 0):
 PSYoungGen      total 105472K, used 96118K [0x00000000d6180000, 0x00000000dd880000, 0x0000000100000000)
  eden space 97280K, 98% used [0x00000000d6180000,0x00000000dbf26620,0x00000000dc080000)
  from space 8192K, 2% used [0x00000000dd080000,0x00000000dd0b74a8,0x00000000dd880000)
  to   space 12288K, 0% used [0x00000000dc080000,0x00000000dc080000,0x00000000dcc80000)
 ParOldGen       total 86016K, used 24191K [0x0000000082400000, 0x0000000087800000, 0x00000000d6180000)
  object space 86016K, 28% used [0x0000000082400000,0x0000000083b9fc60,0x0000000087800000)
 Metaspace       used 19564K, capacity 20220K, committed 20352K, reserved 1067008K
  class space    used 2404K, capacity 2588K, committed 2688K, reserved 1048576K
Event: 22.374 GC heap after
Heap after GC invocations=17 (full 0):
 PSYoungGen      total 94208K, used 160K [0x00000000d6180000, 0x00000000dd500000, 0x0000000100000000)
  eden space 93696K, 0% used [0x00000000d6180000,0x00000000d6180000,0x00000000dbd00000)
  from space 512K, 31% used [0x00000000dc080000,0x00000000dc0a8000,0x00000000dc100000)
  to   space 12288K, 0% used [0x00000000dc900000,0x00000000dc900000,0x00000000dd500000)
 ParOldGen       total 86016K, used 24231K [0x0000000082400000, 0x0000000087800000, 0x00000000d6180000)
  object space 86016K, 28% used [0x0000000082400000,0x0000000083ba9c60,0x0000000087800000)
 Metaspace       used 19564K, capacity 20220K, committed 20352K, reserved 1067008K
  class space    used 2404K, capacity 2588K, committed 2688K, reserved 1048576K
}
Event: 23.344 GC heap before
{Heap before GC invocations=18 (full 0):
 PSYoungGen      total 94208K, used 93856K [0x00000000d6180000, 0x00000000dd500000, 0x0000000100000000)
  eden space 93696K, 100% used [0x00000000d6180000,0x00000000dbd00000,0x00000000dbd00000)
  from space 512K, 31% used [0x00000000dc080000,0x00000000dc0a8000,0x00000000dc100000)
  to   space 12288K, 0% used [0x00000000dc900000,0x00000000dc900000,0x00000000dd500000)
 ParOldGen       total 86016K, used 24231K [0x0000000082400000, 0x0000000087800000, 0x00000000d6180000)
  object space 86016K, 28% used [0x0000000082400000,0x0000000083ba9c60,0x0000000087800000)
 Metaspace       used 19564K, capacity 20220K, committed 20352K, reserved 1067008K
  class space    used 2404K, capacity 2588K, committed 2688K, reserved 1048576K
Event: 23.346 GC heap after
Heap after GC invocations=18 (full 0):
 PSYoungGen      total 98816K, used 205K [0x00000000d6180000, 0x00000000dd100000, 0x0000000100000000)
  eden space 90624K, 0% used [0x00000000d6180000,0x00000000d6180000,0x00000000dba00000)
  from space 8192K, 2% used [0x00000000dc900000,0x00000000dc9335b0,0x00000000dd100000)
  to   space 11776K, 0% used [0x00000000dba00000,0x00000000dba00000,0x00000000dc580000)
 ParOldGen       total 86016K, used 24255K [0x0000000082400000, 0x0000000087800000, 0x00000000d6180000)
  object space 86016K, 28% used [0x0000000082400000,0x0000000083bafc60,0x0000000087800000)
 Metaspace       used 19564K, capacity 20220K, committed 20352K, reserved 1067008K
  class space    used 2404K, capacity 2588K, committed 2688K, reserved 1048576K
}
Event: 30.552 GC heap before
{Heap before GC invocations=19 (full 0):
 PSYoungGen      total 98816K, used 90829K [0x00000000d6180000, 0x00000000dd100000, 0x0000000100000000)
  eden space 90624K, 100% used [0x00000000d6180000,0x00000000dba00000,0x00000000dba00000)
  from space 8192K, 2% used [0x00000000dc900000,0x00000000dc9335b0,0x00000000dd100000)
  to   space 11776K, 0% used [0x00000000dba00000,0x00000000dba00000,0x00000000dc580000)
 ParOldGen       total 86016K, used 24255K [0x0000000082400000, 0x0000000087800000, 0x00000000d6180000)
  object space 86016K, 28% used [0x0000000082400000,0x0000000083bafc60,0x0000000087800000)
 Metaspace       used 19618K, capacity 20220K, committed 20352K, reserved 1067008K
  class space    used 2404K, capacity 2588K, committed 2688K, reserved 1048576K
Event: 30.554 GC heap after
Heap after GC invocations=19 (full 0):
 PSYoungGen      total 88064K, used 160K [0x00000000d6180000, 0x00000000dcd00000, 0x0000000100000000)
  eden space 87552K, 0% used [0x00000000d6180000,0x00000000d6180000,0x00000000db700000)
  from space 512K, 31% used [0x00000000dba00000,0x00000000dba28000,0x00000000dba80000)
  to   space 11264K, 0% used [0x00000000dc200000,0x00000000dc200000,0x00000000dcd00000)
 ParOldGen       total 86016K, used 24279K [0x0000000082400000, 0x0000000087800000, 0x00000000d6180000)
  object space 86016K, 28% used [0x0000000082400000,0x0000000083bb5c60,0x0000000087800000)
 Metaspace       used 19618K, capacity 20220K, committed 20352K, reserved 1067008K
  class space    used 2404K, capacity 2588K, committed 2688K, reserved 1048576K
}
Event: 31.539 GC heap before
{Heap before GC invocations=20 (full 0):
 PSYoungGen      total 88064K, used 87712K [0x00000000d6180000, 0x00000000dcd00000, 0x0000000100000000)
  eden space 87552K, 100% used [0x00000000d6180000,0x00000000db700000,0x00000000db700000)
  from space 512K, 31% used [0x00000000dba00000,0x00000000dba28000,0x00000000dba80000)
  to   space 11264K, 0% used [0x00000000dc200000,0x00000000dc200000,0x00000000dcd00000)
 ParOldGen       total 86016K, used 24279K [0x0000000082400000, 0x0000000087800000, 0x00000000d6180000)
  object space 86016K, 28% used [0x0000000082400000,0x0000000083bb5c60,0x0000000087800000)
 Metaspace       used 19646K, capacity 20284K, committed 20608K, reserved 1067008K
  class space    used 2404K, capacity 2588K, committed 2688K, reserved 1048576K
Event: 31.542 GC heap after
Heap after GC invocations=20 (full 0):
 PSYoungGen      total 91648K, used 245K [0x00000000d6180000, 0x00000000dc900000, 0x0000000100000000)
  eden space 84480K, 0% used [0x00000000d6180000,0x00000000d6180000,0x00000000db400000)
  from space 7168K, 3% used [0x00000000dc200000,0x00000000dc23d690,0x00000000dc900000)
  to   space 10752K, 0% used [0x00000000db400000,0x00000000db400000,0x00000000dbe80000)
 ParOldGen       total 86016K, used 24311K [0x0000000082400000, 0x0000000087800000, 0x00000000d6180000)
  object space 86016K, 28% used [0x0000000082400000,0x0000000083bbdc60,0x0000000087800000)
 Metaspace       used 19646K, capacity 20284K, committed 20608K, reserved 1067008K
  class space    used 2404K, capacity 2588K, committed 2688K, reserved 1048576K
}

Deoptimization events (10 events):
Event: 0.877 Thread 0x0000000019333000 Uncommon trap: reason=class_check action=maybe_recompile pc=0x0000000002d6cb70 method=java.lang.String.equals(Ljava/lang/Object;)Z @ 8
Event: 0.877 Thread 0x0000000019333000 Uncommon trap: reason=class_check action=maybe_recompile pc=0x0000000002d6cb70 method=java.lang.String.equals(Ljava/lang/Object;)Z @ 8
Event: 0.877 Thread 0x0000000019333000 Uncommon trap: reason=class_check action=maybe_recompile pc=0x0000000002d6cb70 method=java.lang.String.equals(Ljava/lang/Object;)Z @ 8
Event: 0.946 Thread 0x00000000201ad000 Uncommon trap: reason=unstable_if action=reinterpret pc=0x0000000002f4b2dc method=java.lang.CharacterDataLatin1.digit(II)I @ 82
Event: 0.946 Thread 0x0000000020546000 Uncommon trap: reason=unstable_if action=reinterpret pc=0x0000000002f4d654 method=java.lang.CharacterDataLatin1.digit(II)I @ 82
Event: 0.946 Thread 0x00000000201b0000 Uncommon trap: reason=unstable_if action=reinterpret pc=0x0000000002f4b2dc method=java.lang.CharacterDataLatin1.digit(II)I @ 82
Event: 1.019 Thread 0x00000000201b0000 Uncommon trap: reason=unstable_if action=reinterpret pc=0x0000000002f1289c method=java.lang.String.regionMatches(ZILjava/lang/String;II)Z @ 123
Event: 1.367 Thread 0x0000000019333000 Uncommon trap: reason=unstable_if action=reinterpret pc=0x0000000003068f3c method=com.sun.javafx.image.impl.IntArgb$ToByteBgraPreConv.doConvert([III[BIIII)V @ 70
Event: 4.282 Thread 0x00000000201b0000 Uncommon trap: reason=unstable_if action=reinterpret pc=0x0000000002f69410 method=java.io.ByteArrayInputStream.read()I @ 8
Event: 5.080 Thread 0x0000000019303000 Uncommon trap: reason=unstable_if action=reinterpret pc=0x0000000003218040 method=java.util.WeakHashMap.expungeStaleEntries()V @ 66

Internal exceptions (10 events):
Event: 31.312 Thread 0x00000000206ae000 Exception <a 'java/net/SocketTimeoutException': Read timed out> (0x00000000d8cdb080) thrown at [C:\re\workspace\8-2-build-windows-amd64-cygwin\jdk8u91\7017\hotspot\src\share\vm\prims\jni.cpp, line 735]
Event: 31.312 Thread 0x000000002491c800 Exception <a 'java/net/SocketTimeoutException': Read timed out> (0x00000000da6ad698) thrown at [C:\re\workspace\8-2-build-windows-amd64-cygwin\jdk8u91\7017\hotspot\src\share\vm\prims\jni.cpp, line 735]
Event: 31.628 Thread 0x000000002491c800 Exception <a 'java/net/SocketTimeoutException': Read timed out> (0x00000000d6af9dc0) thrown at [C:\re\workspace\8-2-build-windows-amd64-cygwin\jdk8u91\7017\hotspot\src\share\vm\prims\jni.cpp, line 735]
Event: 31.628 Thread 0x0000000020640800 Exception <a 'java/net/SocketTimeoutException': Read timed out> (0x00000000d6abb848) thrown at [C:\re\workspace\8-2-build-windows-amd64-cygwin\jdk8u91\7017\hotspot\src\share\vm\prims\jni.cpp, line 735]
Event: 31.628 Thread 0x000000002491f000 Exception <a 'java/net/SocketTimeoutException': Read timed out> (0x00000000d6aca970) thrown at [C:\re\workspace\8-2-build-windows-amd64-cygwin\jdk8u91\7017\hotspot\src\share\vm\prims\jni.cpp, line 735]
Event: 31.628 Thread 0x000000002491c000 Exception <a 'java/net/SocketTimeoutException': Read timed out> (0x00000000d6a8bc40) thrown at [C:\re\workspace\8-2-build-windows-amd64-cygwin\jdk8u91\7017\hotspot\src\share\vm\prims\jni.cpp, line 735]
Event: 31.667 Thread 0x00000000206ae000 Exception <a 'java/net/SocketTimeoutException': Read timed out> (0x00000000d6d5f9a8) thrown at [C:\re\workspace\8-2-build-windows-amd64-cygwin\jdk8u91\7017\hotspot\src\share\vm\prims\jni.cpp, line 735]
Event: 31.683 Thread 0x000000002491f000 Exception <a 'java/net/SocketTimeoutException': Read timed out> (0x00000000d6ad3620) thrown at [C:\re\workspace\8-2-build-windows-amd64-cygwin\jdk8u91\7017\hotspot\src\share\vm\prims\jni.cpp, line 735]
Event: 31.836 Thread 0x0000000020640800 Exception <a 'java/net/SocketTimeoutException': Read timed out> (0x00000000d7c5df30) thrown at [C:\re\workspace\8-2-build-windows-amd64-cygwin\jdk8u91\7017\hotspot\src\share\vm\prims\jni.cpp, line 735]
Event: 31.836 Thread 0x000000002491c000 Exception <a 'java/net/SocketTimeoutException': Read timed out> (0x00000000d7c51db8) thrown at [C:\re\workspace\8-2-build-windows-amd64-cygwin\jdk8u91\7017\hotspot\src\share\vm\prims\jni.cpp, line 735]

Events (10 events):
Event: 31.919 Thread 0x0000000020653000 Thread added: 0x0000000020653000
Event: 31.919 Thread 0x0000000020653000 Thread exited: 0x0000000020653000
Event: 31.919 Thread 0x0000000020652000 Thread added: 0x0000000020652000
Event: 31.919 Thread 0x0000000020652000 Thread exited: 0x0000000020652000
Event: 31.936 Thread 0x0000000020652000 Thread added: 0x0000000020652000
Event: 31.936 Thread 0x0000000020652000 Thread exited: 0x0000000020652000
Event: 31.936 Thread 0x0000000020653000 Thread added: 0x0000000020653000
Event: 31.936 Thread 0x0000000020653000 Thread exited: 0x0000000020653000
Event: 31.948 Thread 0x00000000206af800 Thread added: 0x00000000206af800
Event: 31.948 Executing VM operation: RevokeBias


Dynamic libraries:
0x00007ff6a4db0000 - 0x00007ff6a4de7000 	C:\Program Files\Java\jdk1.8.0_91\bin\javaw.exe
0x00007ff9f9520000 - 0x00007ff9f96e1000 	C:\WINDOWS\SYSTEM32\ntdll.dll
0x00007ff9f6920000 - 0x00007ff9f69cd000 	C:\WINDOWS\system32\KERNEL32.DLL
0x00007ff9f6400000 - 0x00007ff9f65e8000 	C:\WINDOWS\system32\KERNELBASE.dll
0x00007ff9f7c20000 - 0x00007ff9f7cc7000 	C:\WINDOWS\system32\ADVAPI32.dll
0x00007ff9f69d0000 - 0x00007ff9f6a6d000 	C:\WINDOWS\system32\msvcrt.dll
0x00007ff9f6cd0000 - 0x00007ff9f6d2b000 	C:\WINDOWS\system32\sechost.dll
0x00007ff9f79f0000 - 0x00007ff9f7b0c000 	C:\WINDOWS\system32\RPCRT4.dll
0x00007ff9f70c0000 - 0x00007ff9f7216000 	C:\WINDOWS\system32\USER32.dll
0x00007ff9f7cf0000 - 0x00007ff9f7e76000 	C:\WINDOWS\system32\GDI32.dll
0x00007ff9ebb90000 - 0x00007ff9ebe04000 	C:\WINDOWS\WinSxS\amd64_microsoft.windows.common-controls_6595b64144ccf1df_6.0.10586.494_none_a2d8b04ea53e3145\COMCTL32.dll
0x00007ff9f6e40000 - 0x00007ff9f70bd000 	C:\WINDOWS\system32\combase.dll
0x00007ff9f62d0000 - 0x00007ff9f633a000 	C:\WINDOWS\system32\bcryptPrimitives.dll
0x00007ff9f6d30000 - 0x00007ff9f6d6b000 	C:\WINDOWS\system32\IMM32.DLL
0x000000005e340000 - 0x000000005e412000 	C:\Program Files\Java\jdk1.8.0_91\jre\bin\msvcr100.dll
0x000000005e680000 - 0x000000005ef13000 	C:\Program Files\Java\jdk1.8.0_91\jre\bin\server\jvm.dll
0x00007ff9f73e0000 - 0x00007ff9f73e8000 	C:\WINDOWS\system32\PSAPI.DLL
0x00007ff9f42f0000 - 0x00007ff9f4313000 	C:\WINDOWS\SYSTEM32\WINMM.dll
0x00007ff9f2670000 - 0x00007ff9f2679000 	C:\WINDOWS\SYSTEM32\WSOCK32.dll
0x00007ff9f7ee0000 - 0x00007ff9f7f4b000 	C:\WINDOWS\system32\WS2_32.dll
0x00007ff9eaca0000 - 0x00007ff9eacaa000 	C:\WINDOWS\SYSTEM32\VERSION.dll
0x00007ff9f4290000 - 0x00007ff9f42bc000 	C:\WINDOWS\SYSTEM32\WINMMBASE.dll
0x00007ff9f6850000 - 0x00007ff9f6893000 	C:\WINDOWS\system32\cfgmgr32.dll
0x000000005e590000 - 0x000000005e59f000 	C:\Program Files\Java\jdk1.8.0_91\jre\bin\verify.dll
0x000000005e560000 - 0x000000005e589000 	C:\Program Files\Java\jdk1.8.0_91\jre\bin\java.dll
0x000000005e540000 - 0x000000005e556000 	C:\Program Files\Java\jdk1.8.0_91\jre\bin\zip.dll
0x00007ff9f7f50000 - 0x00007ff9f94ac000 	C:\WINDOWS\system32\SHELL32.dll
0x00007ff9f5c80000 - 0x00007ff9f62c5000 	C:\WINDOWS\system32\windows.storage.dll
0x00007ff9f94c0000 - 0x00007ff9f9512000 	C:\WINDOWS\system32\shlwapi.dll
0x00007ff9f5bb0000 - 0x00007ff9f5bbf000 	C:\WINDOWS\system32\kernel.appcore.dll
0x00007ff9f6340000 - 0x00007ff9f63f5000 	C:\WINDOWS\system32\shcore.dll
0x00007ff9f5b60000 - 0x00007ff9f5bab000 	C:\WINDOWS\system32\powrprof.dll
0x00007ff9f5b40000 - 0x00007ff9f5b54000 	C:\WINDOWS\system32\profapi.dll
0x00007ff9d3d20000 - 0x00007ff9d3e0f000 	C:\Program Files\Java\jdk1.8.0_91\jre\bin\msvcr120.dll
0x00007ff9c9dc0000 - 0x00007ff9c9e66000 	C:\Program Files\Java\jdk1.8.0_91\jre\bin\msvcp120.dll
0x000000005e310000 - 0x000000005e333000 	C:\Program Files\Java\jdk1.8.0_91\jre\bin\prism_d3d.dll
0x00007ff9d2b60000 - 0x00007ff9d2d70000 	C:\WINDOWS\system32\d3d9.dll
0x00007ff9f3490000 - 0x00007ff9f34b2000 	C:\WINDOWS\SYSTEM32\dwmapi.dll
0x00007ff9f44c0000 - 0x00007ff9f4556000 	C:\WINDOWS\system32\uxtheme.dll
0x00007ff9c2ea0000 - 0x00007ff9c4f59000 	C:\WINDOWS\SYSTEM32\igdumdim64.dll
0x00007ff9f73f0000 - 0x00007ff9f7819000 	C:\WINDOWS\system32\SETUPAPI.dll
0x00007ff9f6d70000 - 0x00007ff9f6e31000 	C:\WINDOWS\system32\OLEAUT32.dll
0x00007ff9f7220000 - 0x00007ff9f7363000 	C:\WINDOWS\system32\ole32.dll
0x000000005e2c0000 - 0x000000005e303000 	C:\Program Files\Java\jdk1.8.0_91\jre\bin\glass.dll
0x00007ff9f7b10000 - 0x00007ff9f7c1b000 	C:\WINDOWS\system32\COMDLG32.dll
0x00007ff9f67c0000 - 0x00007ff9f6846000 	C:\WINDOWS\system32\FirewallAPI.dll
0x00007ff9f68a0000 - 0x00007ff9f68b7000 	C:\WINDOWS\system32\NETAPI32.dll
0x00007ff9eb860000 - 0x00007ff9eb86c000 	C:\WINDOWS\SYSTEM32\DAVHLPR.DLL
0x00007ff9f48c0000 - 0x00007ff9f48f2000 	C:\WINDOWS\SYSTEM32\fwbase.dll
0x00007ff9f7820000 - 0x00007ff9f797a000 	C:\WINDOWS\system32\MSCTF.dll
0x00007ff9e61f0000 - 0x00007ff9e6293000 	C:\Program Files\Common Files\microsoft shared\ink\tiptsf.dll
0x00007ff9efea0000 - 0x00007ff9f0d0c000 	C:\WINDOWS\SYSTEM32\igc64.dll
0x000000005e2a0000 - 0x000000005e2b4000 	C:\Program Files\Java\jdk1.8.0_91\jre\bin\javafx_font.dll
0x00007ff9e74e0000 - 0x00007ff9e7740000 	C:\WINDOWS\SYSTEM32\dwrite.dll
0x00007ff9c05b0000 - 0x00007ff9c2e9c000 	C:\googledrive\projects\HackNC\jniLibs\WIN64\runtimecore_java.dll
0x00007ff9e0110000 - 0x00007ff9e01ad000 	C:\WINDOWS\SYSTEM32\MSVCP140.dll
0x00007ff9e6540000 - 0x00007ff9e6557000 	C:\WINDOWS\SYSTEM32\VCRUNTIME140.dll
0x00007ff9f4ce0000 - 0x00007ff9f4dd4000 	C:\WINDOWS\SYSTEM32\ucrtbase.dll
0x00007ff9f55e0000 - 0x00007ff9f55eb000 	C:\WINDOWS\SYSTEM32\CRYPTBASE.DLL
0x00007ff9f3110000 - 0x00007ff9f33b8000 	C:\WINDOWS\SYSTEM32\d3d11.dll
0x00007ff9f3020000 - 0x00007ff9f30c2000 	C:\WINDOWS\SYSTEM32\dxgi.dll
0x00007ff9f1080000 - 0x00007ff9f1d83000 	C:\WINDOWS\SYSTEM32\igd10iumd64.dll
0x00007ff9f5a70000 - 0x00007ff9f5a99000 	C:\WINDOWS\SYSTEM32\bcrypt.dll
0x00007ff9f5710000 - 0x00007ff9f5737000 	C:\WINDOWS\SYSTEM32\ncrypt.dll
0x00007ff9f56d0000 - 0x00007ff9f570a000 	C:\WINDOWS\SYSTEM32\NTASN1.dll
0x000000005e4d0000 - 0x000000005e4f4000 	C:\Program Files\Java\jdk1.8.0_91\jre\bin\sunec.dll
0x00007ff9f54c0000 - 0x00007ff9f54d7000 	C:\WINDOWS\SYSTEM32\CRYPTSP.dll
0x00007ff9f5150000 - 0x00007ff9f5184000 	C:\WINDOWS\system32\rsaenh.dll
0x00007ff9f52a0000 - 0x00007ff9f52bf000 	C:\WINDOWS\SYSTEM32\USERENV.dll
0x000000005e520000 - 0x000000005e53a000 	C:\Program Files\Java\jdk1.8.0_91\jre\bin\net.dll
0x00007ff9f5410000 - 0x00007ff9f546c000 	C:\WINDOWS\system32\mswsock.dll
0x00007ff9ed8b0000 - 0x00007ff9ed8e8000 	C:\WINDOWS\SYSTEM32\IPHLPAPI.DLL
0x00007ff9f73d0000 - 0x00007ff9f73d8000 	C:\WINDOWS\system32\NSI.dll
0x00007ff9ed890000 - 0x00007ff9ed8a6000 	C:\WINDOWS\SYSTEM32\dhcpcsvc6.DLL
0x00007ff9ed870000 - 0x00007ff9ed88a000 	C:\WINDOWS\SYSTEM32\dhcpcsvc.DLL
0x00007ff9f6c20000 - 0x00007ff9f6cc7000 	C:\WINDOWS\system32\clbcatq.dll
0x00007ff9f2cd0000 - 0x00007ff9f2e81000 	C:\WINDOWS\SYSTEM32\WindowsCodecs.dll
0x000000005e500000 - 0x000000005e511000 	C:\Program Files\Java\jdk1.8.0_91\jre\bin\nio.dll
0x00007ff9dba80000 - 0x00007ff9dbaca000 	C:\WINDOWS\system32\dataexchange.dll
0x00007ff9f3ab0000 - 0x00007ff9f3b93000 	C:\WINDOWS\system32\dcomp.dll
0x00007ff9f4660000 - 0x00007ff9f4760000 	C:\WINDOWS\system32\twinapi.appcore.dll
0x00007ff9e65f0000 - 0x00007ff9e6624000 	C:\Program Files\Common Files\Microsoft Shared\Ink\rtscom.dll
0x00007ff9ea430000 - 0x00007ff9ea441000 	C:\googledrive\projects\HackNC\xboxcontroller64.dll
0x00007ff9ea1d0000 - 0x00007ff9ea1d7000 	C:\WINDOWS\SYSTEM32\XINPUT9_1_0.dll
0x000000005e200000 - 0x000000005e298000 	C:\WINDOWS\SYSTEM32\MSVCP100.dll
0x00007ff9f4560000 - 0x00007ff9f460a000 	C:\WINDOWS\SYSTEM32\DNSAPI.dll
0x00007ff9ec690000 - 0x00007ff9ec69a000 	C:\Windows\System32\rasadhlp.dll
0x00007ff9ed220000 - 0x00007ff9ed287000 	C:\WINDOWS\System32\fwpuclnt.dll
0x00007ff9e9e00000 - 0x00007ff9e9e0e000 	C:\WINDOWS\SYSTEM32\XInput1_4.dll
0x00007ff9f4610000 - 0x00007ff9f4637000 	C:\WINDOWS\SYSTEM32\DEVOBJ.dll
0x000000005e060000 - 0x000000005e1f8000 	C:\Program Files\Java\jdk1.8.0_91\jre\bin\awt.dll
0x00007ff9f41e0000 - 0x00007ff9f4259000 	C:\WINDOWS\system32\apphelp.dll
0x00007ff9e9e90000 - 0x00007ff9e9fec000 	C:\Windows\System32\uiautomationcore.dll
0x00007ff9f59d0000 - 0x00007ff9f5a69000 	C:\WINDOWS\SYSTEM32\sxs.dll
0x00007ff9ea470000 - 0x00007ff9ea4da000 	C:\WINDOWS\SYSTEM32\OLEACC.dll
0x00007ff9f2250000 - 0x00007ff9f23dc000 	C:\WINDOWS\SYSTEM32\dbghelp.dll

VM Arguments:
jvm_args: -Dfile.encoding=UTF-8 
java_command: demoApp.Test
java_class_path (initial): C:\googledrive\projects\HackNC\bin;C:\googledrive\projects\HackNC\arcgis-java-sdk-100.0.0-beta-2\libs\arcgis-java-api.jar;C:\googledrive\projects\HackNC\arcgis-java-sdk-100.0.0-beta-2\libs\arcgis-java-javadoc.jar;C:\googledrive\projects\HackNC\arcgis-java-sdk-100.0.0-beta-2\libs\commons-codec-1.6.jar;C:\googledrive\projects\HackNC\arcgis-java-sdk-100.0.0-beta-2\libs\commons-logging-1.1.3.jar;C:\googledrive\projects\HackNC\arcgis-java-sdk-100.0.0-beta-2\libs\gson-2.3.1.jar;C:\googledrive\projects\HackNC\arcgis-java-sdk-100.0.0-beta-2\libs\httpclient-4.3.6.jar;C:\googledrive\projects\HackNC\arcgis-java-sdk-100.0.0-beta-2\libs\httpcore-4.3.3.jar;C:\googledrive\projects\HackNC\XboxController (1)\lib\jaw.jar;C:\googledrive\projects\HackNC\XboxController (1)\lib\XboxController.jar
Launcher Type: SUN_STANDARD

Environment Variables:
PATH=C:/Program Files/Java/jdk1.8.0_91/jre/bin/server;C:/Program Files/Java/jdk1.8.0_91/jre/bin;C:/Program Files/Java/jdk1.8.0_91/jre/lib/amd64;C:\ProgramData\Oracle\Java\javapath;C:\WINDOWS\system32;C:\WINDOWS;C:\WINDOWS\System32\Wbem;C:\WINDOWS\System32\WindowsPowerShell\v1.0\;C:\Program Files (x86)\PharosSystems\Core;C:\Program Files\Java\jdk1.8.0_73\bin;C:\Program Files\Java\jdk1.8.0_73\lib\tools.jar;C:\Program Files\Java\jdk1.8.0_73\lib\dt.jar;C:\Vagrant\bin;C:\Program Files (x86)\Calibre2\;C:\Program Files\nodejs\;C:\Program Files\wkhtmltopdf\bin;C:\Program Files (x86)\NVIDIA Corporation\PhysX\Common;C:\Users\Stephen\Anaconda2;C:\Users\Stephen\Anaconda2\Scripts;C:\Users\Stephen\Anaconda2\Library\bin;C:\Users\Stephen\AppData\Roaming\npm;C:\Users\Stephen\eclipse\java-neon2\eclipse;
USERNAME=Stephen
OS=Windows_NT
PROCESSOR_IDENTIFIER=Intel64 Family 6 Model 94 Stepping 3, GenuineIntel



---------------  S Y S T E M  ---------------

OS: Windows 10.0 , 64 bit Build 10586 (10.0.10586.0)

CPU:total 4 (4 cores per cpu, 1 threads per core) family 6 model 94 stepping 3, cmov, cx8, fxsr, mmx, sse, sse2, sse3, ssse3, sse4.1, sse4.2, popcnt, avx, avx2, aes, clmul, erms, rtm, 3dnowpref, lzcnt, tsc, tscinvbit, bmi1, bmi2, adx

Memory: 4k page, physical 8240396k(2679328k free), swap 13613156k(7462504k free)

vm_info: Java HotSpot(TM) 64-Bit Server VM (25.91-b15) for windows-amd64 JRE (1.8.0_91-b15), built on May 20 2016 17:43:15 by "java_re" with MS VC++ 10.0 (VS2010)

time: Sat Oct 29 21:22:53 2016
elapsed time: 31 seconds (0d 0h 0m 31s)

